<?xml version="1.0" encoding="UTF-8" ?>
<testsuite errors="0" failures="0" hostname="Blacklock" name="com.onb.orderingsystem.dao.jdbc.OrderItemDaoTest" tests="1" time="7.35" timestamp="2011-06-13T15:05:16">
  <properties>
[...]
</properties>
  <testcase classname="com.onb.orderingsystem.dao.jdbc.OrderItemDaoTest" name="testCreateOrderItem" time="7.195" />
  <system-out><![CDATA[23:05:15.774 [main] DEBUG org.dbunit.DBTestCase - getConnection() - start
23:05:15.803 [main] DEBUG org.dbunit.assertion.SimpleAssert - assertNotNullNorEmpty(propertyName=driverClass, property=com.mysql.jdbc.Driver) - start
23:05:15.815 [main] DEBUG org.dbunit.JdbcDatabaseTester - getConnection() - start
23:05:15.815 [main] DEBUG org.dbunit.assertion.SimpleAssert - assertNotNullNorEmpty(propertyName=connectionUrl, property=jdbc:mysql://127.0.0.1/orderingsystem_test) - start
23:05:16.085 [main] DEBUG org.dbunit.util.SQLHelper - isEscaped returns 'false' for tableName= (dbIdentifierQuoteString=`)
23:05:16.089 [main] DEBUG o.dbunit.database.DatabaseConnection - Database connection info: 
	database product name=MySQL
	database version=5.5.2-m2-community
	database major version=5
	database minor version=5
	jdbc driver name=MySQL-AB JDBC Driver
	jdbc driver version=mysql-connector-java-5.1.16 ( Revision: ${bzr.revision-id} )
	jdbc driver major version=5
	jdbc driver minor version=1

23:05:16.089 [main] DEBUG o.dbunit.database.DatabaseConnection - validateSchema(validateStrict=false) - start
23:05:16.092 [main] WARN  o.dbunit.database.DatabaseConnection - The given schema '' does not exist.
23:05:16.342 [main] DEBUG org.dbunit.DatabaseTestCase - setUp() - start
23:05:16.342 [main] DEBUG org.dbunit.AbstractDatabaseTester - setSetUpOperation(setUpOperation=org.dbunit.operation.CompositeOperation[_actions=[org.dbunit.operation.DeleteAllOperation@30d82d, org.dbunit.operation.InsertOperation[_reverseRowOrder=false, super=org.dbunit.operation.InsertOperation@c09554]]]) - start
23:05:16.344 [main] DEBUG o.d.d.xml.FlatXmlDataSetBuilder - Creating FlatXmlDataSet with builder parameters: org.dbunit.dataset.xml.FlatXmlDataSetBuilder[dtdMetadata=true, columnSensing=false, caseSensitiveTableNames=false, metaDataSet=null]
23:05:16.395 [main] DEBUG o.d.d.xml.FlatXmlDataSetBuilder - Creating FlatXmlProducer using the properties of this builder: org.dbunit.dataset.xml.FlatXmlDataSetBuilder[dtdMetadata=true, columnSensing=false, caseSensitiveTableNames=false, metaDataSet=null]
23:05:16.410 [main] DEBUG o.dbunit.dataset.xml.FlatXmlProducer - setConsumer(consumer) - start
23:05:16.410 [main] DEBUG o.dbunit.dataset.xml.FlatXmlProducer - produce() - start
23:05:16.418 [main] DEBUG o.dbunit.dataset.xml.FlatDtdProducer - setLexicalHandler(xmlReader=org.apache.xerces.parsers.SAXParser@18941f7, handler=org.dbunit.dataset.xml.FlatXmlProducer$FlatDtdHandler@49d67c) - start
23:05:16.418 [main] DEBUG o.dbunit.dataset.xml.FlatDtdProducer - setDeclHandler(xmlReader=org.apache.xerces.parsers.SAXParser@18941f7, handler=org.dbunit.dataset.xml.FlatXmlProducer$FlatDtdHandler@49d67c) - start
23:05:16.519 [main] DEBUG o.dbunit.dataset.xml.FlatXmlProducer - startElement(uri=, localName=, qName=dataset, attributes=org.apache.xerces.parsers.AbstractSAXParser$AttributesProxy@11ca803) - start
23:05:16.519 [main] DEBUG org.dbunit.dataset.CachedDataSet - startDataSet() - start
23:05:16.519 [main] DEBUG o.dbunit.dataset.xml.FlatXmlProducer - startElement(uri=, localName=, qName=customers, attributes=org.apache.xerces.parsers.AbstractSAXParser$AttributesProxy@11ca803) - start
23:05:16.519 [main] DEBUG o.dbunit.dataset.OrderedTableNameMap - getLastTableName() - start
23:05:16.600 [main] DEBUG o.dbunit.dataset.OrderedTableNameMap - isLastTable(tableName=customers) - start
23:05:16.600 [main] DEBUG o.dbunit.dataset.OrderedTableNameMap - getTableName(tableName=customers) - start
23:05:16.600 [main] DEBUG o.dbunit.dataset.OrderedTableNameMap - getTableName(tableName=customers) - end - result=CUSTOMERS
23:05:16.600 [main] DEBUG o.dbunit.dataset.xml.FlatXmlProducer - createTableMetaData(tableName=customers, attributes=org.apache.xerces.parsers.AbstractSAXParser$AttributesProxy@11ca803) - start
23:05:16.620 [main] DEBUG org.dbunit.dataset.Columns - getColumns(columnNames=[], columns=[(id, UNKNOWN, nullableUnknown), (name, UNKNOWN, nullableUnknown)]) - start
23:05:16.620 [main] DEBUG o.dbunit.dataset.OrderedTableNameMap - add(tableName=customers, object=tableName=customers, columns=[(id, UNKNOWN, nullableUnknown), (name, UNKNOWN, nullableUnknown)], keys=[]) - start
23:05:16.620 [main] DEBUG o.dbunit.dataset.OrderedTableNameMap - getTableName(tableName=customers) - start
23:05:16.620 [main] DEBUG o.dbunit.dataset.OrderedTableNameMap - getTableName(tableName=customers) - end - result=CUSTOMERS
23:05:16.705 [main] DEBUG o.dbunit.dataset.OrderedTableNameMap - getTableName(tableName=CUSTOMERS) - start
23:05:16.705 [main] DEBUG o.dbunit.dataset.OrderedTableNameMap - getTableName(tableName=CUSTOMERS) - end - result=CUSTOMERS
23:05:16.705 [main] DEBUG org.dbunit.dataset.CachedDataSet - startTable(metaData=tableName=customers, columns=[(id, UNKNOWN, nullableUnknown), (name, UNKNOWN, nullableUnknown)], keys=[]) - start
23:05:16.707 [main] DEBUG o.dbunit.dataset.OrderedTableNameMap - getLastTableName() - start
23:05:16.707 [main] DEBUG o.dbunit.dataset.OrderedTableNameMap - getTableName(tableName=customers) - start
23:05:16.707 [main] DEBUG o.dbunit.dataset.OrderedTableNameMap - getTableName(tableName=customers) - end - result=CUSTOMERS
23:05:16.707 [main] DEBUG o.d.dataset.AbstractTableMetaData - getColumnIndex(columnName=id) - start
23:05:16.708 [main] DEBUG o.d.dataset.AbstractTableMetaData - getColumnIndex(columnName=name) - start
23:05:16.708 [main] DEBUG o.dbunit.dataset.OrderedTableNameMap - getLastTableName() - start
23:05:16.708 [main] DEBUG o.dbunit.dataset.OrderedTableNameMap - getTableName(tableName=customers) - start
23:05:16.708 [main] DEBUG o.dbunit.dataset.OrderedTableNameMap - getTableName(tableName=customers) - end - result=CUSTOMERS
23:05:16.708 [main] DEBUG org.dbunit.dataset.CachedDataSet - row(values=1) - start
23:05:16.708 [main] DEBUG org.dbunit.dataset.DefaultTable - addRow(values=1) - start
23:05:16.708 [main] DEBUG o.dbunit.dataset.xml.FlatXmlProducer - endElement(uri=, localName=, qName=customers) - start
23:05:16.709 [main] DEBUG o.dbunit.dataset.xml.FlatXmlProducer - startElement(uri=, localName=, qName=customers, attributes=org.apache.xerces.parsers.AbstractSAXParser$AttributesProxy@11ca803) - start
23:05:16.709 [main] DEBUG o.dbunit.dataset.OrderedTableNameMap - getLastTableName() - start
23:05:16.710 [main] DEBUG o.dbunit.dataset.OrderedTableNameMap - getTableName(tableName=customers) - start
23:05:16.710 [main] DEBUG o.dbunit.dataset.OrderedTableNameMap - getTableName(tableName=customers) - end - result=CUSTOMERS
23:05:16.711 [main] DEBUG o.dbunit.dataset.OrderedTableNameMap - isLastTable(tableName=customers) - start
23:05:16.711 [main] DEBUG o.dbunit.dataset.OrderedTableNameMap - getLastTableName() - start
23:05:16.711 [main] DEBUG o.dbunit.dataset.OrderedTableNameMap - getTableName(tableName=customers) - start
23:05:16.711 [main] DEBUG o.dbunit.dataset.OrderedTableNameMap - getTableName(tableName=customers) - end - result=CUSTOMERS
23:05:16.711 [main] DEBUG o.dbunit.dataset.OrderedTableNameMap - getTableName(tableName=customers) - start
23:05:16.713 [main] DEBUG o.dbunit.dataset.OrderedTableNameMap - getTableName(tableName=customers) - end - result=CUSTOMERS
23:05:16.713 [main] DEBUG o.dbunit.dataset.OrderedTableNameMap - getLastTableName() - start
23:05:16.713 [main] DEBUG o.dbunit.dataset.OrderedTableNameMap - getTableName(tableName=customers) - start
23:05:16.713 [main] DEBUG o.dbunit.dataset.OrderedTableNameMap - getTableName(tableName=customers) - end - result=CUSTOMERS
23:05:16.713 [main] DEBUG o.d.dataset.AbstractTableMetaData - getColumnIndex(columnName=id) - start
23:05:16.714 [main] DEBUG o.d.dataset.AbstractTableMetaData - getColumnIndex(columnName=name) - start
23:05:16.714 [main] DEBUG o.dbunit.dataset.OrderedTableNameMap - getLastTableName() - start
23:05:16.714 [main] DEBUG o.dbunit.dataset.OrderedTableNameMap - getTableName(tableName=customers) - start
23:05:16.714 [main] DEBUG o.dbunit.dataset.OrderedTableNameMap - getTableName(tableName=customers) - end - result=CUSTOMERS
23:05:16.714 [main] DEBUG org.dbunit.dataset.CachedDataSet - row(values=2) - start
23:05:16.716 [main] DEBUG org.dbunit.dataset.DefaultTable - addRow(values=2) - start
23:05:16.716 [main] DEBUG o.dbunit.dataset.xml.FlatXmlProducer - endElement(uri=, localName=, qName=customers) - start
23:05:16.716 [main] DEBUG o.dbunit.dataset.xml.FlatXmlProducer - startElement(uri=, localName=, qName=customers, attributes=org.apache.xerces.parsers.AbstractSAXParser$AttributesProxy@11ca803) - start
23:05:16.716 [main] DEBUG o.dbunit.dataset.OrderedTableNameMap - getLastTableName() - start
23:05:16.716 [main] DEBUG o.dbunit.dataset.OrderedTableNameMap - getTableName(tableName=customers) - start
23:05:16.717 [main] DEBUG o.dbunit.dataset.OrderedTableNameMap - getTableName(tableName=customers) - end - result=CUSTOMERS
23:05:16.717 [main] DEBUG o.dbunit.dataset.OrderedTableNameMap - isLastTable(tableName=customers) - start
23:05:16.717 [main] DEBUG o.dbunit.dataset.OrderedTableNameMap - getLastTableName() - start
23:05:16.717 [main] DEBUG o.dbunit.dataset.OrderedTableNameMap - getTableName(tableName=customers) - start
23:05:16.717 [main] DEBUG o.dbunit.dataset.OrderedTableNameMap - getTableName(tableName=customers) - end - result=CUSTOMERS
23:05:16.719 [main] DEBUG o.dbunit.dataset.OrderedTableNameMap - getTableName(tableName=customers) - start
23:05:16.719 [main] DEBUG o.dbunit.dataset.OrderedTableNameMap - getTableName(tableName=customers) - end - result=CUSTOMERS
23:05:16.720 [main] DEBUG o.dbunit.dataset.OrderedTableNameMap - getLastTableName() - start
23:05:16.720 [main] DEBUG o.dbunit.dataset.OrderedTableNameMap - getTableName(tableName=customers) - start
23:05:16.720 [main] DEBUG o.dbunit.dataset.OrderedTableNameMap - getTableName(tableName=customers) - end - result=CUSTOMERS
23:05:16.721 [main] DEBUG o.d.dataset.AbstractTableMetaData - getColumnIndex(columnName=id) - start
23:05:16.721 [main] DEBUG o.d.dataset.AbstractTableMetaData - getColumnIndex(columnName=name) - start
23:05:16.721 [main] DEBUG o.dbunit.dataset.OrderedTableNameMap - getLastTableName() - start
23:05:16.721 [main] DEBUG o.dbunit.dataset.OrderedTableNameMap - getTableName(tableName=customers) - start
23:05:16.721 [main] DEBUG o.dbunit.dataset.OrderedTableNameMap - getTableName(tableName=customers) - end - result=CUSTOMERS
23:05:16.723 [main] DEBUG org.dbunit.dataset.CachedDataSet - row(values=3) - start
23:05:16.723 [main] DEBUG org.dbunit.dataset.DefaultTable - addRow(values=3) - start
23:05:16.723 [main] DEBUG o.dbunit.dataset.xml.FlatXmlProducer - endElement(uri=, localName=, qName=customers) - start
23:05:16.723 [main] DEBUG o.dbunit.dataset.xml.FlatXmlProducer - startElement(uri=, localName=, qName=customers, attributes=org.apache.xerces.parsers.AbstractSAXParser$AttributesProxy@11ca803) - start
23:05:16.723 [main] DEBUG o.dbunit.dataset.OrderedTableNameMap - getLastTableName() - start
23:05:16.724 [main] DEBUG o.dbunit.dataset.OrderedTableNameMap - getTableName(tableName=customers) - start
23:05:16.724 [main] DEBUG o.dbunit.dataset.OrderedTableNameMap - getTableName(tableName=customers) - end - result=CUSTOMERS
23:05:16.724 [main] DEBUG o.dbunit.dataset.OrderedTableNameMap - isLastTable(tableName=customers) - start
23:05:16.724 [main] DEBUG o.dbunit.dataset.OrderedTableNameMap - getLastTableName() - start
23:05:16.724 [main] DEBUG o.dbunit.dataset.OrderedTableNameMap - getTableName(tableName=customers) - start
23:05:16.726 [main] DEBUG o.dbunit.dataset.OrderedTableNameMap - getTableName(tableName=customers) - end - result=CUSTOMERS
23:05:16.726 [main] DEBUG o.dbunit.dataset.OrderedTableNameMap - getTableName(tableName=customers) - start
23:05:16.726 [main] DEBUG o.dbunit.dataset.OrderedTableNameMap - getTableName(tableName=customers) - end - result=CUSTOMERS
23:05:16.726 [main] DEBUG o.dbunit.dataset.OrderedTableNameMap - getLastTableName() - start
23:05:16.727 [main] DEBUG o.dbunit.dataset.OrderedTableNameMap - getTableName(tableName=customers) - start
23:05:16.728 [main] DEBUG o.dbunit.dataset.OrderedTableNameMap - getTableName(tableName=customers) - end - result=CUSTOMERS
23:05:16.728 [main] DEBUG o.d.dataset.AbstractTableMetaData - getColumnIndex(columnName=id) - start
23:05:16.728 [main] DEBUG o.d.dataset.AbstractTableMetaData - getColumnIndex(columnName=name) - start
23:05:16.728 [main] DEBUG o.dbunit.dataset.OrderedTableNameMap - getLastTableName() - start
23:05:16.728 [main] DEBUG o.dbunit.dataset.OrderedTableNameMap - getTableName(tableName=customers) - start
23:05:16.730 [main] DEBUG o.dbunit.dataset.OrderedTableNameMap - getTableName(tableName=customers) - end - result=CUSTOMERS
23:05:16.730 [main] DEBUG org.dbunit.dataset.CachedDataSet - row(values=4) - start
23:05:16.730 [main] DEBUG org.dbunit.dataset.DefaultTable - addRow(values=4) - start
23:05:16.730 [main] DEBUG o.dbunit.dataset.xml.FlatXmlProducer - endElement(uri=, localName=, qName=customers) - start
23:05:16.730 [main] DEBUG o.dbunit.dataset.xml.FlatXmlProducer - startElement(uri=, localName=, qName=customers, attributes=org.apache.xerces.parsers.AbstractSAXParser$AttributesProxy@11ca803) - start
23:05:16.731 [main] DEBUG o.dbunit.dataset.OrderedTableNameMap - getLastTableName() - start
23:05:16.731 [main] DEBUG o.dbunit.dataset.OrderedTableNameMap - getTableName(tableName=customers) - start
23:05:16.731 [main] DEBUG o.dbunit.dataset.OrderedTableNameMap - getTableName(tableName=customers) - end - result=CUSTOMERS
23:05:16.731 [main] DEBUG o.dbunit.dataset.OrderedTableNameMap - isLastTable(tableName=customers) - start
23:05:16.731 [main] DEBUG o.dbunit.dataset.OrderedTableNameMap - getLastTableName() - start
23:05:16.733 [main] DEBUG o.dbunit.dataset.OrderedTableNameMap - getTableName(tableName=customers) - start
23:05:16.733 [main] DEBUG o.dbunit.dataset.OrderedTableNameMap - getTableName(tableName=customers) - end - result=CUSTOMERS
23:05:16.733 [main] DEBUG o.dbunit.dataset.OrderedTableNameMap - getTableName(tableName=customers) - start
23:05:16.733 [main] DEBUG o.dbunit.dataset.OrderedTableNameMap - getTableName(tableName=customers) - end - result=CUSTOMERS
23:05:16.733 [main] DEBUG o.dbunit.dataset.OrderedTableNameMap - getLastTableName() - start
23:05:16.734 [main] DEBUG o.dbunit.dataset.OrderedTableNameMap - getTableName(tableName=customers) - start
23:05:16.735 [main] DEBUG o.dbunit.dataset.OrderedTableNameMap - getTableName(tableName=customers) - end - result=CUSTOMERS
23:05:16.735 [main] DEBUG o.d.dataset.AbstractTableMetaData - getColumnIndex(columnName=id) - start
23:05:16.735 [main] DEBUG o.d.dataset.AbstractTableMetaData - getColumnIndex(columnName=name) - start
23:05:16.735 [main] DEBUG o.dbunit.dataset.OrderedTableNameMap - getLastTableName() - start
23:05:16.736 [main] DEBUG o.dbunit.dataset.OrderedTableNameMap - getTableName(tableName=customers) - start
23:05:16.736 [main] DEBUG o.dbunit.dataset.OrderedTableNameMap - getTableName(tableName=customers) - end - result=CUSTOMERS
23:05:16.737 [main] DEBUG org.dbunit.dataset.CachedDataSet - row(values=5) - start
23:05:16.737 [main] DEBUG org.dbunit.dataset.DefaultTable - addRow(values=5) - start
23:05:16.737 [main] DEBUG o.dbunit.dataset.xml.FlatXmlProducer - endElement(uri=, localName=, qName=customers) - start
23:05:16.738 [main] DEBUG o.dbunit.dataset.xml.FlatXmlProducer - startElement(uri=, localName=, qName=customers, attributes=org.apache.xerces.parsers.AbstractSAXParser$AttributesProxy@11ca803) - start
23:05:16.738 [main] DEBUG o.dbunit.dataset.OrderedTableNameMap - getLastTableName() - start
23:05:16.738 [main] DEBUG o.dbunit.dataset.OrderedTableNameMap - getTableName(tableName=customers) - start
23:05:16.738 [main] DEBUG o.dbunit.dataset.OrderedTableNameMap - getTableName(tableName=customers) - end - result=CUSTOMERS
23:05:16.740 [main] DEBUG o.dbunit.dataset.OrderedTableNameMap - isLastTable(tableName=customers) - start
23:05:16.740 [main] DEBUG o.dbunit.dataset.OrderedTableNameMap - getLastTableName() - start
23:05:16.740 [main] DEBUG o.dbunit.dataset.OrderedTableNameMap - getTableName(tableName=customers) - start
23:05:16.740 [main] DEBUG o.dbunit.dataset.OrderedTableNameMap - getTableName(tableName=customers) - end - result=CUSTOMERS
23:05:16.740 [main] DEBUG o.dbunit.dataset.OrderedTableNameMap - getTableName(tableName=customers) - start
23:05:16.741 [main] DEBUG o.dbunit.dataset.OrderedTableNameMap - getTableName(tableName=customers) - end - result=CUSTOMERS
23:05:16.741 [main] DEBUG o.dbunit.dataset.OrderedTableNameMap - getLastTableName() - start
23:05:16.741 [main] DEBUG o.dbunit.dataset.OrderedTableNameMap - getTableName(tableName=customers) - start
23:05:16.741 [main] DEBUG o.dbunit.dataset.OrderedTableNameMap - getTableName(tableName=customers) - end - result=CUSTOMERS
23:05:16.742 [main] DEBUG o.d.dataset.AbstractTableMetaData - getColumnIndex(columnName=id) - start
23:05:16.743 [main] DEBUG o.d.dataset.AbstractTableMetaData - getColumnIndex(columnName=name) - start
23:05:16.743 [main] DEBUG o.dbunit.dataset.OrderedTableNameMap - getLastTableName() - start
23:05:16.743 [main] DEBUG o.dbunit.dataset.OrderedTableNameMap - getTableName(tableName=customers) - start
23:05:16.743 [main] DEBUG o.dbunit.dataset.OrderedTableNameMap - getTableName(tableName=customers) - end - result=CUSTOMERS
23:05:16.743 [main] DEBUG org.dbunit.dataset.CachedDataSet - row(values=6) - start
23:05:16.745 [main] DEBUG org.dbunit.dataset.DefaultTable - addRow(values=6) - start
23:05:16.745 [main] DEBUG o.dbunit.dataset.xml.FlatXmlProducer - endElement(uri=, localName=, qName=customers) - start
23:05:16.745 [main] DEBUG o.dbunit.dataset.xml.FlatXmlProducer - startElement(uri=, localName=, qName=products, attributes=org.apache.xerces.parsers.AbstractSAXParser$AttributesProxy@11ca803) - start
23:05:16.745 [main] DEBUG o.dbunit.dataset.OrderedTableNameMap - getLastTableName() - start
23:05:16.745 [main] DEBUG o.dbunit.dataset.OrderedTableNameMap - getTableName(tableName=customers) - start
23:05:16.746 [main] DEBUG o.dbunit.dataset.OrderedTableNameMap - getTableName(tableName=customers) - end - result=CUSTOMERS
23:05:16.746 [main] DEBUG o.dbunit.dataset.OrderedTableNameMap - isLastTable(tableName=products) - start
23:05:16.746 [main] DEBUG o.dbunit.dataset.OrderedTableNameMap - getLastTableName() - start
23:05:16.746 [main] DEBUG o.dbunit.dataset.OrderedTableNameMap - getTableName(tableName=customers) - start
23:05:16.746 [main] DEBUG o.dbunit.dataset.OrderedTableNameMap - getTableName(tableName=customers) - end - result=CUSTOMERS
23:05:16.748 [main] DEBUG o.dbunit.dataset.OrderedTableNameMap - getTableName(tableName=products) - start
23:05:16.748 [main] DEBUG o.dbunit.dataset.OrderedTableNameMap - getTableName(tableName=products) - end - result=PRODUCTS
23:05:16.749 [main] DEBUG org.dbunit.dataset.CachedDataSet - endTable() - start
23:05:16.749 [main] DEBUG o.dbunit.dataset.OrderedTableNameMap - getTableName(tableName=customers) - start
23:05:16.749 [main] DEBUG o.dbunit.dataset.OrderedTableNameMap - getTableName(tableName=customers) - end - result=CUSTOMERS
23:05:16.750 [main] DEBUG o.dbunit.dataset.OrderedTableNameMap - add(tableName=customers, object=org.dbunit.dataset.DefaultTable[_metaData=tableName=customers, columns=[(id, UNKNOWN, nullableUnknown), (name, UNKNOWN, nullableUnknown)], keys=[], _rowList.size()=6]) - start
23:05:16.750 [main] DEBUG o.dbunit.dataset.OrderedTableNameMap - getTableName(tableName=customers) - start
23:05:16.750 [main] DEBUG o.dbunit.dataset.OrderedTableNameMap - getTableName(tableName=customers) - end - result=CUSTOMERS
23:05:16.750 [main] DEBUG o.dbunit.dataset.OrderedTableNameMap - getTableName(tableName=CUSTOMERS) - start
23:05:16.752 [main] DEBUG o.dbunit.dataset.OrderedTableNameMap - getTableName(tableName=CUSTOMERS) - end - result=CUSTOMERS
23:05:16.752 [main] DEBUG o.dbunit.dataset.OrderedTableNameMap - getTableName(tableName=products) - start
23:05:16.752 [main] DEBUG o.dbunit.dataset.OrderedTableNameMap - getTableName(tableName=products) - end - result=PRODUCTS
23:05:16.752 [main] DEBUG o.dbunit.dataset.xml.FlatXmlProducer - createTableMetaData(tableName=products, attributes=org.apache.xerces.parsers.AbstractSAXParser$AttributesProxy@11ca803) - start
23:05:16.753 [main] DEBUG org.dbunit.dataset.Columns - getColumns(columnNames=[], columns=[(sku_number, UNKNOWN, nullableUnknown), (name, UNKNOWN, nullableUnknown), (amount, UNKNOWN, nullableUnknown)]) - start
23:05:16.753 [main] DEBUG o.dbunit.dataset.OrderedTableNameMap - add(tableName=products, object=tableName=products, columns=[(sku_number, UNKNOWN, nullableUnknown), (name, UNKNOWN, nullableUnknown), (amount, UNKNOWN, nullableUnknown)], keys=[]) - start
23:05:16.753 [main] DEBUG o.dbunit.dataset.OrderedTableNameMap - getTableName(tableName=products) - start
23:05:16.755 [main] DEBUG o.dbunit.dataset.OrderedTableNameMap - getTableName(tableName=products) - end - result=PRODUCTS
23:05:16.755 [main] DEBUG o.dbunit.dataset.OrderedTableNameMap - getTableName(tableName=PRODUCTS) - start
23:05:16.755 [main] DEBUG o.dbunit.dataset.OrderedTableNameMap - getTableName(tableName=PRODUCTS) - end - result=PRODUCTS
23:05:16.755 [main] DEBUG org.dbunit.dataset.CachedDataSet - startTable(metaData=tableName=products, columns=[(sku_number, UNKNOWN, nullableUnknown), (name, UNKNOWN, nullableUnknown), (amount, UNKNOWN, nullableUnknown)], keys=[]) - start
23:05:16.756 [main] DEBUG o.dbunit.dataset.OrderedTableNameMap - getLastTableName() - start
23:05:16.756 [main] DEBUG o.dbunit.dataset.OrderedTableNameMap - getTableName(tableName=products) - start
23:05:16.756 [main] DEBUG o.dbunit.dataset.OrderedTableNameMap - getTableName(tableName=products) - end - result=PRODUCTS
23:05:16.756 [main] DEBUG o.d.dataset.AbstractTableMetaData - getColumnIndex(columnName=sku_number) - start
23:05:16.756 [main] DEBUG o.d.dataset.AbstractTableMetaData - getColumnIndex(columnName=name) - start
23:05:16.758 [main] DEBUG o.d.dataset.AbstractTableMetaData - getColumnIndex(columnName=amount) - start
23:05:16.758 [main] DEBUG o.dbunit.dataset.OrderedTableNameMap - getLastTableName() - start
23:05:16.758 [main] DEBUG o.dbunit.dataset.OrderedTableNameMap - getTableName(tableName=products) - start
23:05:16.758 [main] DEBUG o.dbunit.dataset.OrderedTableNameMap - getTableName(tableName=products) - end - result=PRODUCTS
23:05:16.758 [main] DEBUG org.dbunit.dataset.CachedDataSet - row(values=1) - start
23:05:16.758 [main] DEBUG org.dbunit.dataset.DefaultTable - addRow(values=1) - start
23:05:16.760 [main] DEBUG o.dbunit.dataset.xml.FlatXmlProducer - endElement(uri=, localName=, qName=products) - start
23:05:16.760 [main] DEBUG o.dbunit.dataset.xml.FlatXmlProducer - startElement(uri=, localName=, qName=products, attributes=org.apache.xerces.parsers.AbstractSAXParser$AttributesProxy@11ca803) - start
23:05:16.760 [main] DEBUG o.dbunit.dataset.OrderedTableNameMap - getLastTableName() - start
23:05:16.760 [main] DEBUG o.dbunit.dataset.OrderedTableNameMap - getTableName(tableName=products) - start
23:05:16.761 [main] DEBUG o.dbunit.dataset.OrderedTableNameMap - getTableName(tableName=products) - end - result=PRODUCTS
23:05:16.761 [main] DEBUG o.dbunit.dataset.OrderedTableNameMap - isLastTable(tableName=products) - start
23:05:16.762 [main] DEBUG o.dbunit.dataset.OrderedTableNameMap - getLastTableName() - start
23:05:16.762 [main] DEBUG o.dbunit.dataset.OrderedTableNameMap - getTableName(tableName=products) - start
23:05:16.762 [main] DEBUG o.dbunit.dataset.OrderedTableNameMap - getTableName(tableName=products) - end - result=PRODUCTS
23:05:16.763 [main] DEBUG o.dbunit.dataset.OrderedTableNameMap - getTableName(tableName=products) - start
23:05:16.763 [main] DEBUG o.dbunit.dataset.OrderedTableNameMap - getTableName(tableName=products) - end - result=PRODUCTS
23:05:16.763 [main] DEBUG o.dbunit.dataset.OrderedTableNameMap - getLastTableName() - start
23:05:16.763 [main] DEBUG o.dbunit.dataset.OrderedTableNameMap - getTableName(tableName=products) - start
23:05:16.763 [main] DEBUG o.dbunit.dataset.OrderedTableNameMap - getTableName(tableName=products) - end - result=PRODUCTS
23:05:16.765 [main] DEBUG o.d.dataset.AbstractTableMetaData - getColumnIndex(columnName=sku_number) - start
23:05:16.765 [main] DEBUG o.d.dataset.AbstractTableMetaData - getColumnIndex(columnName=name) - start
23:05:16.765 [main] DEBUG o.d.dataset.AbstractTableMetaData - getColumnIndex(columnName=amount) - start
23:05:16.765 [main] DEBUG o.dbunit.dataset.OrderedTableNameMap - getLastTableName() - start
23:05:16.765 [main] DEBUG o.dbunit.dataset.OrderedTableNameMap - getTableName(tableName=products) - start
23:05:16.766 [main] DEBUG o.dbunit.dataset.OrderedTableNameMap - getTableName(tableName=products) - end - result=PRODUCTS
23:05:16.766 [main] DEBUG org.dbunit.dataset.CachedDataSet - row(values=2) - start
23:05:16.766 [main] DEBUG org.dbunit.dataset.DefaultTable - addRow(values=2) - start
23:05:16.767 [main] DEBUG o.dbunit.dataset.xml.FlatXmlProducer - endElement(uri=, localName=, qName=products) - start
23:05:16.767 [main] DEBUG o.dbunit.dataset.xml.FlatXmlProducer - startElement(uri=, localName=, qName=products, attributes=org.apache.xerces.parsers.AbstractSAXParser$AttributesProxy@11ca803) - start
23:05:16.768 [main] DEBUG o.dbunit.dataset.OrderedTableNameMap - getLastTableName() - start
23:05:16.768 [main] DEBUG o.dbunit.dataset.OrderedTableNameMap - getTableName(tableName=products) - start
23:05:16.768 [main] DEBUG o.dbunit.dataset.OrderedTableNameMap - getTableName(tableName=products) - end - result=PRODUCTS
23:05:16.768 [main] DEBUG o.dbunit.dataset.OrderedTableNameMap - isLastTable(tableName=products) - start
23:05:16.768 [main] DEBUG o.dbunit.dataset.OrderedTableNameMap - getLastTableName() - start
23:05:16.769 [main] DEBUG o.dbunit.dataset.OrderedTableNameMap - getTableName(tableName=products) - start
23:05:16.770 [main] DEBUG o.dbunit.dataset.OrderedTableNameMap - getTableName(tableName=products) - end - result=PRODUCTS
23:05:16.770 [main] DEBUG o.dbunit.dataset.OrderedTableNameMap - getTableName(tableName=products) - start
23:05:16.770 [main] DEBUG o.dbunit.dataset.OrderedTableNameMap - getTableName(tableName=products) - end - result=PRODUCTS
23:05:16.770 [main] DEBUG o.dbunit.dataset.OrderedTableNameMap - getLastTableName() - start
23:05:16.772 [main] DEBUG o.dbunit.dataset.OrderedTableNameMap - getTableName(tableName=products) - start
23:05:16.772 [main] DEBUG o.dbunit.dataset.OrderedTableNameMap - getTableName(tableName=products) - end - result=PRODUCTS
23:05:16.772 [main] DEBUG o.d.dataset.AbstractTableMetaData - getColumnIndex(columnName=sku_number) - start
23:05:16.772 [main] DEBUG o.d.dataset.AbstractTableMetaData - getColumnIndex(columnName=name) - start
23:05:16.772 [main] DEBUG o.d.dataset.AbstractTableMetaData - getColumnIndex(columnName=amount) - start
23:05:16.773 [main] DEBUG o.dbunit.dataset.OrderedTableNameMap - getLastTableName() - start
23:05:16.773 [main] DEBUG o.dbunit.dataset.OrderedTableNameMap - getTableName(tableName=products) - start
23:05:16.773 [main] DEBUG o.dbunit.dataset.OrderedTableNameMap - getTableName(tableName=products) - end - result=PRODUCTS
23:05:16.773 [main] DEBUG org.dbunit.dataset.CachedDataSet - row(values=3) - start
23:05:16.773 [main] DEBUG org.dbunit.dataset.DefaultTable - addRow(values=3) - start
23:05:16.773 [main] DEBUG o.dbunit.dataset.xml.FlatXmlProducer - endElement(uri=, localName=, qName=products) - start
23:05:16.775 [main] DEBUG o.dbunit.dataset.xml.FlatXmlProducer - startElement(uri=, localName=, qName=products, attributes=org.apache.xerces.parsers.AbstractSAXParser$AttributesProxy@11ca803) - start
23:05:16.775 [main] DEBUG o.dbunit.dataset.OrderedTableNameMap - getLastTableName() - start
23:05:16.775 [main] DEBUG o.dbunit.dataset.OrderedTableNameMap - getTableName(tableName=products) - start
23:05:16.775 [main] DEBUG o.dbunit.dataset.OrderedTableNameMap - getTableName(tableName=products) - end - result=PRODUCTS
23:05:16.777 [main] DEBUG o.dbunit.dataset.OrderedTableNameMap - isLastTable(tableName=products) - start
23:05:16.777 [main] DEBUG o.dbunit.dataset.OrderedTableNameMap - getLastTableName() - start
23:05:16.777 [main] DEBUG o.dbunit.dataset.OrderedTableNameMap - getTableName(tableName=products) - start
23:05:16.777 [main] DEBUG o.dbunit.dataset.OrderedTableNameMap - getTableName(tableName=products) - end - result=PRODUCTS
23:05:16.777 [main] DEBUG o.dbunit.dataset.OrderedTableNameMap - getTableName(tableName=products) - start
23:05:16.778 [main] DEBUG o.dbunit.dataset.OrderedTableNameMap - getTableName(tableName=products) - end - result=PRODUCTS
23:05:16.779 [main] DEBUG o.dbunit.dataset.OrderedTableNameMap - getLastTableName() - start
23:05:16.779 [main] DEBUG o.dbunit.dataset.OrderedTableNameMap - getTableName(tableName=products) - start
23:05:16.779 [main] DEBUG o.dbunit.dataset.OrderedTableNameMap - getTableName(tableName=products) - end - result=PRODUCTS
23:05:16.779 [main] DEBUG o.d.dataset.AbstractTableMetaData - getColumnIndex(columnName=sku_number) - start
23:05:16.780 [main] DEBUG o.d.dataset.AbstractTableMetaData - getColumnIndex(columnName=name) - start
23:05:16.780 [main] DEBUG o.d.dataset.AbstractTableMetaData - getColumnIndex(columnName=amount) - start
23:05:16.781 [main] DEBUG o.dbunit.dataset.OrderedTableNameMap - getLastTableName() - start
23:05:16.781 [main] DEBUG o.dbunit.dataset.OrderedTableNameMap - getTableName(tableName=products) - start
23:05:16.781 [main] DEBUG o.dbunit.dataset.OrderedTableNameMap - getTableName(tableName=products) - end - result=PRODUCTS
23:05:16.782 [main] DEBUG org.dbunit.dataset.CachedDataSet - row(values=4) - start
23:05:16.782 [main] DEBUG org.dbunit.dataset.DefaultTable - addRow(values=4) - start
23:05:16.782 [main] DEBUG o.dbunit.dataset.xml.FlatXmlProducer - endElement(uri=, localName=, qName=products) - start
23:05:16.782 [main] DEBUG o.dbunit.dataset.xml.FlatXmlProducer - startElement(uri=, localName=, qName=orders, attributes=org.apache.xerces.parsers.AbstractSAXParser$AttributesProxy@11ca803) - start
23:05:16.782 [main] DEBUG o.dbunit.dataset.OrderedTableNameMap - getLastTableName() - start
23:05:16.783 [main] DEBUG o.dbunit.dataset.OrderedTableNameMap - getTableName(tableName=products) - start
23:05:16.783 [main] DEBUG o.dbunit.dataset.OrderedTableNameMap - getTableName(tableName=products) - end - result=PRODUCTS
23:05:16.783 [main] DEBUG o.dbunit.dataset.OrderedTableNameMap - isLastTable(tableName=orders) - start
23:05:16.783 [main] DEBUG o.dbunit.dataset.OrderedTableNameMap - getLastTableName() - start
23:05:16.783 [main] DEBUG o.dbunit.dataset.OrderedTableNameMap - getTableName(tableName=products) - start
23:05:16.785 [main] DEBUG o.dbunit.dataset.OrderedTableNameMap - getTableName(tableName=products) - end - result=PRODUCTS
23:05:16.785 [main] DEBUG o.dbunit.dataset.OrderedTableNameMap - getTableName(tableName=orders) - start
23:05:16.785 [main] DEBUG o.dbunit.dataset.OrderedTableNameMap - getTableName(tableName=orders) - end - result=ORDERS
23:05:16.785 [main] DEBUG org.dbunit.dataset.CachedDataSet - endTable() - start
23:05:16.785 [main] DEBUG o.dbunit.dataset.OrderedTableNameMap - getTableName(tableName=products) - start
23:05:16.787 [main] DEBUG o.dbunit.dataset.OrderedTableNameMap - getTableName(tableName=products) - end - result=PRODUCTS
23:05:16.787 [main] DEBUG o.dbunit.dataset.OrderedTableNameMap - add(tableName=products, object=org.dbunit.dataset.DefaultTable[_metaData=tableName=products, columns=[(sku_number, UNKNOWN, nullableUnknown), (name, UNKNOWN, nullableUnknown), (amount, UNKNOWN, nullableUnknown)], keys=[], _rowList.size()=4]) - start
23:05:16.787 [main] DEBUG o.dbunit.dataset.OrderedTableNameMap - getTableName(tableName=products) - start
23:05:16.788 [main] DEBUG o.dbunit.dataset.OrderedTableNameMap - getTableName(tableName=products) - end - result=PRODUCTS
23:05:16.789 [main] DEBUG o.dbunit.dataset.OrderedTableNameMap - getTableName(tableName=PRODUCTS) - start
23:05:16.789 [main] DEBUG o.dbunit.dataset.OrderedTableNameMap - getTableName(tableName=PRODUCTS) - end - result=PRODUCTS
23:05:16.789 [main] DEBUG o.dbunit.dataset.OrderedTableNameMap - getTableName(tableName=orders) - start
23:05:16.789 [main] DEBUG o.dbunit.dataset.OrderedTableNameMap - getTableName(tableName=orders) - end - result=ORDERS
23:05:16.790 [main] DEBUG o.dbunit.dataset.xml.FlatXmlProducer - createTableMetaData(tableName=orders, attributes=org.apache.xerces.parsers.AbstractSAXParser$AttributesProxy@11ca803) - start
23:05:16.790 [main] DEBUG org.dbunit.dataset.Columns - getColumns(columnNames=[], columns=[(order_number, UNKNOWN, nullableUnknown), (customer_id, UNKNOWN, nullableUnknown), (date, UNKNOWN, nullableUnknown), (amount, UNKNOWN, nullableUnknown), (order_status, UNKNOWN, nullableUnknown), (discount_status, UNKNOWN, nullableUnknown)]) - start
23:05:16.791 [main] DEBUG o.dbunit.dataset.OrderedTableNameMap - add(tableName=orders, object=tableName=orders, columns=[(order_number, UNKNOWN, nullableUnknown), (customer_id, UNKNOWN, nullableUnknown), (date, UNKNOWN, nullableUnknown), (amount, UNKNOWN, nullableUnknown), (order_status, UNKNOWN, nullableUnknown), (discount_status, UNKNOWN, nullableUnknown)], keys=[]) - start
23:05:16.792 [main] DEBUG o.dbunit.dataset.OrderedTableNameMap - getTableName(tableName=orders) - start
23:05:16.792 [main] DEBUG o.dbunit.dataset.OrderedTableNameMap - getTableName(tableName=orders) - end - result=ORDERS
23:05:16.793 [main] DEBUG o.dbunit.dataset.OrderedTableNameMap - getTableName(tableName=ORDERS) - start
23:05:16.793 [main] DEBUG o.dbunit.dataset.OrderedTableNameMap - getTableName(tableName=ORDERS) - end - result=ORDERS
23:05:16.793 [main] DEBUG org.dbunit.dataset.CachedDataSet - startTable(metaData=tableName=orders, columns=[(order_number, UNKNOWN, nullableUnknown), (customer_id, UNKNOWN, nullableUnknown), (date, UNKNOWN, nullableUnknown), (amount, UNKNOWN, nullableUnknown), (order_status, UNKNOWN, nullableUnknown), (discount_status, UNKNOWN, nullableUnknown)], keys=[]) - start
23:05:16.795 [main] DEBUG o.dbunit.dataset.OrderedTableNameMap - getLastTableName() - start
23:05:16.795 [main] DEBUG o.dbunit.dataset.OrderedTableNameMap - getTableName(tableName=orders) - start
23:05:16.795 [main] DEBUG o.dbunit.dataset.OrderedTableNameMap - getTableName(tableName=orders) - end - result=ORDERS
23:05:16.795 [main] DEBUG o.d.dataset.AbstractTableMetaData - getColumnIndex(columnName=order_number) - start
23:05:16.795 [main] DEBUG o.d.dataset.AbstractTableMetaData - getColumnIndex(columnName=customer_id) - start
23:05:16.796 [main] DEBUG o.d.dataset.AbstractTableMetaData - getColumnIndex(columnName=date) - start
23:05:16.796 [main] DEBUG o.d.dataset.AbstractTableMetaData - getColumnIndex(columnName=amount) - start
23:05:16.796 [main] DEBUG o.d.dataset.AbstractTableMetaData - getColumnIndex(columnName=order_status) - start
23:05:16.796 [main] DEBUG o.d.dataset.AbstractTableMetaData - getColumnIndex(columnName=discount_status) - start
23:05:16.796 [main] DEBUG o.dbunit.dataset.OrderedTableNameMap - getLastTableName() - start
23:05:16.798 [main] DEBUG o.dbunit.dataset.OrderedTableNameMap - getTableName(tableName=orders) - start
23:05:16.798 [main] DEBUG o.dbunit.dataset.OrderedTableNameMap - getTableName(tableName=orders) - end - result=ORDERS
23:05:16.798 [main] DEBUG org.dbunit.dataset.CachedDataSet - row(values=1) - start
23:05:16.798 [main] DEBUG org.dbunit.dataset.DefaultTable - addRow(values=1) - start
23:05:16.798 [main] DEBUG o.dbunit.dataset.xml.FlatXmlProducer - endElement(uri=, localName=, qName=orders) - start
23:05:16.798 [main] DEBUG o.dbunit.dataset.xml.FlatXmlProducer - startElement(uri=, localName=, qName=order_items, attributes=org.apache.xerces.parsers.AbstractSAXParser$AttributesProxy@11ca803) - start
23:05:16.799 [main] DEBUG o.dbunit.dataset.OrderedTableNameMap - getLastTableName() - start
23:05:16.799 [main] DEBUG o.dbunit.dataset.OrderedTableNameMap - getTableName(tableName=orders) - start
23:05:16.799 [main] DEBUG o.dbunit.dataset.OrderedTableNameMap - getTableName(tableName=orders) - end - result=ORDERS
23:05:16.799 [main] DEBUG o.dbunit.dataset.OrderedTableNameMap - isLastTable(tableName=order_items) - start
23:05:16.800 [main] DEBUG o.dbunit.dataset.OrderedTableNameMap - getLastTableName() - start
23:05:16.802 [main] DEBUG o.dbunit.dataset.OrderedTableNameMap - getTableName(tableName=orders) - start
23:05:16.803 [main] DEBUG o.dbunit.dataset.OrderedTableNameMap - getTableName(tableName=orders) - end - result=ORDERS
23:05:16.803 [main] DEBUG o.dbunit.dataset.OrderedTableNameMap - getTableName(tableName=order_items) - start
23:05:16.803 [main] DEBUG o.dbunit.dataset.OrderedTableNameMap - getTableName(tableName=order_items) - end - result=ORDER_ITEMS
23:05:16.803 [main] DEBUG org.dbunit.dataset.CachedDataSet - endTable() - start
23:05:16.804 [main] DEBUG o.dbunit.dataset.OrderedTableNameMap - getTableName(tableName=orders) - start
23:05:16.805 [main] DEBUG o.dbunit.dataset.OrderedTableNameMap - getTableName(tableName=orders) - end - result=ORDERS
23:05:16.805 [main] DEBUG o.dbunit.dataset.OrderedTableNameMap - add(tableName=orders, object=org.dbunit.dataset.DefaultTable[_metaData=tableName=orders, columns=[(order_number, UNKNOWN, nullableUnknown), (customer_id, UNKNOWN, nullableUnknown), (date, UNKNOWN, nullableUnknown), (amount, UNKNOWN, nullableUnknown), (order_status, UNKNOWN, nullableUnknown), (discount_status, UNKNOWN, nullableUnknown)], keys=[], _rowList.size()=1]) - start
23:05:16.807 [main] DEBUG o.dbunit.dataset.OrderedTableNameMap - getTableName(tableName=orders) - start
23:05:16.808 [main] DEBUG o.dbunit.dataset.OrderedTableNameMap - getTableName(tableName=orders) - end - result=ORDERS
23:05:16.809 [main] DEBUG o.dbunit.dataset.OrderedTableNameMap - getTableName(tableName=ORDERS) - start
23:05:16.809 [main] DEBUG o.dbunit.dataset.OrderedTableNameMap - getTableName(tableName=ORDERS) - end - result=ORDERS
23:05:16.809 [main] DEBUG o.dbunit.dataset.OrderedTableNameMap - getTableName(tableName=order_items) - start
23:05:16.907 [main] DEBUG o.dbunit.dataset.OrderedTableNameMap - getTableName(tableName=order_items) - end - result=ORDER_ITEMS
23:05:16.907 [main] DEBUG o.dbunit.dataset.xml.FlatXmlProducer - createTableMetaData(tableName=order_items, attributes=org.apache.xerces.parsers.AbstractSAXParser$AttributesProxy@11ca803) - start
23:05:16.907 [main] DEBUG org.dbunit.dataset.Columns - getColumns(columnNames=[], columns=[(id, UNKNOWN, nullableUnknown), (order_order_number, UNKNOWN, nullableUnknown), (product_sku_number, UNKNOWN, nullableUnknown), (quantity, UNKNOWN, nullableUnknown)]) - start
23:05:16.908 [main] DEBUG o.dbunit.dataset.OrderedTableNameMap - add(tableName=order_items, object=tableName=order_items, columns=[(id, UNKNOWN, nullableUnknown), (order_order_number, UNKNOWN, nullableUnknown), (product_sku_number, UNKNOWN, nullableUnknown), (quantity, UNKNOWN, nullableUnknown)], keys=[]) - start
23:05:16.908 [main] DEBUG o.dbunit.dataset.OrderedTableNameMap - getTableName(tableName=order_items) - start
23:05:16.908 [main] DEBUG o.dbunit.dataset.OrderedTableNameMap - getTableName(tableName=order_items) - end - result=ORDER_ITEMS
23:05:16.910 [main] DEBUG o.dbunit.dataset.OrderedTableNameMap - getTableName(tableName=ORDER_ITEMS) - start
23:05:16.910 [main] DEBUG o.dbunit.dataset.OrderedTableNameMap - getTableName(tableName=ORDER_ITEMS) - end - result=ORDER_ITEMS
23:05:16.910 [main] DEBUG org.dbunit.dataset.CachedDataSet - startTable(metaData=tableName=order_items, columns=[(id, UNKNOWN, nullableUnknown), (order_order_number, UNKNOWN, nullableUnknown), (product_sku_number, UNKNOWN, nullableUnknown), (quantity, UNKNOWN, nullableUnknown)], keys=[]) - start
23:05:16.911 [main] DEBUG o.dbunit.dataset.OrderedTableNameMap - getLastTableName() - start
23:05:16.911 [main] DEBUG o.dbunit.dataset.OrderedTableNameMap - getTableName(tableName=order_items) - start
23:05:16.911 [main] DEBUG o.dbunit.dataset.OrderedTableNameMap - getTableName(tableName=order_items) - end - result=ORDER_ITEMS
23:05:16.913 [main] DEBUG o.d.dataset.AbstractTableMetaData - getColumnIndex(columnName=id) - start
23:05:16.913 [main] DEBUG o.d.dataset.AbstractTableMetaData - getColumnIndex(columnName=order_order_number) - start
23:05:16.913 [main] DEBUG o.d.dataset.AbstractTableMetaData - getColumnIndex(columnName=product_sku_number) - start
23:05:16.913 [main] DEBUG o.d.dataset.AbstractTableMetaData - getColumnIndex(columnName=quantity) - start
23:05:16.913 [main] DEBUG o.dbunit.dataset.OrderedTableNameMap - getLastTableName() - start
23:05:16.913 [main] DEBUG o.dbunit.dataset.OrderedTableNameMap - getTableName(tableName=order_items) - start
23:05:16.913 [main] DEBUG o.dbunit.dataset.OrderedTableNameMap - getTableName(tableName=order_items) - end - result=ORDER_ITEMS
23:05:16.914 [main] DEBUG org.dbunit.dataset.CachedDataSet - row(values=1) - start
23:05:16.914 [main] DEBUG org.dbunit.dataset.DefaultTable - addRow(values=1) - start
23:05:16.914 [main] DEBUG o.dbunit.dataset.xml.FlatXmlProducer - endElement(uri=, localName=, qName=order_items) - start
23:05:16.915 [main] DEBUG o.dbunit.dataset.xml.FlatXmlProducer - startElement(uri=, localName=, qName=orders, attributes=org.apache.xerces.parsers.AbstractSAXParser$AttributesProxy@11ca803) - start
23:05:16.915 [main] DEBUG o.dbunit.dataset.OrderedTableNameMap - getLastTableName() - start
23:05:16.915 [main] DEBUG o.dbunit.dataset.OrderedTableNameMap - getTableName(tableName=order_items) - start
23:05:16.915 [main] DEBUG o.dbunit.dataset.OrderedTableNameMap - getTableName(tableName=order_items) - end - result=ORDER_ITEMS
23:05:16.917 [main] DEBUG o.dbunit.dataset.OrderedTableNameMap - isLastTable(tableName=orders) - start
23:05:16.917 [main] DEBUG o.dbunit.dataset.OrderedTableNameMap - getLastTableName() - start
23:05:16.917 [main] DEBUG o.dbunit.dataset.OrderedTableNameMap - getTableName(tableName=order_items) - start
23:05:16.917 [main] DEBUG o.dbunit.dataset.OrderedTableNameMap - getTableName(tableName=order_items) - end - result=ORDER_ITEMS
23:05:16.917 [main] DEBUG o.dbunit.dataset.OrderedTableNameMap - getTableName(tableName=orders) - start
23:05:16.919 [main] DEBUG o.dbunit.dataset.OrderedTableNameMap - getTableName(tableName=orders) - end - result=ORDERS
23:05:16.919 [main] DEBUG org.dbunit.dataset.CachedDataSet - endTable() - start
23:05:16.919 [main] DEBUG o.dbunit.dataset.OrderedTableNameMap - getTableName(tableName=order_items) - start
23:05:16.919 [main] DEBUG o.dbunit.dataset.OrderedTableNameMap - getTableName(tableName=order_items) - end - result=ORDER_ITEMS
23:05:16.919 [main] DEBUG o.dbunit.dataset.OrderedTableNameMap - add(tableName=order_items, object=org.dbunit.dataset.DefaultTable[_metaData=tableName=order_items, columns=[(id, UNKNOWN, nullableUnknown), (order_order_number, UNKNOWN, nullableUnknown), (product_sku_number, UNKNOWN, nullableUnknown), (quantity, UNKNOWN, nullableUnknown)], keys=[], _rowList.size()=1]) - start
23:05:16.920 [main] DEBUG o.dbunit.dataset.OrderedTableNameMap - getTableName(tableName=order_items) - start
23:05:16.920 [main] DEBUG o.dbunit.dataset.OrderedTableNameMap - getTableName(tableName=order_items) - end - result=ORDER_ITEMS
23:05:16.920 [main] DEBUG o.dbunit.dataset.OrderedTableNameMap - getTableName(tableName=ORDER_ITEMS) - start
23:05:16.921 [main] DEBUG o.dbunit.dataset.OrderedTableNameMap - getTableName(tableName=ORDER_ITEMS) - end - result=ORDER_ITEMS
23:05:16.921 [main] DEBUG o.dbunit.dataset.OrderedTableNameMap - getTableName(tableName=orders) - start
23:05:16.922 [main] DEBUG o.dbunit.dataset.OrderedTableNameMap - getTableName(tableName=orders) - end - result=ORDERS
23:05:16.922 [main] DEBUG o.dbunit.dataset.OrderedTableNameMap - getTableName(tableName=orders) - start
23:05:16.922 [main] DEBUG o.dbunit.dataset.OrderedTableNameMap - getTableName(tableName=orders) - end - result=ORDERS
23:05:16.922 [main] DEBUG o.dbunit.dataset.OrderedTableNameMap - setLastTable(nameorders) - start
23:05:16.922 [main] DEBUG o.dbunit.dataset.OrderedTableNameMap - getTableName(tableName=orders) - start
23:05:16.924 [main] DEBUG o.dbunit.dataset.OrderedTableNameMap - getTableName(tableName=orders) - end - result=ORDERS
23:05:16.924 [main] DEBUG org.dbunit.dataset.CachedDataSet - startTable(metaData=tableName=orders, columns=[(order_number, UNKNOWN, nullableUnknown), (customer_id, UNKNOWN, nullableUnknown), (date, UNKNOWN, nullableUnknown), (amount, UNKNOWN, nullableUnknown), (order_status, UNKNOWN, nullableUnknown), (discount_status, UNKNOWN, nullableUnknown)], keys=[]) - start
23:05:16.924 [main] DEBUG o.dbunit.dataset.OrderedTableNameMap - getLastTableName() - start
23:05:16.926 [main] DEBUG o.dbunit.dataset.OrderedTableNameMap - getTableName(tableName=orders) - start
23:05:16.926 [main] DEBUG o.dbunit.dataset.OrderedTableNameMap - getTableName(tableName=orders) - end - result=ORDERS
23:05:16.926 [main] DEBUG o.d.dataset.AbstractTableMetaData - getColumnIndex(columnName=order_number) - start
23:05:16.926 [main] DEBUG o.d.dataset.AbstractTableMetaData - getColumnIndex(columnName=customer_id) - start
23:05:16.926 [main] DEBUG o.d.dataset.AbstractTableMetaData - getColumnIndex(columnName=date) - start
23:05:16.927 [main] DEBUG o.d.dataset.AbstractTableMetaData - getColumnIndex(columnName=amount) - start
23:05:16.927 [main] DEBUG o.d.dataset.AbstractTableMetaData - getColumnIndex(columnName=order_status) - start
23:05:16.927 [main] DEBUG o.d.dataset.AbstractTableMetaData - getColumnIndex(columnName=discount_status) - start
23:05:16.928 [main] DEBUG o.dbunit.dataset.OrderedTableNameMap - getLastTableName() - start
23:05:16.928 [main] DEBUG o.dbunit.dataset.OrderedTableNameMap - getTableName(tableName=orders) - start
23:05:16.929 [main] DEBUG o.dbunit.dataset.OrderedTableNameMap - getTableName(tableName=orders) - end - result=ORDERS
23:05:16.929 [main] DEBUG org.dbunit.dataset.CachedDataSet - row(values=2) - start
23:05:16.929 [main] DEBUG org.dbunit.dataset.DefaultTable - addRow(values=2) - start
23:05:16.929 [main] DEBUG o.dbunit.dataset.xml.FlatXmlProducer - endElement(uri=, localName=, qName=orders) - start
23:05:16.929 [main] DEBUG o.dbunit.dataset.xml.FlatXmlProducer - startElement(uri=, localName=, qName=order_items, attributes=org.apache.xerces.parsers.AbstractSAXParser$AttributesProxy@11ca803) - start
23:05:16.930 [main] DEBUG o.dbunit.dataset.OrderedTableNameMap - getLastTableName() - start
23:05:16.930 [main] DEBUG o.dbunit.dataset.OrderedTableNameMap - getTableName(tableName=orders) - start
23:05:16.930 [main] DEBUG o.dbunit.dataset.OrderedTableNameMap - getTableName(tableName=orders) - end - result=ORDERS
23:05:16.930 [main] DEBUG o.dbunit.dataset.OrderedTableNameMap - isLastTable(tableName=order_items) - start
23:05:16.930 [main] DEBUG o.dbunit.dataset.OrderedTableNameMap - getLastTableName() - start
23:05:16.932 [main] DEBUG o.dbunit.dataset.OrderedTableNameMap - getTableName(tableName=orders) - start
23:05:16.932 [main] DEBUG o.dbunit.dataset.OrderedTableNameMap - getTableName(tableName=orders) - end - result=ORDERS
23:05:16.932 [main] DEBUG o.dbunit.dataset.OrderedTableNameMap - getTableName(tableName=order_items) - start
23:05:16.932 [main] DEBUG o.dbunit.dataset.OrderedTableNameMap - getTableName(tableName=order_items) - end - result=ORDER_ITEMS
23:05:16.932 [main] DEBUG org.dbunit.dataset.CachedDataSet - endTable() - start
23:05:16.934 [main] DEBUG o.dbunit.dataset.OrderedTableNameMap - getTableName(tableName=orders) - start
23:05:16.934 [main] DEBUG o.dbunit.dataset.OrderedTableNameMap - getTableName(tableName=orders) - end - result=ORDERS
23:05:16.934 [main] DEBUG o.dbunit.dataset.OrderedTableNameMap - getTableName(tableName=orders) - start
23:05:16.934 [main] DEBUG o.dbunit.dataset.OrderedTableNameMap - getTableName(tableName=orders) - end - result=ORDERS
23:05:16.934 [main] DEBUG org.dbunit.dataset.DefaultTable - addTableRows(table=org.dbunit.dataset.DefaultTable[_metaData=tableName=orders, columns=[(order_number, UNKNOWN, nullableUnknown), (customer_id, UNKNOWN, nullableUnknown), (date, UNKNOWN, nullableUnknown), (amount, UNKNOWN, nullableUnknown), (order_status, UNKNOWN, nullableUnknown), (discount_status, UNKNOWN, nullableUnknown)], keys=[], _rowList.size()=1]) - start
23:05:16.936 [main] DEBUG org.dbunit.dataset.DefaultTable - getValue(row=0, column=order_number) - start
23:05:16.936 [main] DEBUG org.dbunit.dataset.AbstractTable - assertValidRowIndex(row=0) - start
23:05:16.936 [main] DEBUG org.dbunit.dataset.AbstractTable - assertValidRowIndex(row=0, rowCount=1) - start
23:05:16.936 [main] DEBUG org.dbunit.dataset.AbstractTable - getColumnIndex(columnName=order_number) - start
23:05:16.936 [main] DEBUG o.d.dataset.AbstractTableMetaData - getColumnIndex(columnName=order_number) - start
23:05:16.938 [main] DEBUG org.dbunit.dataset.DefaultTable - getValue(row=0, column=customer_id) - start
23:05:16.938 [main] DEBUG org.dbunit.dataset.AbstractTable - assertValidRowIndex(row=0) - start
23:05:16.938 [main] DEBUG org.dbunit.dataset.AbstractTable - assertValidRowIndex(row=0, rowCount=1) - start
23:05:16.938 [main] DEBUG org.dbunit.dataset.AbstractTable - getColumnIndex(columnName=customer_id) - start
23:05:16.938 [main] DEBUG o.d.dataset.AbstractTableMetaData - getColumnIndex(columnName=customer_id) - start
23:05:16.940 [main] DEBUG org.dbunit.dataset.DefaultTable - getValue(row=0, column=date) - start
23:05:16.940 [main] DEBUG org.dbunit.dataset.AbstractTable - assertValidRowIndex(row=0) - start
23:05:16.940 [main] DEBUG org.dbunit.dataset.AbstractTable - assertValidRowIndex(row=0, rowCount=1) - start
23:05:16.940 [main] DEBUG org.dbunit.dataset.AbstractTable - getColumnIndex(columnName=date) - start
23:05:16.940 [main] DEBUG o.d.dataset.AbstractTableMetaData - getColumnIndex(columnName=date) - start
23:05:16.940 [main] DEBUG org.dbunit.dataset.DefaultTable - getValue(row=0, column=amount) - start
23:05:16.941 [main] DEBUG org.dbunit.dataset.AbstractTable - assertValidRowIndex(row=0) - start
23:05:16.941 [main] DEBUG org.dbunit.dataset.AbstractTable - assertValidRowIndex(row=0, rowCount=1) - start
23:05:16.941 [main] DEBUG org.dbunit.dataset.AbstractTable - getColumnIndex(columnName=amount) - start
23:05:16.942 [main] DEBUG o.d.dataset.AbstractTableMetaData - getColumnIndex(columnName=amount) - start
23:05:16.942 [main] DEBUG org.dbunit.dataset.DefaultTable - getValue(row=0, column=order_status) - start
23:05:16.944 [main] DEBUG org.dbunit.dataset.AbstractTable - assertValidRowIndex(row=0) - start
23:05:16.944 [main] DEBUG org.dbunit.dataset.AbstractTable - assertValidRowIndex(row=0, rowCount=1) - start
23:05:16.944 [main] DEBUG org.dbunit.dataset.AbstractTable - getColumnIndex(columnName=order_status) - start
23:05:16.944 [main] DEBUG o.d.dataset.AbstractTableMetaData - getColumnIndex(columnName=order_status) - start
23:05:16.944 [main] DEBUG org.dbunit.dataset.DefaultTable - getValue(row=0, column=discount_status) - start
23:05:16.946 [main] DEBUG org.dbunit.dataset.AbstractTable - assertValidRowIndex(row=0) - start
23:05:16.946 [main] DEBUG org.dbunit.dataset.AbstractTable - assertValidRowIndex(row=0, rowCount=1) - start
23:05:16.946 [main] DEBUG org.dbunit.dataset.AbstractTable - getColumnIndex(columnName=discount_status) - start
23:05:16.946 [main] DEBUG o.d.dataset.AbstractTableMetaData - getColumnIndex(columnName=discount_status) - start
23:05:16.946 [main] DEBUG org.dbunit.dataset.DefaultTable - getValue(row=1, column=order_number) - start
23:05:16.947 [main] DEBUG org.dbunit.dataset.AbstractTable - assertValidRowIndex(row=1) - start
23:05:16.947 [main] DEBUG org.dbunit.dataset.AbstractTable - assertValidRowIndex(row=1, rowCount=1) - start
23:05:16.948 [main] DEBUG o.dbunit.dataset.OrderedTableNameMap - getTableName(tableName=order_items) - start
23:05:16.948 [main] DEBUG o.dbunit.dataset.OrderedTableNameMap - getTableName(tableName=order_items) - end - result=ORDER_ITEMS
23:05:16.948 [main] DEBUG o.dbunit.dataset.OrderedTableNameMap - getTableName(tableName=order_items) - start
23:05:16.949 [main] DEBUG o.dbunit.dataset.OrderedTableNameMap - getTableName(tableName=order_items) - end - result=ORDER_ITEMS
23:05:16.949 [main] DEBUG o.dbunit.dataset.OrderedTableNameMap - setLastTable(nameorder_items) - start
23:05:16.949 [main] DEBUG o.dbunit.dataset.OrderedTableNameMap - getTableName(tableName=order_items) - start
23:05:16.949 [main] DEBUG o.dbunit.dataset.OrderedTableNameMap - getTableName(tableName=order_items) - end - result=ORDER_ITEMS
23:05:16.949 [main] DEBUG org.dbunit.dataset.CachedDataSet - startTable(metaData=tableName=order_items, columns=[(id, UNKNOWN, nullableUnknown), (order_order_number, UNKNOWN, nullableUnknown), (product_sku_number, UNKNOWN, nullableUnknown), (quantity, UNKNOWN, nullableUnknown)], keys=[]) - start
23:05:16.951 [main] DEBUG o.dbunit.dataset.OrderedTableNameMap - getLastTableName() - start
23:05:16.951 [main] DEBUG o.dbunit.dataset.OrderedTableNameMap - getTableName(tableName=order_items) - start
23:05:16.951 [main] DEBUG o.dbunit.dataset.OrderedTableNameMap - getTableName(tableName=order_items) - end - result=ORDER_ITEMS
23:05:16.951 [main] DEBUG o.d.dataset.AbstractTableMetaData - getColumnIndex(columnName=id) - start
23:05:16.951 [main] DEBUG o.d.dataset.AbstractTableMetaData - getColumnIndex(columnName=order_order_number) - start
23:05:16.952 [main] DEBUG o.d.dataset.AbstractTableMetaData - getColumnIndex(columnName=product_sku_number) - start
23:05:16.953 [main] DEBUG o.d.dataset.AbstractTableMetaData - getColumnIndex(columnName=quantity) - start
23:05:16.953 [main] DEBUG o.dbunit.dataset.OrderedTableNameMap - getLastTableName() - start
23:05:16.953 [main] DEBUG o.dbunit.dataset.OrderedTableNameMap - getTableName(tableName=order_items) - start
23:05:16.953 [main] DEBUG o.dbunit.dataset.OrderedTableNameMap - getTableName(tableName=order_items) - end - result=ORDER_ITEMS
23:05:16.955 [main] DEBUG org.dbunit.dataset.CachedDataSet - row(values=2) - start
23:05:16.955 [main] DEBUG org.dbunit.dataset.DefaultTable - addRow(values=2) - start
23:05:16.955 [main] DEBUG o.dbunit.dataset.xml.FlatXmlProducer - endElement(uri=, localName=, qName=order_items) - start
23:05:16.955 [main] DEBUG o.dbunit.dataset.xml.FlatXmlProducer - startElement(uri=, localName=, qName=order_items, attributes=org.apache.xerces.parsers.AbstractSAXParser$AttributesProxy@11ca803) - start
23:05:16.955 [main] DEBUG o.dbunit.dataset.OrderedTableNameMap - getLastTableName() - start
23:05:16.956 [main] DEBUG o.dbunit.dataset.OrderedTableNameMap - getTableName(tableName=order_items) - start
23:05:16.956 [main] DEBUG o.dbunit.dataset.OrderedTableNameMap - getTableName(tableName=order_items) - end - result=ORDER_ITEMS
23:05:16.956 [main] DEBUG o.dbunit.dataset.OrderedTableNameMap - isLastTable(tableName=order_items) - start
23:05:16.956 [main] DEBUG o.dbunit.dataset.OrderedTableNameMap - getLastTableName() - start
23:05:16.956 [main] DEBUG o.dbunit.dataset.OrderedTableNameMap - getTableName(tableName=order_items) - start
23:05:16.958 [main] DEBUG o.dbunit.dataset.OrderedTableNameMap - getTableName(tableName=order_items) - end - result=ORDER_ITEMS
23:05:16.958 [main] DEBUG o.dbunit.dataset.OrderedTableNameMap - getTableName(tableName=order_items) - start
23:05:16.958 [main] DEBUG o.dbunit.dataset.OrderedTableNameMap - getTableName(tableName=order_items) - end - result=ORDER_ITEMS
23:05:16.958 [main] DEBUG o.dbunit.dataset.OrderedTableNameMap - getLastTableName() - start
23:05:16.958 [main] DEBUG o.dbunit.dataset.OrderedTableNameMap - getTableName(tableName=order_items) - start
23:05:16.960 [main] DEBUG o.dbunit.dataset.OrderedTableNameMap - getTableName(tableName=order_items) - end - result=ORDER_ITEMS
23:05:16.960 [main] DEBUG o.d.dataset.AbstractTableMetaData - getColumnIndex(columnName=id) - start
23:05:16.960 [main] DEBUG o.d.dataset.AbstractTableMetaData - getColumnIndex(columnName=order_order_number) - start
23:05:16.960 [main] DEBUG o.d.dataset.AbstractTableMetaData - getColumnIndex(columnName=product_sku_number) - start
23:05:16.960 [main] DEBUG o.d.dataset.AbstractTableMetaData - getColumnIndex(columnName=quantity) - start
23:05:16.962 [main] DEBUG o.dbunit.dataset.OrderedTableNameMap - getLastTableName() - start
23:05:16.962 [main] DEBUG o.dbunit.dataset.OrderedTableNameMap - getTableName(tableName=order_items) - start
23:05:16.962 [main] DEBUG o.dbunit.dataset.OrderedTableNameMap - getTableName(tableName=order_items) - end - result=ORDER_ITEMS
23:05:16.962 [main] DEBUG org.dbunit.dataset.CachedDataSet - row(values=3) - start
23:05:16.962 [main] DEBUG org.dbunit.dataset.DefaultTable - addRow(values=3) - start
23:05:16.962 [main] DEBUG o.dbunit.dataset.xml.FlatXmlProducer - endElement(uri=, localName=, qName=order_items) - start
23:05:16.963 [main] DEBUG o.dbunit.dataset.xml.FlatXmlProducer - startElement(uri=, localName=, qName=orders, attributes=org.apache.xerces.parsers.AbstractSAXParser$AttributesProxy@11ca803) - start
23:05:16.964 [main] DEBUG o.dbunit.dataset.OrderedTableNameMap - getLastTableName() - start
23:05:16.964 [main] DEBUG o.dbunit.dataset.OrderedTableNameMap - getTableName(tableName=order_items) - start
23:05:16.964 [main] DEBUG o.dbunit.dataset.OrderedTableNameMap - getTableName(tableName=order_items) - end - result=ORDER_ITEMS
23:05:16.965 [main] DEBUG o.dbunit.dataset.OrderedTableNameMap - isLastTable(tableName=orders) - start
23:05:16.965 [main] DEBUG o.dbunit.dataset.OrderedTableNameMap - getLastTableName() - start
23:05:16.965 [main] DEBUG o.dbunit.dataset.OrderedTableNameMap - getTableName(tableName=order_items) - start
23:05:16.965 [main] DEBUG o.dbunit.dataset.OrderedTableNameMap - getTableName(tableName=order_items) - end - result=ORDER_ITEMS
23:05:16.966 [main] DEBUG o.dbunit.dataset.OrderedTableNameMap - getTableName(tableName=orders) - start
23:05:16.967 [main] DEBUG o.dbunit.dataset.OrderedTableNameMap - getTableName(tableName=orders) - end - result=ORDERS
23:05:16.967 [main] DEBUG org.dbunit.dataset.CachedDataSet - endTable() - start
23:05:16.967 [main] DEBUG o.dbunit.dataset.OrderedTableNameMap - getTableName(tableName=order_items) - start
23:05:16.967 [main] DEBUG o.dbunit.dataset.OrderedTableNameMap - getTableName(tableName=order_items) - end - result=ORDER_ITEMS
23:05:16.967 [main] DEBUG o.dbunit.dataset.OrderedTableNameMap - getTableName(tableName=order_items) - start
23:05:16.969 [main] DEBUG o.dbunit.dataset.OrderedTableNameMap - getTableName(tableName=order_items) - end - result=ORDER_ITEMS
23:05:16.969 [main] DEBUG org.dbunit.dataset.DefaultTable - addTableRows(table=org.dbunit.dataset.DefaultTable[_metaData=tableName=order_items, columns=[(id, UNKNOWN, nullableUnknown), (order_order_number, UNKNOWN, nullableUnknown), (product_sku_number, UNKNOWN, nullableUnknown), (quantity, UNKNOWN, nullableUnknown)], keys=[], _rowList.size()=2]) - start
23:05:16.969 [main] DEBUG org.dbunit.dataset.DefaultTable - getValue(row=0, column=id) - start
23:05:16.970 [main] DEBUG org.dbunit.dataset.AbstractTable - assertValidRowIndex(row=0) - start
23:05:16.970 [main] DEBUG org.dbunit.dataset.AbstractTable - assertValidRowIndex(row=0, rowCount=2) - start
23:05:16.970 [main] DEBUG org.dbunit.dataset.AbstractTable - getColumnIndex(columnName=id) - start
23:05:16.971 [main] DEBUG o.d.dataset.AbstractTableMetaData - getColumnIndex(columnName=id) - start
23:05:16.971 [main] DEBUG org.dbunit.dataset.DefaultTable - getValue(row=0, column=order_order_number) - start
23:05:16.972 [main] DEBUG org.dbunit.dataset.AbstractTable - assertValidRowIndex(row=0) - start
23:05:16.972 [main] DEBUG org.dbunit.dataset.AbstractTable - assertValidRowIndex(row=0, rowCount=2) - start
23:05:16.972 [main] DEBUG org.dbunit.dataset.AbstractTable - getColumnIndex(columnName=order_order_number) - start
23:05:16.972 [main] DEBUG o.d.dataset.AbstractTableMetaData - getColumnIndex(columnName=order_order_number) - start
23:05:16.972 [main] DEBUG org.dbunit.dataset.DefaultTable - getValue(row=0, column=product_sku_number) - start
23:05:16.973 [main] DEBUG org.dbunit.dataset.AbstractTable - assertValidRowIndex(row=0) - start
23:05:16.974 [main] DEBUG org.dbunit.dataset.AbstractTable - assertValidRowIndex(row=0, rowCount=2) - start
23:05:16.974 [main] DEBUG org.dbunit.dataset.AbstractTable - getColumnIndex(columnName=product_sku_number) - start
23:05:16.974 [main] DEBUG o.d.dataset.AbstractTableMetaData - getColumnIndex(columnName=product_sku_number) - start
23:05:16.974 [main] DEBUG org.dbunit.dataset.DefaultTable - getValue(row=0, column=quantity) - start
23:05:16.975 [main] DEBUG org.dbunit.dataset.AbstractTable - assertValidRowIndex(row=0) - start
23:05:16.975 [main] DEBUG org.dbunit.dataset.AbstractTable - assertValidRowIndex(row=0, rowCount=2) - start
23:05:16.975 [main] DEBUG org.dbunit.dataset.AbstractTable - getColumnIndex(columnName=quantity) - start
23:05:16.975 [main] DEBUG o.d.dataset.AbstractTableMetaData - getColumnIndex(columnName=quantity) - start
23:05:16.975 [main] DEBUG org.dbunit.dataset.DefaultTable - getValue(row=1, column=id) - start
23:05:16.976 [main] DEBUG org.dbunit.dataset.AbstractTable - assertValidRowIndex(row=1) - start
23:05:16.976 [main] DEBUG org.dbunit.dataset.AbstractTable - assertValidRowIndex(row=1, rowCount=2) - start
23:05:16.976 [main] DEBUG org.dbunit.dataset.AbstractTable - getColumnIndex(columnName=id) - start
23:05:16.977 [main] DEBUG o.d.dataset.AbstractTableMetaData - getColumnIndex(columnName=id) - start
23:05:16.977 [main] DEBUG org.dbunit.dataset.DefaultTable - getValue(row=1, column=order_order_number) - start
23:05:16.978 [main] DEBUG org.dbunit.dataset.AbstractTable - assertValidRowIndex(row=1) - start
23:05:16.978 [main] DEBUG org.dbunit.dataset.AbstractTable - assertValidRowIndex(row=1, rowCount=2) - start
23:05:16.978 [main] DEBUG org.dbunit.dataset.AbstractTable - getColumnIndex(columnName=order_order_number) - start
23:05:16.978 [main] DEBUG o.d.dataset.AbstractTableMetaData - getColumnIndex(columnName=order_order_number) - start
23:05:16.978 [main] DEBUG org.dbunit.dataset.DefaultTable - getValue(row=1, column=product_sku_number) - start
23:05:16.979 [main] DEBUG org.dbunit.dataset.AbstractTable - assertValidRowIndex(row=1) - start
23:05:16.980 [main] DEBUG org.dbunit.dataset.AbstractTable - assertValidRowIndex(row=1, rowCount=2) - start
23:05:16.980 [main] DEBUG org.dbunit.dataset.AbstractTable - getColumnIndex(columnName=product_sku_number) - start
23:05:16.980 [main] DEBUG o.d.dataset.AbstractTableMetaData - getColumnIndex(columnName=product_sku_number) - start
23:05:16.980 [main] DEBUG org.dbunit.dataset.DefaultTable - getValue(row=1, column=quantity) - start
23:05:16.981 [main] DEBUG org.dbunit.dataset.AbstractTable - assertValidRowIndex(row=1) - start
23:05:16.981 [main] DEBUG org.dbunit.dataset.AbstractTable - assertValidRowIndex(row=1, rowCount=2) - start
23:05:16.981 [main] DEBUG org.dbunit.dataset.AbstractTable - getColumnIndex(columnName=quantity) - start
23:05:16.982 [main] DEBUG o.d.dataset.AbstractTableMetaData - getColumnIndex(columnName=quantity) - start
23:05:16.982 [main] DEBUG org.dbunit.dataset.DefaultTable - getValue(row=2, column=id) - start
23:05:16.983 [main] DEBUG org.dbunit.dataset.AbstractTable - assertValidRowIndex(row=2) - start
23:05:16.983 [main] DEBUG org.dbunit.dataset.AbstractTable - assertValidRowIndex(row=2, rowCount=2) - start
23:05:16.983 [main] DEBUG o.dbunit.dataset.OrderedTableNameMap - getTableName(tableName=orders) - start
23:05:16.983 [main] DEBUG o.dbunit.dataset.OrderedTableNameMap - getTableName(tableName=orders) - end - result=ORDERS
23:05:16.983 [main] DEBUG o.dbunit.dataset.OrderedTableNameMap - getTableName(tableName=orders) - start
23:05:16.985 [main] DEBUG o.dbunit.dataset.OrderedTableNameMap - getTableName(tableName=orders) - end - result=ORDERS
23:05:16.985 [main] DEBUG o.dbunit.dataset.OrderedTableNameMap - setLastTable(nameorders) - start
23:05:16.985 [main] DEBUG o.dbunit.dataset.OrderedTableNameMap - getTableName(tableName=orders) - start
23:05:16.985 [main] DEBUG o.dbunit.dataset.OrderedTableNameMap - getTableName(tableName=orders) - end - result=ORDERS
23:05:16.985 [main] DEBUG org.dbunit.dataset.CachedDataSet - startTable(metaData=tableName=orders, columns=[(order_number, UNKNOWN, nullableUnknown), (customer_id, UNKNOWN, nullableUnknown), (date, UNKNOWN, nullableUnknown), (amount, UNKNOWN, nullableUnknown), (order_status, UNKNOWN, nullableUnknown), (discount_status, UNKNOWN, nullableUnknown)], keys=[]) - start
23:05:16.986 [main] DEBUG o.dbunit.dataset.OrderedTableNameMap - getLastTableName() - start
23:05:16.986 [main] DEBUG o.dbunit.dataset.OrderedTableNameMap - getTableName(tableName=orders) - start
23:05:16.986 [main] DEBUG o.dbunit.dataset.OrderedTableNameMap - getTableName(tableName=orders) - end - result=ORDERS
23:05:16.986 [main] DEBUG o.d.dataset.AbstractTableMetaData - getColumnIndex(columnName=order_number) - start
23:05:16.986 [main] DEBUG o.d.dataset.AbstractTableMetaData - getColumnIndex(columnName=customer_id) - start
23:05:16.988 [main] DEBUG o.d.dataset.AbstractTableMetaData - getColumnIndex(columnName=date) - start
23:05:16.988 [main] DEBUG o.d.dataset.AbstractTableMetaData - getColumnIndex(columnName=amount) - start
23:05:16.988 [main] DEBUG o.d.dataset.AbstractTableMetaData - getColumnIndex(columnName=order_status) - start
23:05:16.988 [main] DEBUG o.d.dataset.AbstractTableMetaData - getColumnIndex(columnName=discount_status) - start
23:05:16.988 [main] DEBUG o.dbunit.dataset.OrderedTableNameMap - getLastTableName() - start
23:05:16.990 [main] DEBUG o.dbunit.dataset.OrderedTableNameMap - getTableName(tableName=orders) - start
23:05:16.990 [main] DEBUG o.dbunit.dataset.OrderedTableNameMap - getTableName(tableName=orders) - end - result=ORDERS
23:05:16.990 [main] DEBUG org.dbunit.dataset.CachedDataSet - row(values=3) - start
23:05:16.990 [main] DEBUG org.dbunit.dataset.DefaultTable - addRow(values=3) - start
23:05:16.990 [main] DEBUG o.dbunit.dataset.xml.FlatXmlProducer - endElement(uri=, localName=, qName=orders) - start
23:05:16.990 [main] DEBUG o.dbunit.dataset.xml.FlatXmlProducer - startElement(uri=, localName=, qName=order_items, attributes=org.apache.xerces.parsers.AbstractSAXParser$AttributesProxy@11ca803) - start
23:05:16.991 [main] DEBUG o.dbunit.dataset.OrderedTableNameMap - getLastTableName() - start
23:05:16.991 [main] DEBUG o.dbunit.dataset.OrderedTableNameMap - getTableName(tableName=orders) - start
23:05:16.991 [main] DEBUG o.dbunit.dataset.OrderedTableNameMap - getTableName(tableName=orders) - end - result=ORDERS
23:05:16.991 [main] DEBUG o.dbunit.dataset.OrderedTableNameMap - isLastTable(tableName=order_items) - start
23:05:16.992 [main] DEBUG o.dbunit.dataset.OrderedTableNameMap - getLastTableName() - start
23:05:16.993 [main] DEBUG o.dbunit.dataset.OrderedTableNameMap - getTableName(tableName=orders) - start
23:05:16.993 [main] DEBUG o.dbunit.dataset.OrderedTableNameMap - getTableName(tableName=orders) - end - result=ORDERS
23:05:16.994 [main] DEBUG o.dbunit.dataset.OrderedTableNameMap - getTableName(tableName=order_items) - start
23:05:16.994 [main] DEBUG o.dbunit.dataset.OrderedTableNameMap - getTableName(tableName=order_items) - end - result=ORDER_ITEMS
23:05:16.994 [main] DEBUG org.dbunit.dataset.CachedDataSet - endTable() - start
23:05:16.995 [main] DEBUG o.dbunit.dataset.OrderedTableNameMap - getTableName(tableName=orders) - start
23:05:16.995 [main] DEBUG o.dbunit.dataset.OrderedTableNameMap - getTableName(tableName=orders) - end - result=ORDERS
23:05:16.995 [main] DEBUG o.dbunit.dataset.OrderedTableNameMap - getTableName(tableName=orders) - start
23:05:16.995 [main] DEBUG o.dbunit.dataset.OrderedTableNameMap - getTableName(tableName=orders) - end - result=ORDERS
23:05:16.996 [main] DEBUG org.dbunit.dataset.DefaultTable - addTableRows(table=org.dbunit.dataset.DefaultTable[_metaData=tableName=orders, columns=[(order_number, UNKNOWN, nullableUnknown), (customer_id, UNKNOWN, nullableUnknown), (date, UNKNOWN, nullableUnknown), (amount, UNKNOWN, nullableUnknown), (order_status, UNKNOWN, nullableUnknown), (discount_status, UNKNOWN, nullableUnknown)], keys=[], _rowList.size()=1]) - start
23:05:16.997 [main] DEBUG org.dbunit.dataset.DefaultTable - getValue(row=0, column=order_number) - start
23:05:16.997 [main] DEBUG org.dbunit.dataset.AbstractTable - assertValidRowIndex(row=0) - start
23:05:16.997 [main] DEBUG org.dbunit.dataset.AbstractTable - assertValidRowIndex(row=0, rowCount=1) - start
23:05:16.998 [main] DEBUG org.dbunit.dataset.AbstractTable - getColumnIndex(columnName=order_number) - start
23:05:16.998 [main] DEBUG o.d.dataset.AbstractTableMetaData - getColumnIndex(columnName=order_number) - start
23:05:16.999 [main] DEBUG org.dbunit.dataset.DefaultTable - getValue(row=0, column=customer_id) - start
23:05:16.999 [main] DEBUG org.dbunit.dataset.AbstractTable - assertValidRowIndex(row=0) - start
23:05:16.999 [main] DEBUG org.dbunit.dataset.AbstractTable - assertValidRowIndex(row=0, rowCount=1) - start
23:05:16.999 [main] DEBUG org.dbunit.dataset.AbstractTable - getColumnIndex(columnName=customer_id) - start
23:05:16.999 [main] DEBUG o.d.dataset.AbstractTableMetaData - getColumnIndex(columnName=customer_id) - start
23:05:17.002 [main] DEBUG org.dbunit.dataset.DefaultTable - getValue(row=0, column=date) - start
23:05:17.003 [main] DEBUG org.dbunit.dataset.AbstractTable - assertValidRowIndex(row=0) - start
23:05:17.004 [main] DEBUG org.dbunit.dataset.AbstractTable - assertValidRowIndex(row=0, rowCount=1) - start
23:05:17.004 [main] DEBUG org.dbunit.dataset.AbstractTable - getColumnIndex(columnName=date) - start
23:05:17.004 [main] DEBUG o.d.dataset.AbstractTableMetaData - getColumnIndex(columnName=date) - start
23:05:17.004 [main] DEBUG org.dbunit.dataset.DefaultTable - getValue(row=0, column=amount) - start
23:05:17.103 [main] DEBUG org.dbunit.dataset.AbstractTable - assertValidRowIndex(row=0) - start
23:05:17.103 [main] DEBUG org.dbunit.dataset.AbstractTable - assertValidRowIndex(row=0, rowCount=1) - start
23:05:17.103 [main] DEBUG org.dbunit.dataset.AbstractTable - getColumnIndex(columnName=amount) - start
23:05:17.103 [main] DEBUG o.d.dataset.AbstractTableMetaData - getColumnIndex(columnName=amount) - start
23:05:17.103 [main] DEBUG org.dbunit.dataset.DefaultTable - getValue(row=0, column=order_status) - start
23:05:17.104 [main] DEBUG org.dbunit.dataset.AbstractTable - assertValidRowIndex(row=0) - start
23:05:17.104 [main] DEBUG org.dbunit.dataset.AbstractTable - assertValidRowIndex(row=0, rowCount=1) - start
23:05:17.104 [main] DEBUG org.dbunit.dataset.AbstractTable - getColumnIndex(columnName=order_status) - start
23:05:17.105 [main] DEBUG o.d.dataset.AbstractTableMetaData - getColumnIndex(columnName=order_status) - start
23:05:17.105 [main] DEBUG org.dbunit.dataset.DefaultTable - getValue(row=0, column=discount_status) - start
23:05:17.106 [main] DEBUG org.dbunit.dataset.AbstractTable - assertValidRowIndex(row=0) - start
23:05:17.106 [main] DEBUG org.dbunit.dataset.AbstractTable - assertValidRowIndex(row=0, rowCount=1) - start
23:05:17.106 [main] DEBUG org.dbunit.dataset.AbstractTable - getColumnIndex(columnName=discount_status) - start
23:05:17.106 [main] DEBUG o.d.dataset.AbstractTableMetaData - getColumnIndex(columnName=discount_status) - start
23:05:17.106 [main] DEBUG org.dbunit.dataset.DefaultTable - getValue(row=1, column=order_number) - start
23:05:17.107 [main] DEBUG org.dbunit.dataset.AbstractTable - assertValidRowIndex(row=1) - start
23:05:17.108 [main] DEBUG org.dbunit.dataset.AbstractTable - assertValidRowIndex(row=1, rowCount=1) - start
23:05:17.108 [main] DEBUG o.dbunit.dataset.OrderedTableNameMap - getTableName(tableName=order_items) - start
23:05:17.108 [main] DEBUG o.dbunit.dataset.OrderedTableNameMap - getTableName(tableName=order_items) - end - result=ORDER_ITEMS
23:05:17.108 [main] DEBUG o.dbunit.dataset.OrderedTableNameMap - getTableName(tableName=order_items) - start
23:05:17.109 [main] DEBUG o.dbunit.dataset.OrderedTableNameMap - getTableName(tableName=order_items) - end - result=ORDER_ITEMS
23:05:17.109 [main] DEBUG o.dbunit.dataset.OrderedTableNameMap - setLastTable(nameorder_items) - start
23:05:17.109 [main] DEBUG o.dbunit.dataset.OrderedTableNameMap - getTableName(tableName=order_items) - start
23:05:17.109 [main] DEBUG o.dbunit.dataset.OrderedTableNameMap - getTableName(tableName=order_items) - end - result=ORDER_ITEMS
23:05:17.109 [main] DEBUG org.dbunit.dataset.CachedDataSet - startTable(metaData=tableName=order_items, columns=[(id, UNKNOWN, nullableUnknown), (order_order_number, UNKNOWN, nullableUnknown), (product_sku_number, UNKNOWN, nullableUnknown), (quantity, UNKNOWN, nullableUnknown)], keys=[]) - start
23:05:17.111 [main] DEBUG o.dbunit.dataset.OrderedTableNameMap - getLastTableName() - start
23:05:17.111 [main] DEBUG o.dbunit.dataset.OrderedTableNameMap - getTableName(tableName=order_items) - start
23:05:17.111 [main] DEBUG o.dbunit.dataset.OrderedTableNameMap - getTableName(tableName=order_items) - end - result=ORDER_ITEMS
23:05:17.111 [main] DEBUG o.d.dataset.AbstractTableMetaData - getColumnIndex(columnName=id) - start
23:05:17.111 [main] DEBUG o.d.dataset.AbstractTableMetaData - getColumnIndex(columnName=order_order_number) - start
23:05:17.113 [main] DEBUG o.d.dataset.AbstractTableMetaData - getColumnIndex(columnName=product_sku_number) - start
23:05:17.113 [main] DEBUG o.d.dataset.AbstractTableMetaData - getColumnIndex(columnName=quantity) - start
23:05:17.113 [main] DEBUG o.dbunit.dataset.OrderedTableNameMap - getLastTableName() - start
23:05:17.113 [main] DEBUG o.dbunit.dataset.OrderedTableNameMap - getTableName(tableName=order_items) - start
23:05:17.113 [main] DEBUG o.dbunit.dataset.OrderedTableNameMap - getTableName(tableName=order_items) - end - result=ORDER_ITEMS
23:05:17.115 [main] DEBUG org.dbunit.dataset.CachedDataSet - row(values=4) - start
23:05:17.115 [main] DEBUG org.dbunit.dataset.DefaultTable - addRow(values=4) - start
23:05:17.115 [main] DEBUG o.dbunit.dataset.xml.FlatXmlProducer - endElement(uri=, localName=, qName=order_items) - start
23:05:17.115 [main] DEBUG o.dbunit.dataset.xml.FlatXmlProducer - startElement(uri=, localName=, qName=orders, attributes=org.apache.xerces.parsers.AbstractSAXParser$AttributesProxy@11ca803) - start
23:05:17.115 [main] DEBUG o.dbunit.dataset.OrderedTableNameMap - getLastTableName() - start
23:05:17.116 [main] DEBUG o.dbunit.dataset.OrderedTableNameMap - getTableName(tableName=order_items) - start
23:05:17.116 [main] DEBUG o.dbunit.dataset.OrderedTableNameMap - getTableName(tableName=order_items) - end - result=ORDER_ITEMS
23:05:17.117 [main] DEBUG o.dbunit.dataset.OrderedTableNameMap - isLastTable(tableName=orders) - start
23:05:17.117 [main] DEBUG o.dbunit.dataset.OrderedTableNameMap - getLastTableName() - start
23:05:17.117 [main] DEBUG o.dbunit.dataset.OrderedTableNameMap - getTableName(tableName=order_items) - start
23:05:17.118 [main] DEBUG o.dbunit.dataset.OrderedTableNameMap - getTableName(tableName=order_items) - end - result=ORDER_ITEMS
23:05:17.118 [main] DEBUG o.dbunit.dataset.OrderedTableNameMap - getTableName(tableName=orders) - start
23:05:17.118 [main] DEBUG o.dbunit.dataset.OrderedTableNameMap - getTableName(tableName=orders) - end - result=ORDERS
23:05:17.118 [main] DEBUG org.dbunit.dataset.CachedDataSet - endTable() - start
23:05:17.118 [main] DEBUG o.dbunit.dataset.OrderedTableNameMap - getTableName(tableName=order_items) - start
23:05:17.120 [main] DEBUG o.dbunit.dataset.OrderedTableNameMap - getTableName(tableName=order_items) - end - result=ORDER_ITEMS
23:05:17.120 [main] DEBUG o.dbunit.dataset.OrderedTableNameMap - getTableName(tableName=order_items) - start
23:05:17.120 [main] DEBUG o.dbunit.dataset.OrderedTableNameMap - getTableName(tableName=order_items) - end - result=ORDER_ITEMS
23:05:17.120 [main] DEBUG org.dbunit.dataset.DefaultTable - addTableRows(table=org.dbunit.dataset.DefaultTable[_metaData=tableName=order_items, columns=[(id, UNKNOWN, nullableUnknown), (order_order_number, UNKNOWN, nullableUnknown), (product_sku_number, UNKNOWN, nullableUnknown), (quantity, UNKNOWN, nullableUnknown)], keys=[], _rowList.size()=1]) - start
23:05:17.122 [main] DEBUG org.dbunit.dataset.DefaultTable - getValue(row=0, column=id) - start
23:05:17.122 [main] DEBUG org.dbunit.dataset.AbstractTable - assertValidRowIndex(row=0) - start
23:05:17.122 [main] DEBUG org.dbunit.dataset.AbstractTable - assertValidRowIndex(row=0, rowCount=1) - start
23:05:17.122 [main] DEBUG org.dbunit.dataset.AbstractTable - getColumnIndex(columnName=id) - start
23:05:17.122 [main] DEBUG o.d.dataset.AbstractTableMetaData - getColumnIndex(columnName=id) - start
23:05:17.122 [main] DEBUG org.dbunit.dataset.DefaultTable - getValue(row=0, column=order_order_number) - start
23:05:17.123 [main] DEBUG org.dbunit.dataset.AbstractTable - assertValidRowIndex(row=0) - start
23:05:17.123 [main] DEBUG org.dbunit.dataset.AbstractTable - assertValidRowIndex(row=0, rowCount=1) - start
23:05:17.123 [main] DEBUG org.dbunit.dataset.AbstractTable - getColumnIndex(columnName=order_order_number) - start
23:05:17.123 [main] DEBUG o.d.dataset.AbstractTableMetaData - getColumnIndex(columnName=order_order_number) - start
23:05:17.123 [main] DEBUG org.dbunit.dataset.DefaultTable - getValue(row=0, column=product_sku_number) - start
23:05:17.125 [main] DEBUG org.dbunit.dataset.AbstractTable - assertValidRowIndex(row=0) - start
23:05:17.125 [main] DEBUG org.dbunit.dataset.AbstractTable - assertValidRowIndex(row=0, rowCount=1) - start
23:05:17.125 [main] DEBUG org.dbunit.dataset.AbstractTable - getColumnIndex(columnName=product_sku_number) - start
23:05:17.126 [main] DEBUG o.d.dataset.AbstractTableMetaData - getColumnIndex(columnName=product_sku_number) - start
23:05:17.126 [main] DEBUG org.dbunit.dataset.DefaultTable - getValue(row=0, column=quantity) - start
23:05:17.127 [main] DEBUG org.dbunit.dataset.AbstractTable - assertValidRowIndex(row=0) - start
23:05:17.128 [main] DEBUG org.dbunit.dataset.AbstractTable - assertValidRowIndex(row=0, rowCount=1) - start
23:05:17.128 [main] DEBUG org.dbunit.dataset.AbstractTable - getColumnIndex(columnName=quantity) - start
23:05:17.128 [main] DEBUG o.d.dataset.AbstractTableMetaData - getColumnIndex(columnName=quantity) - start
23:05:17.128 [main] DEBUG org.dbunit.dataset.DefaultTable - getValue(row=1, column=id) - start
23:05:17.129 [main] DEBUG org.dbunit.dataset.AbstractTable - assertValidRowIndex(row=1) - start
23:05:17.129 [main] DEBUG org.dbunit.dataset.AbstractTable - assertValidRowIndex(row=1, rowCount=1) - start
23:05:17.129 [main] DEBUG o.dbunit.dataset.OrderedTableNameMap - getTableName(tableName=orders) - start
23:05:17.129 [main] DEBUG o.dbunit.dataset.OrderedTableNameMap - getTableName(tableName=orders) - end - result=ORDERS
23:05:17.129 [main] DEBUG o.dbunit.dataset.OrderedTableNameMap - getTableName(tableName=orders) - start
23:05:17.130 [main] DEBUG o.dbunit.dataset.OrderedTableNameMap - getTableName(tableName=orders) - end - result=ORDERS
23:05:17.130 [main] DEBUG o.dbunit.dataset.OrderedTableNameMap - setLastTable(nameorders) - start
23:05:17.130 [main] DEBUG o.dbunit.dataset.OrderedTableNameMap - getTableName(tableName=orders) - start
23:05:17.130 [main] DEBUG o.dbunit.dataset.OrderedTableNameMap - getTableName(tableName=orders) - end - result=ORDERS
[...]
23:05:22.869 [main] DEBUG org.dbunit.util.QualifiedTableName - Qualified table names feature is disabled. Returning plain table name
23:05:22.869 [main] DEBUG org.dbunit.util.QualifiedTableName - getQualifiedName(prefix=null, name=orders, escapePattern=null) - start
23:05:22.869 [main] DEBUG o.dbunit.dataset.OrderedTableNameMap - add(tableName=orders, object=null) - start
23:05:22.869 [main] DEBUG o.dbunit.dataset.OrderedTableNameMap - getTableName(tableName=orders) - start
23:05:22.869 [main] DEBUG o.dbunit.dataset.OrderedTableNameMap - getTableName(tableName=orders) - end - result=ORDERS
23:05:22.870 [main] DEBUG o.dbunit.dataset.OrderedTableNameMap - getTableName(tableName=ORDERS) - start
23:05:22.870 [main] DEBUG o.dbunit.dataset.OrderedTableNameMap - getTableName(tableName=ORDERS) - end - result=ORDERS
23:05:22.870 [main] DEBUG org.dbunit.util.QualifiedTableName - getQualifiedNameIfEnabled(config=org.dbunit.database.DatabaseConfig[, _propertyMap={http://www.dbunit.org/properties/statementFactory=org.dbunit.database.statement.PreparedStatementFactory@8238f4, http://www.dbunit.org/features/caseSensitiveTableNames=false, http://www.dbunit.org/properties/fetchSize=100, http://www.dbunit.org/features/batchedStatements=false, http://www.dbunit.org/properties/metadataHandler=org.dbunit.database.DefaultMetadataHandler@55a338, http://www.dbunit.org/properties/datatypeFactory=org.dbunit.dataset.datatype.DefaultDataTypeFactory[_toleratedDeltaMap=org.dbunit.dataset.datatype.ToleratedDeltaMap@297ffb], http://www.dbunit.org/properties/escapePattern=null, http://www.dbunit.org/properties/batchSize=100, http://www.dbunit.org/features/qualifiedTableNames=false, http://www.dbunit.org/properties/tableType=[Ljava.lang.String;@914f6a, http://www.dbunit.org/properties/resultSetTableFactory=org.dbunit.database.CachedResultSetTableFactory@1f4cbee, http://www.dbunit.org/features/datatypeWarning=true}]) - start
23:05:22.875 [main] DEBUG org.dbunit.util.QualifiedTableName - Qualified table names feature is disabled. Returning plain table name
23:05:22.875 [main] DEBUG org.dbunit.util.QualifiedTableName - getQualifiedName(prefix=null, name=products, escapePattern=null) - start
23:05:22.875 [main] DEBUG o.dbunit.dataset.OrderedTableNameMap - add(tableName=products, object=null) - start
23:05:22.875 [main] DEBUG o.dbunit.dataset.OrderedTableNameMap - getTableName(tableName=products) - start
23:05:22.875 [main] DEBUG o.dbunit.dataset.OrderedTableNameMap - getTableName(tableName=products) - end - result=PRODUCTS
23:05:22.876 [main] DEBUG o.dbunit.dataset.OrderedTableNameMap - getTableName(tableName=PRODUCTS) - start
23:05:22.876 [main] DEBUG o.dbunit.dataset.OrderedTableNameMap - getTableName(tableName=PRODUCTS) - end - result=PRODUCTS
23:05:22.876 [main] DEBUG o.dbunit.dataset.OrderedTableNameMap - getTableName(tableName=order_items) - start
23:05:22.876 [main] DEBUG o.dbunit.dataset.OrderedTableNameMap - getTableName(tableName=order_items) - end - result=ORDER_ITEMS
23:05:22.876 [main] DEBUG o.dbunit.dataset.OrderedTableNameMap - getTableName(tableName=order_items) - start
23:05:22.880 [main] DEBUG o.dbunit.dataset.OrderedTableNameMap - getTableName(tableName=order_items) - end - result=ORDER_ITEMS
23:05:22.880 [main] DEBUG org.dbunit.util.SQLHelper - isEscaped returns 'false' for tableName=order_items (dbIdentifierQuoteString=`)
23:05:22.880 [main] DEBUG o.d.database.DatabaseTableMetaData - Validating if table 'order_items' exists in schema '' ...
23:05:22.884 [main] DEBUG org.dbunit.util.SQLHelper - close(resultSet=com.mysql.jdbc.JDBC4ResultSet@1cb52ae) - start
23:05:22.884 [main] DEBUG o.dbunit.dataset.OrderedTableNameMap - update(tableName=order_items, object=table=order_items, cols=[(id, INTEGER, noNulls), (order_order_number, INTEGER, noNulls), (product_sku_number, INTEGER, noNulls), (quantity, INTEGER, noNulls)], pk=[(id, INTEGER, noNulls)]) - start
23:05:22.891 [main] DEBUG o.dbunit.dataset.OrderedTableNameMap - getTableName(tableName=order_items) - start
23:05:22.984 [main] DEBUG o.dbunit.dataset.OrderedTableNameMap - getTableName(tableName=order_items) - end - result=ORDER_ITEMS
23:05:22.984 [main] DEBUG o.dbunit.dataset.OrderedTableNameMap - getTableName(tableName=order_items) - start
23:05:22.984 [main] DEBUG o.dbunit.dataset.OrderedTableNameMap - getTableName(tableName=order_items) - end - result=ORDER_ITEMS
23:05:22.984 [main] DEBUG o.dbunit.operation.AbstractOperation - getQualifiedName(prefix=, name=order_items, connection=org.dbunit.database.DatabaseConnection[schema=, connection=com.mysql.jdbc.JDBC4Connection@b1074a, super=_databaseConfig=org.dbunit.database.DatabaseConfig[, _propertyMap={http://www.dbunit.org/properties/statementFactory=org.dbunit.database.statement.PreparedStatementFactory@8238f4, http://www.dbunit.org/features/caseSensitiveTableNames=false, http://www.dbunit.org/properties/fetchSize=100, http://www.dbunit.org/features/batchedStatements=false, http://www.dbunit.org/properties/metadataHandler=org.dbunit.database.DefaultMetadataHandler@55a338, http://www.dbunit.org/properties/datatypeFactory=org.dbunit.dataset.datatype.DefaultDataTypeFactory[_toleratedDeltaMap=org.dbunit.dataset.datatype.ToleratedDeltaMap@297ffb], http://www.dbunit.org/properties/escapePattern=null, http://www.dbunit.org/properties/batchSize=100, http://www.dbunit.org/features/qualifiedTableNames=false, http://www.dbunit.org/properties/tableType=[Ljava.lang.String;@914f6a, http://www.dbunit.org/properties/resultSetTableFactory=org.dbunit.database.CachedResultSetTableFactory@1f4cbee, http://www.dbunit.org/features/datatypeWarning=true}], _dataSet=AbstractDataSet[_orderedTableNameMap=null]]) - start
23:05:22.985 [main] DEBUG org.dbunit.util.QualifiedTableName - getQualifiedName() - start
23:05:22.985 [main] DEBUG org.dbunit.util.QualifiedTableName - getQualifiedName(prefix=, name=order_items, escapePattern=null) - start
23:05:22.985 [main] DEBUG o.d.d.statement.SimpleStatement - addBatch(sql=delete from order_items) - start
23:05:22.985 [main] DEBUG o.d.operation.DeleteAllOperation - Added SQL: delete from order_items
23:05:22.985 [main] DEBUG org.dbunit.database.DatabaseDataSet - getTableMetaData(tableName=orders) - start
23:05:22.986 [main] DEBUG org.dbunit.database.DatabaseDataSet - initialize() - start
23:05:22.986 [main] DEBUG o.dbunit.dataset.OrderedTableNameMap - getTableName(tableName=orders) - start
23:05:22.986 [main] DEBUG o.dbunit.dataset.OrderedTableNameMap - getTableName(tableName=orders) - end - result=ORDERS
23:05:22.986 [main] DEBUG o.dbunit.dataset.OrderedTableNameMap - getTableName(tableName=orders) - start
23:05:22.986 [main] DEBUG o.dbunit.dataset.OrderedTableNameMap - getTableName(tableName=orders) - end - result=ORDERS
23:05:22.991 [main] DEBUG org.dbunit.util.SQLHelper - isEscaped returns 'false' for tableName=orders (dbIdentifierQuoteString=`)
23:05:22.991 [main] DEBUG o.d.database.DatabaseTableMetaData - Validating if table 'orders' exists in schema '' ...
23:05:22.993 [main] DEBUG org.dbunit.util.SQLHelper - close(resultSet=com.mysql.jdbc.JDBC4ResultSet@ed662d) - start
23:05:22.993 [main] DEBUG o.dbunit.dataset.OrderedTableNameMap - update(tableName=orders, object=table=orders, cols=[(order_number, INTEGER, noNulls), (customer_id, INTEGER, noNulls), (date, DATE, noNulls), (amount, DECIMAL, noNulls), (order_status, VARCHAR, noNulls), (discount_status, VARCHAR, noNulls)], pk=[(order_number, INTEGER, noNulls)]) - start
23:05:23.002 [main] DEBUG o.dbunit.dataset.OrderedTableNameMap - getTableName(tableName=orders) - start
23:05:23.002 [main] DEBUG o.dbunit.dataset.OrderedTableNameMap - getTableName(tableName=orders) - end - result=ORDERS
23:05:23.095 [main] DEBUG o.dbunit.dataset.OrderedTableNameMap - getTableName(tableName=orders) - start
23:05:23.095 [main] DEBUG o.dbunit.dataset.OrderedTableNameMap - getTableName(tableName=orders) - end - result=ORDERS
23:05:23.095 [main] DEBUG o.dbunit.operation.AbstractOperation - getQualifiedName(prefix=, name=orders, connection=org.dbunit.database.DatabaseConnection[schema=, connection=com.mysql.jdbc.JDBC4Connection@b1074a, super=_databaseConfig=org.dbunit.database.DatabaseConfig[, _propertyMap={http://www.dbunit.org/properties/statementFactory=org.dbunit.database.statement.PreparedStatementFactory@8238f4, http://www.dbunit.org/features/caseSensitiveTableNames=false, http://www.dbunit.org/properties/fetchSize=100, http://www.dbunit.org/features/batchedStatements=false, http://www.dbunit.org/properties/metadataHandler=org.dbunit.database.DefaultMetadataHandler@55a338, http://www.dbunit.org/properties/datatypeFactory=org.dbunit.dataset.datatype.DefaultDataTypeFactory[_toleratedDeltaMap=org.dbunit.dataset.datatype.ToleratedDeltaMap@297ffb], http://www.dbunit.org/properties/escapePattern=null, http://www.dbunit.org/properties/batchSize=100, http://www.dbunit.org/features/qualifiedTableNames=false, http://www.dbunit.org/properties/tableType=[Ljava.lang.String;@914f6a, http://www.dbunit.org/properties/resultSetTableFactory=org.dbunit.database.CachedResultSetTableFactory@1f4cbee, http://www.dbunit.org/features/datatypeWarning=true}], _dataSet=AbstractDataSet[_orderedTableNameMap=null]]) - start
23:05:23.107 [main] DEBUG org.dbunit.util.QualifiedTableName - getQualifiedName() - start
23:05:23.108 [main] DEBUG org.dbunit.util.QualifiedTableName - getQualifiedName(prefix=, name=orders, escapePattern=null) - start
23:05:23.108 [main] DEBUG o.d.d.statement.SimpleStatement - addBatch(sql=delete from orders) - start
23:05:23.108 [main] DEBUG o.d.operation.DeleteAllOperation - Added SQL: delete from orders
23:05:23.108 [main] DEBUG org.dbunit.database.DatabaseDataSet - getTableMetaData(tableName=products) - start
23:05:23.109 [main] DEBUG org.dbunit.database.DatabaseDataSet - initialize() - start
23:05:23.109 [main] DEBUG o.dbunit.dataset.OrderedTableNameMap - getTableName(tableName=products) - start
23:05:23.109 [main] DEBUG o.dbunit.dataset.OrderedTableNameMap - getTableName(tableName=products) - end - result=PRODUCTS
23:05:23.109 [main] DEBUG o.dbunit.dataset.OrderedTableNameMap - getTableName(tableName=products) - start
23:05:23.109 [main] DEBUG o.dbunit.dataset.OrderedTableNameMap - getTableName(tableName=products) - end - result=PRODUCTS
23:05:23.113 [main] DEBUG org.dbunit.util.SQLHelper - isEscaped returns 'false' for tableName=products (dbIdentifierQuoteString=`)
23:05:23.114 [main] DEBUG o.d.database.DatabaseTableMetaData - Validating if table 'products' exists in schema '' ...
23:05:23.115 [main] DEBUG org.dbunit.util.SQLHelper - close(resultSet=com.mysql.jdbc.JDBC4ResultSet@8ceeea) - start
23:05:23.115 [main] DEBUG o.dbunit.dataset.OrderedTableNameMap - update(tableName=products, object=table=products, cols=[(sku_number, INTEGER, noNulls), (name, VARCHAR, noNulls), (amount, DECIMAL, noNulls)], pk=[(sku_number, INTEGER, noNulls)]) - start
23:05:23.121 [main] DEBUG o.dbunit.dataset.OrderedTableNameMap - getTableName(tableName=products) - start
23:05:23.122 [main] DEBUG o.dbunit.dataset.OrderedTableNameMap - getTableName(tableName=products) - end - result=PRODUCTS
23:05:23.122 [main] DEBUG o.dbunit.dataset.OrderedTableNameMap - getTableName(tableName=products) - start
23:05:23.217 [main] DEBUG o.dbunit.dataset.OrderedTableNameMap - getTableName(tableName=products) - end - result=PRODUCTS
23:05:23.217 [main] DEBUG o.dbunit.operation.AbstractOperation - getQualifiedName(prefix=, name=products, connection=org.dbunit.database.DatabaseConnection[schema=, connection=com.mysql.jdbc.JDBC4Connection@b1074a, super=_databaseConfig=org.dbunit.database.DatabaseConfig[, _propertyMap={http://www.dbunit.org/properties/statementFactory=org.dbunit.database.statement.PreparedStatementFactory@8238f4, http://www.dbunit.org/features/caseSensitiveTableNames=false, http://www.dbunit.org/properties/fetchSize=100, http://www.dbunit.org/features/batchedStatements=false, http://www.dbunit.org/properties/metadataHandler=org.dbunit.database.DefaultMetadataHandler@55a338, http://www.dbunit.org/properties/datatypeFactory=org.dbunit.dataset.datatype.DefaultDataTypeFactory[_toleratedDeltaMap=org.dbunit.dataset.datatype.ToleratedDeltaMap@297ffb], http://www.dbunit.org/properties/escapePattern=null, http://www.dbunit.org/properties/batchSize=100, http://www.dbunit.org/features/qualifiedTableNames=false, http://www.dbunit.org/properties/tableType=[Ljava.lang.String;@914f6a, http://www.dbunit.org/properties/resultSetTableFactory=org.dbunit.database.CachedResultSetTableFactory@1f4cbee, http://www.dbunit.org/features/datatypeWarning=true}], _dataSet=AbstractDataSet[_orderedTableNameMap=null]]) - start
23:05:23.218 [main] DEBUG org.dbunit.util.QualifiedTableName - getQualifiedName() - start
23:05:23.218 [main] DEBUG org.dbunit.util.QualifiedTableName - getQualifiedName(prefix=, name=products, escapePattern=null) - start
23:05:23.218 [main] DEBUG o.d.d.statement.SimpleStatement - addBatch(sql=delete from products) - start
23:05:23.218 [main] DEBUG o.d.operation.DeleteAllOperation - Added SQL: delete from products
23:05:23.218 [main] DEBUG org.dbunit.database.DatabaseDataSet - getTableMetaData(tableName=customers) - start
23:05:23.219 [main] DEBUG org.dbunit.database.DatabaseDataSet - initialize() - start
23:05:23.219 [main] DEBUG o.dbunit.dataset.OrderedTableNameMap - getTableName(tableName=customers) - start
23:05:23.219 [main] DEBUG o.dbunit.dataset.OrderedTableNameMap - getTableName(tableName=customers) - end - result=CUSTOMERS
23:05:23.219 [main] DEBUG o.dbunit.dataset.OrderedTableNameMap - getTableName(tableName=customers) - start
23:05:23.219 [main] DEBUG o.dbunit.dataset.OrderedTableNameMap - getTableName(tableName=customers) - end - result=CUSTOMERS
23:05:23.224 [main] DEBUG org.dbunit.util.SQLHelper - isEscaped returns 'false' for tableName=customers (dbIdentifierQuoteString=`)
23:05:23.224 [main] DEBUG o.d.database.DatabaseTableMetaData - Validating if table 'customers' exists in schema '' ...
23:05:23.225 [main] DEBUG org.dbunit.util.SQLHelper - close(resultSet=com.mysql.jdbc.JDBC4ResultSet@1c50507) - start
23:05:23.225 [main] DEBUG o.dbunit.dataset.OrderedTableNameMap - update(tableName=customers, object=table=customers, cols=[(id, INTEGER, noNulls), (name, VARCHAR, nullable)], pk=[(id, INTEGER, noNulls)]) - start
23:05:23.233 [main] DEBUG o.dbunit.dataset.OrderedTableNameMap - getTableName(tableName=customers) - start
23:05:23.233 [main] DEBUG o.dbunit.dataset.OrderedTableNameMap - getTableName(tableName=customers) - end - result=CUSTOMERS
23:05:23.233 [main] DEBUG o.dbunit.dataset.OrderedTableNameMap - getTableName(tableName=customers) - start
23:05:23.327 [main] DEBUG o.dbunit.dataset.OrderedTableNameMap - getTableName(tableName=customers) - end - result=CUSTOMERS
23:05:23.327 [main] DEBUG o.dbunit.operation.AbstractOperation - getQualifiedName(prefix=, name=customers, connection=org.dbunit.database.DatabaseConnection[schema=, connection=com.mysql.jdbc.JDBC4Connection@b1074a, super=_databaseConfig=org.dbunit.database.DatabaseConfig[, _propertyMap={http://www.dbunit.org/properties/statementFactory=org.dbunit.database.statement.PreparedStatementFactory@8238f4, http://www.dbunit.org/features/caseSensitiveTableNames=false, http://www.dbunit.org/properties/fetchSize=100, http://www.dbunit.org/features/batchedStatements=false, http://www.dbunit.org/properties/metadataHandler=org.dbunit.database.DefaultMetadataHandler@55a338, http://www.dbunit.org/properties/datatypeFactory=org.dbunit.dataset.datatype.DefaultDataTypeFactory[_toleratedDeltaMap=org.dbunit.dataset.datatype.ToleratedDeltaMap@297ffb], http://www.dbunit.org/properties/escapePattern=null, http://www.dbunit.org/properties/batchSize=100, http://www.dbunit.org/features/qualifiedTableNames=false, http://www.dbunit.org/properties/tableType=[Ljava.lang.String;@914f6a, http://www.dbunit.org/properties/resultSetTableFactory=org.dbunit.database.CachedResultSetTableFactory@1f4cbee, http://www.dbunit.org/features/datatypeWarning=true}], _dataSet=AbstractDataSet[_orderedTableNameMap=null]]) - start
23:05:23.328 [main] DEBUG org.dbunit.util.QualifiedTableName - getQualifiedName() - start
23:05:23.328 [main] DEBUG org.dbunit.util.QualifiedTableName - getQualifiedName(prefix=, name=customers, escapePattern=null) - start
23:05:23.328 [main] DEBUG o.d.d.statement.SimpleStatement - addBatch(sql=delete from customers) - start
23:05:23.328 [main] DEBUG o.d.operation.DeleteAllOperation - Added SQL: delete from customers
23:05:23.328 [main] DEBUG o.d.d.statement.SimpleStatement - executeBatch() - start
23:05:23.328 [main] DEBUG o.d.d.statement.SimpleStatement - DbUnit SQL: delete from order_items
23:05:23.375 [main] DEBUG o.d.d.statement.SimpleStatement - DbUnit SQL: delete from orders
23:05:23.408 [main] DEBUG o.d.d.statement.SimpleStatement - DbUnit SQL: delete from products
23:05:23.425 [main] DEBUG o.d.d.statement.SimpleStatement - DbUnit SQL: delete from customers
23:05:23.483 [main] DEBUG o.d.d.statement.SimpleStatement - clearBatch() - start
23:05:23.483 [main] DEBUG o.d.d.s.AbstractBatchStatement - close() - start
23:05:23.483 [main] DEBUG org.dbunit.DefaultOperationListener - operationTearDownFinished(connection=org.dbunit.database.DatabaseConnection[schema=, connection=com.mysql.jdbc.JDBC4Connection@b1074a, super=_databaseConfig=org.dbunit.database.DatabaseConfig[, _propertyMap={http://www.dbunit.org/properties/statementFactory=org.dbunit.database.statement.PreparedStatementFactory@8238f4, http://www.dbunit.org/features/caseSensitiveTableNames=false, http://www.dbunit.org/properties/fetchSize=100, http://www.dbunit.org/features/batchedStatements=false, http://www.dbunit.org/properties/metadataHandler=org.dbunit.database.DefaultMetadataHandler@55a338, http://www.dbunit.org/properties/datatypeFactory=org.dbunit.dataset.datatype.DefaultDataTypeFactory[_toleratedDeltaMap=org.dbunit.dataset.datatype.ToleratedDeltaMap@297ffb], http://www.dbunit.org/properties/escapePattern=null, http://www.dbunit.org/properties/batchSize=100, http://www.dbunit.org/features/qualifiedTableNames=false, http://www.dbunit.org/properties/tableType=[Ljava.lang.String;@914f6a, http://www.dbunit.org/properties/resultSetTableFactory=org.dbunit.database.CachedResultSetTableFactory@1f4cbee, http://www.dbunit.org/features/datatypeWarning=true}], _dataSet=AbstractDataSet[_orderedTableNameMap=null]]) - start
23:05:23.534 [main] DEBUG org.dbunit.DefaultOperationListener - closeConnection(connection=org.dbunit.database.DatabaseConnection[schema=, connection=com.mysql.jdbc.JDBC4Connection@b1074a, super=_databaseConfig=org.dbunit.database.DatabaseConfig[, _propertyMap={http://www.dbunit.org/properties/statementFactory=org.dbunit.database.statement.PreparedStatementFactory@8238f4, http://www.dbunit.org/features/caseSensitiveTableNames=false, http://www.dbunit.org/properties/fetchSize=100, http://www.dbunit.org/features/batchedStatements=false, http://www.dbunit.org/properties/metadataHandler=org.dbunit.database.DefaultMetadataHandler@55a338, http://www.dbunit.org/properties/datatypeFactory=org.dbunit.dataset.datatype.DefaultDataTypeFactory[_toleratedDeltaMap=org.dbunit.dataset.datatype.ToleratedDeltaMap@297ffb], http://www.dbunit.org/properties/escapePattern=null, http://www.dbunit.org/properties/batchSize=100, http://www.dbunit.org/features/qualifiedTableNames=false, http://www.dbunit.org/properties/tableType=[Ljava.lang.String;@914f6a, http://www.dbunit.org/properties/resultSetTableFactory=org.dbunit.database.CachedResultSetTableFactory@1f4cbee, http://www.dbunit.org/features/datatypeWarning=true}], _dataSet=AbstractDataSet[_orderedTableNameMap=null]]) - start
23:05:23.534 [main] DEBUG o.dbunit.database.DatabaseConnection - close() - start
]]></system-out>
  <system-err><![CDATA[]]></system-err>
</testsuite>
