<?xml version="1.0" encoding="UTF-8" ?>
<testsuite errors="0" failures="0" hostname="Blacklock" name="com.onb.orderingsystem.dao.jdbc.OrderDaoTest" tests="1" time="9.292" timestamp="2011-06-13T15:05:01">
  <properties>
[...]
</properties>
  <testcase classname="com.onb.orderingsystem.dao.jdbc.OrderDaoTest" name="testUpdateOrder" time="9.096" />
  <system-out><![CDATA[23:05:01.071 [main] DEBUG org.dbunit.DBTestCase - getConnection() - start
23:05:01.094 [main] DEBUG org.dbunit.assertion.SimpleAssert - assertNotNullNorEmpty(propertyName=driverClass, property=com.mysql.jdbc.Driver) - start
23:05:01.105 [main] DEBUG org.dbunit.JdbcDatabaseTester - getConnection() - start
23:05:01.106 [main] DEBUG org.dbunit.assertion.SimpleAssert - assertNotNullNorEmpty(propertyName=connectionUrl, property=jdbc:mysql://127.0.0.1/orderingsystem_test) - start
23:05:01.370 [main] DEBUG org.dbunit.util.SQLHelper - isEscaped returns 'false' for tableName= (dbIdentifierQuoteString=`)
23:05:01.374 [main] DEBUG o.dbunit.database.DatabaseConnection - Database connection info: 
	database product name=MySQL
	database version=5.5.2-m2-community
	database major version=5
	database minor version=5
	jdbc driver name=MySQL-AB JDBC Driver
	jdbc driver version=mysql-connector-java-5.1.16 ( Revision: ${bzr.revision-id} )
	jdbc driver major version=5
	jdbc driver minor version=1

23:05:01.455 [main] DEBUG o.dbunit.database.DatabaseConnection - validateSchema(validateStrict=false) - start
23:05:01.458 [main] WARN  o.dbunit.database.DatabaseConnection - The given schema '' does not exist.
23:05:01.656 [main] DEBUG org.dbunit.DatabaseTestCase - setUp() - start
23:05:01.656 [main] DEBUG org.dbunit.AbstractDatabaseTester - setSetUpOperation(setUpOperation=org.dbunit.operation.CompositeOperation[_actions=[org.dbunit.operation.DeleteAllOperation@4ecfdd, org.dbunit.operation.InsertOperation[_reverseRowOrder=false, super=org.dbunit.operation.InsertOperation@30d82d]]]) - start
23:05:01.658 [main] DEBUG o.d.d.xml.FlatXmlDataSetBuilder - Creating FlatXmlDataSet with builder parameters: org.dbunit.dataset.xml.FlatXmlDataSetBuilder[dtdMetadata=true, columnSensing=false, caseSensitiveTableNames=false, metaDataSet=null]
23:05:01.738 [main] DEBUG o.d.d.xml.FlatXmlDataSetBuilder - Creating FlatXmlProducer using the properties of this builder: org.dbunit.dataset.xml.FlatXmlDataSetBuilder[dtdMetadata=true, columnSensing=false, caseSensitiveTableNames=false, metaDataSet=null]
23:05:01.752 [main] DEBUG o.dbunit.dataset.xml.FlatXmlProducer - setConsumer(consumer) - start
23:05:01.753 [main] DEBUG o.dbunit.dataset.xml.FlatXmlProducer - produce() - start
23:05:01.761 [main] DEBUG o.dbunit.dataset.xml.FlatDtdProducer - setLexicalHandler(xmlReader=org.apache.xerces.parsers.SAXParser@b4e29b, handler=org.dbunit.dataset.xml.FlatXmlProducer$FlatDtdHandler@18941f7) - start
23:05:01.761 [main] DEBUG o.dbunit.dataset.xml.FlatDtdProducer - setDeclHandler(xmlReader=org.apache.xerces.parsers.SAXParser@b4e29b, handler=org.dbunit.dataset.xml.FlatXmlProducer$FlatDtdHandler@18941f7) - start
23:05:01.848 [main] DEBUG o.dbunit.dataset.xml.FlatXmlProducer - startElement(uri=, localName=, qName=dataset, attributes=org.apache.xerces.parsers.AbstractSAXParser$AttributesProxy@6c585a) - start
23:05:01.848 [main] DEBUG org.dbunit.dataset.CachedDataSet - startDataSet() - start
23:05:01.848 [main] DEBUG o.dbunit.dataset.xml.FlatXmlProducer - startElement(uri=, localName=, qName=customers, attributes=org.apache.xerces.parsers.AbstractSAXParser$AttributesProxy@6c585a) - start
23:05:01.848 [main] DEBUG o.dbunit.dataset.OrderedTableNameMap - getLastTableName() - start
23:05:01.943 [main] DEBUG o.dbunit.dataset.OrderedTableNameMap - isLastTable(tableName=customers) - start
23:05:01.943 [main] DEBUG o.dbunit.dataset.OrderedTableNameMap - getTableName(tableName=customers) - start
23:05:01.943 [main] DEBUG o.dbunit.dataset.OrderedTableNameMap - getTableName(tableName=customers) - end - result=CUSTOMERS
23:05:01.943 [main] DEBUG o.dbunit.dataset.xml.FlatXmlProducer - createTableMetaData(tableName=customers, attributes=org.apache.xerces.parsers.AbstractSAXParser$AttributesProxy@6c585a) - start
23:05:01.963 [main] DEBUG org.dbunit.dataset.Columns - getColumns(columnNames=[], columns=[(id, UNKNOWN, nullableUnknown), (name, UNKNOWN, nullableUnknown)]) - start
23:05:01.963 [main] DEBUG o.dbunit.dataset.OrderedTableNameMap - add(tableName=customers, object=tableName=customers, columns=[(id, UNKNOWN, nullableUnknown), (name, UNKNOWN, nullableUnknown)], keys=[]) - start
23:05:01.963 [main] DEBUG o.dbunit.dataset.OrderedTableNameMap - getTableName(tableName=customers) - start
23:05:01.964 [main] DEBUG o.dbunit.dataset.OrderedTableNameMap - getTableName(tableName=customers) - end - result=CUSTOMERS
23:05:02.048 [main] DEBUG o.dbunit.dataset.OrderedTableNameMap - getTableName(tableName=CUSTOMERS) - start
23:05:02.048 [main] DEBUG o.dbunit.dataset.OrderedTableNameMap - getTableName(tableName=CUSTOMERS) - end - result=CUSTOMERS
23:05:02.048 [main] DEBUG org.dbunit.dataset.CachedDataSet - startTable(metaData=tableName=customers, columns=[(id, UNKNOWN, nullableUnknown), (name, UNKNOWN, nullableUnknown)], keys=[]) - start
23:05:02.053 [main] DEBUG o.dbunit.dataset.OrderedTableNameMap - getLastTableName() - start
23:05:02.054 [main] DEBUG o.dbunit.dataset.OrderedTableNameMap - getTableName(tableName=customers) - start
23:05:02.054 [main] DEBUG o.dbunit.dataset.OrderedTableNameMap - getTableName(tableName=customers) - end - result=CUSTOMERS
23:05:02.054 [main] DEBUG o.d.dataset.AbstractTableMetaData - getColumnIndex(columnName=id) - start
23:05:02.054 [main] DEBUG o.d.dataset.AbstractTableMetaData - getColumnIndex(columnName=name) - start
23:05:02.151 [main] DEBUG o.dbunit.dataset.OrderedTableNameMap - getLastTableName() - start
23:05:02.151 [main] DEBUG o.dbunit.dataset.OrderedTableNameMap - getTableName(tableName=customers) - start
23:05:02.151 [main] DEBUG o.dbunit.dataset.OrderedTableNameMap - getTableName(tableName=customers) - end - result=CUSTOMERS
23:05:02.151 [main] DEBUG org.dbunit.dataset.CachedDataSet - row(values=1) - start
23:05:02.151 [main] DEBUG org.dbunit.dataset.DefaultTable - addRow(values=1) - start
23:05:02.152 [main] DEBUG o.dbunit.dataset.xml.FlatXmlProducer - endElement(uri=, localName=, qName=customers) - start
23:05:02.153 [main] DEBUG o.dbunit.dataset.xml.FlatXmlProducer - startElement(uri=, localName=, qName=customers, attributes=org.apache.xerces.parsers.AbstractSAXParser$AttributesProxy@6c585a) - start
23:05:02.153 [main] DEBUG o.dbunit.dataset.OrderedTableNameMap - getLastTableName() - start
23:05:02.153 [main] DEBUG o.dbunit.dataset.OrderedTableNameMap - getTableName(tableName=customers) - start
23:05:02.153 [main] DEBUG o.dbunit.dataset.OrderedTableNameMap - getTableName(tableName=customers) - end - result=CUSTOMERS
23:05:02.154 [main] DEBUG o.dbunit.dataset.OrderedTableNameMap - isLastTable(tableName=customers) - start
23:05:02.155 [main] DEBUG o.dbunit.dataset.OrderedTableNameMap - getLastTableName() - start
23:05:02.155 [main] DEBUG o.dbunit.dataset.OrderedTableNameMap - getTableName(tableName=customers) - start
23:05:02.155 [main] DEBUG o.dbunit.dataset.OrderedTableNameMap - getTableName(tableName=customers) - end - result=CUSTOMERS
23:05:02.155 [main] DEBUG o.dbunit.dataset.OrderedTableNameMap - getTableName(tableName=customers) - start
23:05:02.156 [main] DEBUG o.dbunit.dataset.OrderedTableNameMap - getTableName(tableName=customers) - end - result=CUSTOMERS
23:05:02.157 [main] DEBUG o.dbunit.dataset.OrderedTableNameMap - getLastTableName() - start
23:05:02.157 [main] DEBUG o.dbunit.dataset.OrderedTableNameMap - getTableName(tableName=customers) - start
23:05:02.157 [main] DEBUG o.dbunit.dataset.OrderedTableNameMap - getTableName(tableName=customers) - end - result=CUSTOMERS
23:05:02.157 [main] DEBUG o.d.dataset.AbstractTableMetaData - getColumnIndex(columnName=id) - start
23:05:02.158 [main] DEBUG o.d.dataset.AbstractTableMetaData - getColumnIndex(columnName=name) - start
23:05:02.158 [main] DEBUG o.dbunit.dataset.OrderedTableNameMap - getLastTableName() - start
23:05:02.158 [main] DEBUG o.dbunit.dataset.OrderedTableNameMap - getTableName(tableName=customers) - start
23:05:02.158 [main] DEBUG o.dbunit.dataset.OrderedTableNameMap - getTableName(tableName=customers) - end - result=CUSTOMERS
23:05:02.158 [main] DEBUG org.dbunit.dataset.CachedDataSet - row(values=2) - start
23:05:02.160 [main] DEBUG org.dbunit.dataset.DefaultTable - addRow(values=2) - start
23:05:02.160 [main] DEBUG o.dbunit.dataset.xml.FlatXmlProducer - endElement(uri=, localName=, qName=customers) - start
23:05:02.160 [main] DEBUG o.dbunit.dataset.xml.FlatXmlProducer - startElement(uri=, localName=, qName=customers, attributes=org.apache.xerces.parsers.AbstractSAXParser$AttributesProxy@6c585a) - start
23:05:02.160 [main] DEBUG o.dbunit.dataset.OrderedTableNameMap - getLastTableName() - start
23:05:02.160 [main] DEBUG o.dbunit.dataset.OrderedTableNameMap - getTableName(tableName=customers) - start
23:05:02.161 [main] DEBUG o.dbunit.dataset.OrderedTableNameMap - getTableName(tableName=customers) - end - result=CUSTOMERS
23:05:02.161 [main] DEBUG o.dbunit.dataset.OrderedTableNameMap - isLastTable(tableName=customers) - start
23:05:02.161 [main] DEBUG o.dbunit.dataset.OrderedTableNameMap - getLastTableName() - start
23:05:02.161 [main] DEBUG o.dbunit.dataset.OrderedTableNameMap - getTableName(tableName=customers) - start
23:05:02.162 [main] DEBUG o.dbunit.dataset.OrderedTableNameMap - getTableName(tableName=customers) - end - result=CUSTOMERS
23:05:02.163 [main] DEBUG o.dbunit.dataset.OrderedTableNameMap - getTableName(tableName=customers) - start
23:05:02.163 [main] DEBUG o.dbunit.dataset.OrderedTableNameMap - getTableName(tableName=customers) - end - result=CUSTOMERS
23:05:02.163 [main] DEBUG o.dbunit.dataset.OrderedTableNameMap - getLastTableName() - start
23:05:02.163 [main] DEBUG o.dbunit.dataset.OrderedTableNameMap - getTableName(tableName=customers) - start
23:05:02.163 [main] DEBUG o.dbunit.dataset.OrderedTableNameMap - getTableName(tableName=customers) - end - result=CUSTOMERS
23:05:02.165 [main] DEBUG o.d.dataset.AbstractTableMetaData - getColumnIndex(columnName=id) - start
23:05:02.165 [main] DEBUG o.d.dataset.AbstractTableMetaData - getColumnIndex(columnName=name) - start
23:05:02.165 [main] DEBUG o.dbunit.dataset.OrderedTableNameMap - getLastTableName() - start
23:05:02.165 [main] DEBUG o.dbunit.dataset.OrderedTableNameMap - getTableName(tableName=customers) - start
23:05:02.165 [main] DEBUG o.dbunit.dataset.OrderedTableNameMap - getTableName(tableName=customers) - end - result=CUSTOMERS
23:05:02.167 [main] DEBUG org.dbunit.dataset.CachedDataSet - row(values=3) - start
23:05:02.167 [main] DEBUG org.dbunit.dataset.DefaultTable - addRow(values=3) - start
23:05:02.167 [main] DEBUG o.dbunit.dataset.xml.FlatXmlProducer - endElement(uri=, localName=, qName=customers) - start
23:05:02.167 [main] DEBUG o.dbunit.dataset.xml.FlatXmlProducer - startElement(uri=, localName=, qName=customers, attributes=org.apache.xerces.parsers.AbstractSAXParser$AttributesProxy@6c585a) - start
23:05:02.167 [main] DEBUG o.dbunit.dataset.OrderedTableNameMap - getLastTableName() - start
23:05:02.168 [main] DEBUG o.dbunit.dataset.OrderedTableNameMap - getTableName(tableName=customers) - start
23:05:02.168 [main] DEBUG o.dbunit.dataset.OrderedTableNameMap - getTableName(tableName=customers) - end - result=CUSTOMERS
23:05:02.168 [main] DEBUG o.dbunit.dataset.OrderedTableNameMap - isLastTable(tableName=customers) - start
23:05:02.168 [main] DEBUG o.dbunit.dataset.OrderedTableNameMap - getLastTableName() - start
23:05:02.168 [main] DEBUG o.dbunit.dataset.OrderedTableNameMap - getTableName(tableName=customers) - start
23:05:02.169 [main] DEBUG o.dbunit.dataset.OrderedTableNameMap - getTableName(tableName=customers) - end - result=CUSTOMERS
23:05:02.169 [main] DEBUG o.dbunit.dataset.OrderedTableNameMap - getTableName(tableName=customers) - start
23:05:02.170 [main] DEBUG o.dbunit.dataset.OrderedTableNameMap - getTableName(tableName=customers) - end - result=CUSTOMERS
23:05:02.170 [main] DEBUG o.dbunit.dataset.OrderedTableNameMap - getLastTableName() - start
23:05:02.170 [main] DEBUG o.dbunit.dataset.OrderedTableNameMap - getTableName(tableName=customers) - start
23:05:02.172 [main] DEBUG o.dbunit.dataset.OrderedTableNameMap - getTableName(tableName=customers) - end - result=CUSTOMERS
23:05:02.172 [main] DEBUG o.d.dataset.AbstractTableMetaData - getColumnIndex(columnName=id) - start
23:05:02.172 [main] DEBUG o.d.dataset.AbstractTableMetaData - getColumnIndex(columnName=name) - start
23:05:02.172 [main] DEBUG o.dbunit.dataset.OrderedTableNameMap - getLastTableName() - start
23:05:02.172 [main] DEBUG o.dbunit.dataset.OrderedTableNameMap - getTableName(tableName=customers) - start
23:05:02.173 [main] DEBUG o.dbunit.dataset.OrderedTableNameMap - getTableName(tableName=customers) - end - result=CUSTOMERS
23:05:02.174 [main] DEBUG org.dbunit.dataset.CachedDataSet - row(values=4) - start
23:05:02.174 [main] DEBUG org.dbunit.dataset.DefaultTable - addRow(values=4) - start
23:05:02.174 [main] DEBUG o.dbunit.dataset.xml.FlatXmlProducer - endElement(uri=, localName=, qName=customers) - start
23:05:02.174 [main] DEBUG o.dbunit.dataset.xml.FlatXmlProducer - startElement(uri=, localName=, qName=customers, attributes=org.apache.xerces.parsers.AbstractSAXParser$AttributesProxy@6c585a) - start
23:05:02.175 [main] DEBUG o.dbunit.dataset.OrderedTableNameMap - getLastTableName() - start
23:05:02.175 [main] DEBUG o.dbunit.dataset.OrderedTableNameMap - getTableName(tableName=customers) - start
23:05:02.175 [main] DEBUG o.dbunit.dataset.OrderedTableNameMap - getTableName(tableName=customers) - end - result=CUSTOMERS
23:05:02.175 [main] DEBUG o.dbunit.dataset.OrderedTableNameMap - isLastTable(tableName=customers) - start
23:05:02.175 [main] DEBUG o.dbunit.dataset.OrderedTableNameMap - getLastTableName() - start
23:05:02.177 [main] DEBUG o.dbunit.dataset.OrderedTableNameMap - getTableName(tableName=customers) - start
23:05:02.177 [main] DEBUG o.dbunit.dataset.OrderedTableNameMap - getTableName(tableName=customers) - end - result=CUSTOMERS
23:05:02.177 [main] DEBUG o.dbunit.dataset.OrderedTableNameMap - getTableName(tableName=customers) - start
23:05:02.177 [main] DEBUG o.dbunit.dataset.OrderedTableNameMap - getTableName(tableName=customers) - end - result=CUSTOMERS
23:05:02.177 [main] DEBUG o.dbunit.dataset.OrderedTableNameMap - getLastTableName() - start
23:05:02.179 [main] DEBUG o.dbunit.dataset.OrderedTableNameMap - getTableName(tableName=customers) - start
23:05:02.179 [main] DEBUG o.dbunit.dataset.OrderedTableNameMap - getTableName(tableName=customers) - end - result=CUSTOMERS
23:05:02.179 [main] DEBUG o.d.dataset.AbstractTableMetaData - getColumnIndex(columnName=id) - start
23:05:02.179 [main] DEBUG o.d.dataset.AbstractTableMetaData - getColumnIndex(columnName=name) - start
23:05:02.179 [main] DEBUG o.dbunit.dataset.OrderedTableNameMap - getLastTableName() - start
23:05:02.180 [main] DEBUG o.dbunit.dataset.OrderedTableNameMap - getTableName(tableName=customers) - start
23:05:02.180 [main] DEBUG o.dbunit.dataset.OrderedTableNameMap - getTableName(tableName=customers) - end - result=CUSTOMERS
23:05:02.180 [main] DEBUG org.dbunit.dataset.CachedDataSet - row(values=5) - start
23:05:02.180 [main] DEBUG org.dbunit.dataset.DefaultTable - addRow(values=5) - start
23:05:02.180 [main] DEBUG o.dbunit.dataset.xml.FlatXmlProducer - endElement(uri=, localName=, qName=customers) - start
23:05:02.182 [main] DEBUG o.dbunit.dataset.xml.FlatXmlProducer - startElement(uri=, localName=, qName=customers, attributes=org.apache.xerces.parsers.AbstractSAXParser$AttributesProxy@6c585a) - start
23:05:02.182 [main] DEBUG o.dbunit.dataset.OrderedTableNameMap - getLastTableName() - start
23:05:02.182 [main] DEBUG o.dbunit.dataset.OrderedTableNameMap - getTableName(tableName=customers) - start
23:05:02.182 [main] DEBUG o.dbunit.dataset.OrderedTableNameMap - getTableName(tableName=customers) - end - result=CUSTOMERS
23:05:02.183 [main] DEBUG o.dbunit.dataset.OrderedTableNameMap - isLastTable(tableName=customers) - start
23:05:02.184 [main] DEBUG o.dbunit.dataset.OrderedTableNameMap - getLastTableName() - start
23:05:02.184 [main] DEBUG o.dbunit.dataset.OrderedTableNameMap - getTableName(tableName=customers) - start
23:05:02.184 [main] DEBUG o.dbunit.dataset.OrderedTableNameMap - getTableName(tableName=customers) - end - result=CUSTOMERS
23:05:02.184 [main] DEBUG o.dbunit.dataset.OrderedTableNameMap - getTableName(tableName=customers) - start
23:05:02.185 [main] DEBUG o.dbunit.dataset.OrderedTableNameMap - getTableName(tableName=customers) - end - result=CUSTOMERS
23:05:02.185 [main] DEBUG o.dbunit.dataset.OrderedTableNameMap - getLastTableName() - start
23:05:02.185 [main] DEBUG o.dbunit.dataset.OrderedTableNameMap - getTableName(tableName=customers) - start
23:05:02.185 [main] DEBUG o.dbunit.dataset.OrderedTableNameMap - getTableName(tableName=customers) - end - result=CUSTOMERS
23:05:02.186 [main] DEBUG o.d.dataset.AbstractTableMetaData - getColumnIndex(columnName=id) - start
23:05:02.187 [main] DEBUG o.d.dataset.AbstractTableMetaData - getColumnIndex(columnName=name) - start
23:05:02.187 [main] DEBUG o.dbunit.dataset.OrderedTableNameMap - getLastTableName() - start
23:05:02.187 [main] DEBUG o.dbunit.dataset.OrderedTableNameMap - getTableName(tableName=customers) - start
23:05:02.187 [main] DEBUG o.dbunit.dataset.OrderedTableNameMap - getTableName(tableName=customers) - end - result=CUSTOMERS
23:05:02.187 [main] DEBUG org.dbunit.dataset.CachedDataSet - row(values=6) - start
23:05:02.189 [main] DEBUG org.dbunit.dataset.DefaultTable - addRow(values=6) - start
23:05:02.189 [main] DEBUG o.dbunit.dataset.xml.FlatXmlProducer - endElement(uri=, localName=, qName=customers) - start
23:05:02.189 [main] DEBUG o.dbunit.dataset.xml.FlatXmlProducer - startElement(uri=, localName=, qName=products, attributes=org.apache.xerces.parsers.AbstractSAXParser$AttributesProxy@6c585a) - start
23:05:02.189 [main] DEBUG o.dbunit.dataset.OrderedTableNameMap - getLastTableName() - start
23:05:02.189 [main] DEBUG o.dbunit.dataset.OrderedTableNameMap - getTableName(tableName=customers) - start
23:05:02.190 [main] DEBUG o.dbunit.dataset.OrderedTableNameMap - getTableName(tableName=customers) - end - result=CUSTOMERS
23:05:02.190 [main] DEBUG o.dbunit.dataset.OrderedTableNameMap - isLastTable(tableName=products) - start
23:05:02.190 [main] DEBUG o.dbunit.dataset.OrderedTableNameMap - getLastTableName() - start
23:05:02.190 [main] DEBUG o.dbunit.dataset.OrderedTableNameMap - getTableName(tableName=customers) - start
23:05:02.190 [main] DEBUG o.dbunit.dataset.OrderedTableNameMap - getTableName(tableName=customers) - end - result=CUSTOMERS
23:05:02.192 [main] DEBUG o.dbunit.dataset.OrderedTableNameMap - getTableName(tableName=products) - start
23:05:02.193 [main] DEBUG o.dbunit.dataset.OrderedTableNameMap - getTableName(tableName=products) - end - result=PRODUCTS
23:05:02.193 [main] DEBUG org.dbunit.dataset.CachedDataSet - endTable() - start
23:05:02.193 [main] DEBUG o.dbunit.dataset.OrderedTableNameMap - getTableName(tableName=customers) - start
23:05:02.193 [main] DEBUG o.dbunit.dataset.OrderedTableNameMap - getTableName(tableName=customers) - end - result=CUSTOMERS
23:05:02.194 [main] DEBUG o.dbunit.dataset.OrderedTableNameMap - add(tableName=customers, object=org.dbunit.dataset.DefaultTable[_metaData=tableName=customers, columns=[(id, UNKNOWN, nullableUnknown), (name, UNKNOWN, nullableUnknown)], keys=[], _rowList.size()=6]) - start
23:05:02.194 [main] DEBUG o.dbunit.dataset.OrderedTableNameMap - getTableName(tableName=customers) - start
23:05:02.194 [main] DEBUG o.dbunit.dataset.OrderedTableNameMap - getTableName(tableName=customers) - end - result=CUSTOMERS
23:05:02.194 [main] DEBUG o.dbunit.dataset.OrderedTableNameMap - getTableName(tableName=CUSTOMERS) - start
23:05:02.196 [main] DEBUG o.dbunit.dataset.OrderedTableNameMap - getTableName(tableName=CUSTOMERS) - end - result=CUSTOMERS
23:05:02.196 [main] DEBUG o.dbunit.dataset.OrderedTableNameMap - getTableName(tableName=products) - start
23:05:02.196 [main] DEBUG o.dbunit.dataset.OrderedTableNameMap - getTableName(tableName=products) - end - result=PRODUCTS
23:05:02.196 [main] DEBUG o.dbunit.dataset.xml.FlatXmlProducer - createTableMetaData(tableName=products, attributes=org.apache.xerces.parsers.AbstractSAXParser$AttributesProxy@6c585a) - start
23:05:02.197 [main] DEBUG org.dbunit.dataset.Columns - getColumns(columnNames=[], columns=[(sku_number, UNKNOWN, nullableUnknown), (name, UNKNOWN, nullableUnknown), (amount, UNKNOWN, nullableUnknown)]) - start
23:05:02.197 [main] DEBUG o.dbunit.dataset.OrderedTableNameMap - add(tableName=products, object=tableName=products, columns=[(sku_number, UNKNOWN, nullableUnknown), (name, UNKNOWN, nullableUnknown), (amount, UNKNOWN, nullableUnknown)], keys=[]) - start
23:05:02.197 [main] DEBUG o.dbunit.dataset.OrderedTableNameMap - getTableName(tableName=products) - start
23:05:02.199 [main] DEBUG o.dbunit.dataset.OrderedTableNameMap - getTableName(tableName=products) - end - result=PRODUCTS
23:05:02.199 [main] DEBUG o.dbunit.dataset.OrderedTableNameMap - getTableName(tableName=PRODUCTS) - start
23:05:02.199 [main] DEBUG o.dbunit.dataset.OrderedTableNameMap - getTableName(tableName=PRODUCTS) - end - result=PRODUCTS
23:05:02.199 [main] DEBUG org.dbunit.dataset.CachedDataSet - startTable(metaData=tableName=products, columns=[(sku_number, UNKNOWN, nullableUnknown), (name, UNKNOWN, nullableUnknown), (amount, UNKNOWN, nullableUnknown)], keys=[]) - start
23:05:02.200 [main] DEBUG o.dbunit.dataset.OrderedTableNameMap - getLastTableName() - start
23:05:02.201 [main] DEBUG o.dbunit.dataset.OrderedTableNameMap - getTableName(tableName=products) - start
23:05:02.201 [main] DEBUG o.dbunit.dataset.OrderedTableNameMap - getTableName(tableName=products) - end - result=PRODUCTS
23:05:02.201 [main] DEBUG o.d.dataset.AbstractTableMetaData - getColumnIndex(columnName=sku_number) - start
23:05:02.201 [main] DEBUG o.d.dataset.AbstractTableMetaData - getColumnIndex(columnName=name) - start
23:05:02.202 [main] DEBUG o.d.dataset.AbstractTableMetaData - getColumnIndex(columnName=amount) - start
23:05:02.202 [main] DEBUG o.dbunit.dataset.OrderedTableNameMap - getLastTableName() - start
23:05:02.202 [main] DEBUG o.dbunit.dataset.OrderedTableNameMap - getTableName(tableName=products) - start
23:05:02.202 [main] DEBUG o.dbunit.dataset.OrderedTableNameMap - getTableName(tableName=products) - end - result=PRODUCTS
23:05:02.202 [main] DEBUG org.dbunit.dataset.CachedDataSet - row(values=1) - start
23:05:02.202 [main] DEBUG org.dbunit.dataset.DefaultTable - addRow(values=1) - start
23:05:02.204 [main] DEBUG o.dbunit.dataset.xml.FlatXmlProducer - endElement(uri=, localName=, qName=products) - start
23:05:02.204 [main] DEBUG o.dbunit.dataset.xml.FlatXmlProducer - startElement(uri=, localName=, qName=products, attributes=org.apache.xerces.parsers.AbstractSAXParser$AttributesProxy@6c585a) - start
23:05:02.204 [main] DEBUG o.dbunit.dataset.OrderedTableNameMap - getLastTableName() - start
23:05:02.204 [main] DEBUG o.dbunit.dataset.OrderedTableNameMap - getTableName(tableName=products) - start
23:05:02.206 [main] DEBUG o.dbunit.dataset.OrderedTableNameMap - getTableName(tableName=products) - end - result=PRODUCTS
23:05:02.206 [main] DEBUG o.dbunit.dataset.OrderedTableNameMap - isLastTable(tableName=products) - start
23:05:02.206 [main] DEBUG o.dbunit.dataset.OrderedTableNameMap - getLastTableName() - start
23:05:02.206 [main] DEBUG o.dbunit.dataset.OrderedTableNameMap - getTableName(tableName=products) - start
23:05:02.206 [main] DEBUG o.dbunit.dataset.OrderedTableNameMap - getTableName(tableName=products) - end - result=PRODUCTS
23:05:02.207 [main] DEBUG o.dbunit.dataset.OrderedTableNameMap - getTableName(tableName=products) - start
23:05:02.207 [main] DEBUG o.dbunit.dataset.OrderedTableNameMap - getTableName(tableName=products) - end - result=PRODUCTS
23:05:02.208 [main] DEBUG o.dbunit.dataset.OrderedTableNameMap - getLastTableName() - start
23:05:02.208 [main] DEBUG o.dbunit.dataset.OrderedTableNameMap - getTableName(tableName=products) - start
23:05:02.208 [main] DEBUG o.dbunit.dataset.OrderedTableNameMap - getTableName(tableName=products) - end - result=PRODUCTS
23:05:02.209 [main] DEBUG o.d.dataset.AbstractTableMetaData - getColumnIndex(columnName=sku_number) - start
23:05:02.209 [main] DEBUG o.d.dataset.AbstractTableMetaData - getColumnIndex(columnName=name) - start
23:05:02.209 [main] DEBUG o.d.dataset.AbstractTableMetaData - getColumnIndex(columnName=amount) - start
23:05:02.209 [main] DEBUG o.dbunit.dataset.OrderedTableNameMap - getLastTableName() - start
23:05:02.209 [main] DEBUG o.dbunit.dataset.OrderedTableNameMap - getTableName(tableName=products) - start
23:05:02.211 [main] DEBUG o.dbunit.dataset.OrderedTableNameMap - getTableName(tableName=products) - end - result=PRODUCTS
23:05:02.211 [main] DEBUG org.dbunit.dataset.CachedDataSet - row(values=2) - start
23:05:02.211 [main] DEBUG org.dbunit.dataset.DefaultTable - addRow(values=2) - start
23:05:02.211 [main] DEBUG o.dbunit.dataset.xml.FlatXmlProducer - endElement(uri=, localName=, qName=products) - start
23:05:02.211 [main] DEBUG o.dbunit.dataset.xml.FlatXmlProducer - startElement(uri=, localName=, qName=products, attributes=org.apache.xerces.parsers.AbstractSAXParser$AttributesProxy@6c585a) - start
23:05:02.212 [main] DEBUG o.dbunit.dataset.OrderedTableNameMap - getLastTableName() - start
23:05:02.212 [main] DEBUG o.dbunit.dataset.OrderedTableNameMap - getTableName(tableName=products) - start
23:05:02.212 [main] DEBUG o.dbunit.dataset.OrderedTableNameMap - getTableName(tableName=products) - end - result=PRODUCTS
23:05:02.213 [main] DEBUG o.dbunit.dataset.OrderedTableNameMap - isLastTable(tableName=products) - start
23:05:02.213 [main] DEBUG o.dbunit.dataset.OrderedTableNameMap - getLastTableName() - start
23:05:02.214 [main] DEBUG o.dbunit.dataset.OrderedTableNameMap - getTableName(tableName=products) - start
23:05:02.214 [main] DEBUG o.dbunit.dataset.OrderedTableNameMap - getTableName(tableName=products) - end - result=PRODUCTS
23:05:02.214 [main] DEBUG o.dbunit.dataset.OrderedTableNameMap - getTableName(tableName=products) - start
23:05:02.214 [main] DEBUG o.dbunit.dataset.OrderedTableNameMap - getTableName(tableName=products) - end - result=PRODUCTS
23:05:02.214 [main] DEBUG o.dbunit.dataset.OrderedTableNameMap - getLastTableName() - start
23:05:02.216 [main] DEBUG o.dbunit.dataset.OrderedTableNameMap - getTableName(tableName=products) - start
23:05:02.216 [main] DEBUG o.dbunit.dataset.OrderedTableNameMap - getTableName(tableName=products) - end - result=PRODUCTS
23:05:02.216 [main] DEBUG o.d.dataset.AbstractTableMetaData - getColumnIndex(columnName=sku_number) - start
23:05:02.216 [main] DEBUG o.d.dataset.AbstractTableMetaData - getColumnIndex(columnName=name) - start
23:05:02.216 [main] DEBUG o.d.dataset.AbstractTableMetaData - getColumnIndex(columnName=amount) - start
23:05:02.217 [main] DEBUG o.dbunit.dataset.OrderedTableNameMap - getLastTableName() - start
23:05:02.217 [main] DEBUG o.dbunit.dataset.OrderedTableNameMap - getTableName(tableName=products) - start
23:05:02.217 [main] DEBUG o.dbunit.dataset.OrderedTableNameMap - getTableName(tableName=products) - end - result=PRODUCTS
23:05:02.217 [main] DEBUG org.dbunit.dataset.CachedDataSet - row(values=3) - start
23:05:02.217 [main] DEBUG org.dbunit.dataset.DefaultTable - addRow(values=3) - start
23:05:02.217 [main] DEBUG o.dbunit.dataset.xml.FlatXmlProducer - endElement(uri=, localName=, qName=products) - start
23:05:02.219 [main] DEBUG o.dbunit.dataset.xml.FlatXmlProducer - startElement(uri=, localName=, qName=products, attributes=org.apache.xerces.parsers.AbstractSAXParser$AttributesProxy@6c585a) - start
23:05:02.219 [main] DEBUG o.dbunit.dataset.OrderedTableNameMap - getLastTableName() - start
23:05:02.219 [main] DEBUG o.dbunit.dataset.OrderedTableNameMap - getTableName(tableName=products) - start
23:05:02.219 [main] DEBUG o.dbunit.dataset.OrderedTableNameMap - getTableName(tableName=products) - end - result=PRODUCTS
23:05:02.221 [main] DEBUG o.dbunit.dataset.OrderedTableNameMap - isLastTable(tableName=products) - start
23:05:02.221 [main] DEBUG o.dbunit.dataset.OrderedTableNameMap - getLastTableName() - start
23:05:02.221 [main] DEBUG o.dbunit.dataset.OrderedTableNameMap - getTableName(tableName=products) - start
23:05:02.221 [main] DEBUG o.dbunit.dataset.OrderedTableNameMap - getTableName(tableName=products) - end - result=PRODUCTS
23:05:02.221 [main] DEBUG o.dbunit.dataset.OrderedTableNameMap - getTableName(tableName=products) - start
23:05:02.223 [main] DEBUG o.dbunit.dataset.OrderedTableNameMap - getTableName(tableName=products) - end - result=PRODUCTS
23:05:02.223 [main] DEBUG o.dbunit.dataset.OrderedTableNameMap - getLastTableName() - start
23:05:02.223 [main] DEBUG o.dbunit.dataset.OrderedTableNameMap - getTableName(tableName=products) - start
23:05:02.223 [main] DEBUG o.dbunit.dataset.OrderedTableNameMap - getTableName(tableName=products) - end - result=PRODUCTS
23:05:02.223 [main] DEBUG o.d.dataset.AbstractTableMetaData - getColumnIndex(columnName=sku_number) - start
23:05:02.224 [main] DEBUG o.d.dataset.AbstractTableMetaData - getColumnIndex(columnName=name) - start
23:05:02.224 [main] DEBUG o.d.dataset.AbstractTableMetaData - getColumnIndex(columnName=amount) - start
23:05:02.224 [main] DEBUG o.dbunit.dataset.OrderedTableNameMap - getLastTableName() - start
23:05:02.225 [main] DEBUG o.dbunit.dataset.OrderedTableNameMap - getTableName(tableName=products) - start
23:05:02.225 [main] DEBUG o.dbunit.dataset.OrderedTableNameMap - getTableName(tableName=products) - end - result=PRODUCTS
23:05:02.226 [main] DEBUG org.dbunit.dataset.CachedDataSet - row(values=4) - start
23:05:02.226 [main] DEBUG org.dbunit.dataset.DefaultTable - addRow(values=4) - start
23:05:02.226 [main] DEBUG o.dbunit.dataset.xml.FlatXmlProducer - endElement(uri=, localName=, qName=products) - start
23:05:02.227 [main] DEBUG o.dbunit.dataset.xml.FlatXmlProducer - startElement(uri=, localName=, qName=orders, attributes=org.apache.xerces.parsers.AbstractSAXParser$AttributesProxy@6c585a) - start
23:05:02.227 [main] DEBUG o.dbunit.dataset.OrderedTableNameMap - getLastTableName() - start
23:05:02.228 [main] DEBUG o.dbunit.dataset.OrderedTableNameMap - getTableName(tableName=products) - start
23:05:02.228 [main] DEBUG o.dbunit.dataset.OrderedTableNameMap - getTableName(tableName=products) - end - result=PRODUCTS
23:05:02.228 [main] DEBUG o.dbunit.dataset.OrderedTableNameMap - isLastTable(tableName=orders) - start
23:05:02.228 [main] DEBUG o.dbunit.dataset.OrderedTableNameMap - getLastTableName() - start
23:05:02.228 [main] DEBUG o.dbunit.dataset.OrderedTableNameMap - getTableName(tableName=products) - start
23:05:02.230 [main] DEBUG o.dbunit.dataset.OrderedTableNameMap - getTableName(tableName=products) - end - result=PRODUCTS
23:05:02.230 [main] DEBUG o.dbunit.dataset.OrderedTableNameMap - getTableName(tableName=orders) - start
23:05:02.230 [main] DEBUG o.dbunit.dataset.OrderedTableNameMap - getTableName(tableName=orders) - end - result=ORDERS
23:05:02.230 [main] DEBUG org.dbunit.dataset.CachedDataSet - endTable() - start
23:05:02.230 [main] DEBUG o.dbunit.dataset.OrderedTableNameMap - getTableName(tableName=products) - start
23:05:02.232 [main] DEBUG o.dbunit.dataset.OrderedTableNameMap - getTableName(tableName=products) - end - result=PRODUCTS
23:05:02.232 [main] DEBUG o.dbunit.dataset.OrderedTableNameMap - add(tableName=products, object=org.dbunit.dataset.DefaultTable[_metaData=tableName=products, columns=[(sku_number, UNKNOWN, nullableUnknown), (name, UNKNOWN, nullableUnknown), (amount, UNKNOWN, nullableUnknown)], keys=[], _rowList.size()=4]) - start
23:05:02.232 [main] DEBUG o.dbunit.dataset.OrderedTableNameMap - getTableName(tableName=products) - start
23:05:02.233 [main] DEBUG o.dbunit.dataset.OrderedTableNameMap - getTableName(tableName=products) - end - result=PRODUCTS
23:05:02.234 [main] DEBUG o.dbunit.dataset.OrderedTableNameMap - getTableName(tableName=PRODUCTS) - start
23:05:02.234 [main] DEBUG o.dbunit.dataset.OrderedTableNameMap - getTableName(tableName=PRODUCTS) - end - result=PRODUCTS
23:05:02.234 [main] DEBUG o.dbunit.dataset.OrderedTableNameMap - getTableName(tableName=orders) - start
23:05:02.234 [main] DEBUG o.dbunit.dataset.OrderedTableNameMap - getTableName(tableName=orders) - end - result=ORDERS
23:05:02.234 [main] DEBUG o.dbunit.dataset.xml.FlatXmlProducer - createTableMetaData(tableName=orders, attributes=org.apache.xerces.parsers.AbstractSAXParser$AttributesProxy@6c585a) - start
23:05:02.235 [main] DEBUG org.dbunit.dataset.Columns - getColumns(columnNames=[], columns=[(order_number, UNKNOWN, nullableUnknown), (customer_id, UNKNOWN, nullableUnknown), (date, UNKNOWN, nullableUnknown), (amount, UNKNOWN, nullableUnknown), (order_status, UNKNOWN, nullableUnknown), (discount_status, UNKNOWN, nullableUnknown)]) - start
23:05:02.237 [main] DEBUG o.dbunit.dataset.OrderedTableNameMap - add(tableName=orders, object=tableName=orders, columns=[(order_number, UNKNOWN, nullableUnknown), (customer_id, UNKNOWN, nullableUnknown), (date, UNKNOWN, nullableUnknown), (amount, UNKNOWN, nullableUnknown), (order_status, UNKNOWN, nullableUnknown), (discount_status, UNKNOWN, nullableUnknown)], keys=[]) - start
23:05:02.237 [main] DEBUG o.dbunit.dataset.OrderedTableNameMap - getTableName(tableName=orders) - start
23:05:02.237 [main] DEBUG o.dbunit.dataset.OrderedTableNameMap - getTableName(tableName=orders) - end - result=ORDERS
23:05:02.239 [main] DEBUG o.dbunit.dataset.OrderedTableNameMap - getTableName(tableName=ORDERS) - start
23:05:02.239 [main] DEBUG o.dbunit.dataset.OrderedTableNameMap - getTableName(tableName=ORDERS) - end - result=ORDERS
23:05:02.239 [main] DEBUG org.dbunit.dataset.CachedDataSet - startTable(metaData=tableName=orders, columns=[(order_number, UNKNOWN, nullableUnknown), (customer_id, UNKNOWN, nullableUnknown), (date, UNKNOWN, nullableUnknown), (amount, UNKNOWN, nullableUnknown), (order_status, UNKNOWN, nullableUnknown), (discount_status, UNKNOWN, nullableUnknown)], keys=[]) - start
23:05:02.241 [main] DEBUG o.dbunit.dataset.OrderedTableNameMap - getLastTableName() - start
23:05:02.241 [main] DEBUG o.dbunit.dataset.OrderedTableNameMap - getTableName(tableName=orders) - start
23:05:02.241 [main] DEBUG o.dbunit.dataset.OrderedTableNameMap - getTableName(tableName=orders) - end - result=ORDERS
23:05:02.241 [main] DEBUG o.d.dataset.AbstractTableMetaData - getColumnIndex(columnName=order_number) - start
23:05:02.241 [main] DEBUG o.d.dataset.AbstractTableMetaData - getColumnIndex(columnName=customer_id) - start
23:05:02.242 [main] DEBUG o.d.dataset.AbstractTableMetaData - getColumnIndex(columnName=date) - start
23:05:02.242 [main] DEBUG o.d.dataset.AbstractTableMetaData - getColumnIndex(columnName=amount) - start
23:05:02.242 [main] DEBUG o.d.dataset.AbstractTableMetaData - getColumnIndex(columnName=order_status) - start
23:05:02.242 [main] DEBUG o.d.dataset.AbstractTableMetaData - getColumnIndex(columnName=discount_status) - start
23:05:02.242 [main] DEBUG o.dbunit.dataset.OrderedTableNameMap - getLastTableName() - start
23:05:02.244 [main] DEBUG o.dbunit.dataset.OrderedTableNameMap - getTableName(tableName=orders) - start
23:05:02.244 [main] DEBUG o.dbunit.dataset.OrderedTableNameMap - getTableName(tableName=orders) - end - result=ORDERS
23:05:02.244 [main] DEBUG org.dbunit.dataset.CachedDataSet - row(values=1) - start
23:05:02.245 [main] DEBUG org.dbunit.dataset.DefaultTable - addRow(values=1) - start
23:05:02.245 [main] DEBUG o.dbunit.dataset.xml.FlatXmlProducer - endElement(uri=, localName=, qName=orders) - start
23:05:02.245 [main] DEBUG o.dbunit.dataset.xml.FlatXmlProducer - startElement(uri=, localName=, qName=order_items, attributes=org.apache.xerces.parsers.AbstractSAXParser$AttributesProxy@6c585a) - start
23:05:02.246 [main] DEBUG o.dbunit.dataset.OrderedTableNameMap - getLastTableName() - start
23:05:02.247 [main] DEBUG o.dbunit.dataset.OrderedTableNameMap - getTableName(tableName=orders) - start
23:05:02.247 [main] DEBUG o.dbunit.dataset.OrderedTableNameMap - getTableName(tableName=orders) - end - result=ORDERS
23:05:02.247 [main] DEBUG o.dbunit.dataset.OrderedTableNameMap - isLastTable(tableName=order_items) - start
23:05:02.247 [main] DEBUG o.dbunit.dataset.OrderedTableNameMap - getLastTableName() - start
23:05:02.249 [main] DEBUG o.dbunit.dataset.OrderedTableNameMap - getTableName(tableName=orders) - start
23:05:02.249 [main] DEBUG o.dbunit.dataset.OrderedTableNameMap - getTableName(tableName=orders) - end - result=ORDERS
23:05:02.249 [main] DEBUG o.dbunit.dataset.OrderedTableNameMap - getTableName(tableName=order_items) - start
23:05:02.249 [main] DEBUG o.dbunit.dataset.OrderedTableNameMap - getTableName(tableName=order_items) - end - result=ORDER_ITEMS
23:05:02.249 [main] DEBUG org.dbunit.dataset.CachedDataSet - endTable() - start
23:05:02.251 [main] DEBUG o.dbunit.dataset.OrderedTableNameMap - getTableName(tableName=orders) - start
23:05:02.251 [main] DEBUG o.dbunit.dataset.OrderedTableNameMap - getTableName(tableName=orders) - end - result=ORDERS
23:05:02.251 [main] DEBUG o.dbunit.dataset.OrderedTableNameMap - add(tableName=orders, object=org.dbunit.dataset.DefaultTable[_metaData=tableName=orders, columns=[(order_number, UNKNOWN, nullableUnknown), (customer_id, UNKNOWN, nullableUnknown), (date, UNKNOWN, nullableUnknown), (amount, UNKNOWN, nullableUnknown), (order_status, UNKNOWN, nullableUnknown), (discount_status, UNKNOWN, nullableUnknown)], keys=[], _rowList.size()=1]) - start
23:05:02.253 [main] DEBUG o.dbunit.dataset.OrderedTableNameMap - getTableName(tableName=orders) - start
23:05:02.254 [main] DEBUG o.dbunit.dataset.OrderedTableNameMap - getTableName(tableName=orders) - end - result=ORDERS
23:05:02.254 [main] DEBUG o.dbunit.dataset.OrderedTableNameMap - getTableName(tableName=ORDERS) - start
23:05:02.254 [main] DEBUG o.dbunit.dataset.OrderedTableNameMap - getTableName(tableName=ORDERS) - end - result=ORDERS
23:05:02.254 [main] DEBUG o.dbunit.dataset.OrderedTableNameMap - getTableName(tableName=order_items) - start
23:05:02.255 [main] DEBUG o.dbunit.dataset.OrderedTableNameMap - getTableName(tableName=order_items) - end - result=ORDER_ITEMS
23:05:02.255 [main] DEBUG o.dbunit.dataset.xml.FlatXmlProducer - createTableMetaData(tableName=order_items, attributes=org.apache.xerces.parsers.AbstractSAXParser$AttributesProxy@6c585a) - start
23:05:02.255 [main] DEBUG org.dbunit.dataset.Columns - getColumns(columnNames=[], columns=[(id, UNKNOWN, nullableUnknown), (order_order_number, UNKNOWN, nullableUnknown), (product_sku_number, UNKNOWN, nullableUnknown), (quantity, UNKNOWN, nullableUnknown)]) - start
23:05:02.257 [main] DEBUG o.dbunit.dataset.OrderedTableNameMap - add(tableName=order_items, object=tableName=order_items, columns=[(id, UNKNOWN, nullableUnknown), (order_order_number, UNKNOWN, nullableUnknown), (product_sku_number, UNKNOWN, nullableUnknown), (quantity, UNKNOWN, nullableUnknown)], keys=[]) - start
23:05:02.257 [main] DEBUG o.dbunit.dataset.OrderedTableNameMap - getTableName(tableName=order_items) - start
23:05:02.257 [main] DEBUG o.dbunit.dataset.OrderedTableNameMap - getTableName(tableName=order_items) - end - result=ORDER_ITEMS
23:05:02.258 [main] DEBUG o.dbunit.dataset.OrderedTableNameMap - getTableName(tableName=ORDER_ITEMS) - start
23:05:02.259 [main] DEBUG o.dbunit.dataset.OrderedTableNameMap - getTableName(tableName=ORDER_ITEMS) - end - result=ORDER_ITEMS
23:05:02.259 [main] DEBUG org.dbunit.dataset.CachedDataSet - startTable(metaData=tableName=order_items, columns=[(id, UNKNOWN, nullableUnknown), (order_order_number, UNKNOWN, nullableUnknown), (product_sku_number, UNKNOWN, nullableUnknown), (quantity, UNKNOWN, nullableUnknown)], keys=[]) - start
23:05:02.260 [main] DEBUG o.dbunit.dataset.OrderedTableNameMap - getLastTableName() - start
23:05:02.260 [main] DEBUG o.dbunit.dataset.OrderedTableNameMap - getTableName(tableName=order_items) - start
23:05:02.260 [main] DEBUG o.dbunit.dataset.OrderedTableNameMap - getTableName(tableName=order_items) - end - result=ORDER_ITEMS
23:05:02.261 [main] DEBUG o.d.dataset.AbstractTableMetaData - getColumnIndex(columnName=id) - start
23:05:02.261 [main] DEBUG o.d.dataset.AbstractTableMetaData - getColumnIndex(columnName=order_order_number) - start
23:05:02.262 [main] DEBUG o.d.dataset.AbstractTableMetaData - getColumnIndex(columnName=product_sku_number) - start
23:05:02.262 [main] DEBUG o.d.dataset.AbstractTableMetaData - getColumnIndex(columnName=quantity) - start
23:05:02.262 [main] DEBUG o.dbunit.dataset.OrderedTableNameMap - getLastTableName() - start
23:05:02.262 [main] DEBUG o.dbunit.dataset.OrderedTableNameMap - getTableName(tableName=order_items) - start
23:05:02.262 [main] DEBUG o.dbunit.dataset.OrderedTableNameMap - getTableName(tableName=order_items) - end - result=ORDER_ITEMS
23:05:02.262 [main] DEBUG org.dbunit.dataset.CachedDataSet - row(values=1) - start
23:05:02.262 [main] DEBUG org.dbunit.dataset.DefaultTable - addRow(values=1) - start
23:05:02.262 [main] DEBUG o.dbunit.dataset.xml.FlatXmlProducer - endElement(uri=, localName=, qName=order_items) - start
23:05:02.264 [main] DEBUG o.dbunit.dataset.xml.FlatXmlProducer - startElement(uri=, localName=, qName=orders, attributes=org.apache.xerces.parsers.AbstractSAXParser$AttributesProxy@6c585a) - start
23:05:02.264 [main] DEBUG o.dbunit.dataset.OrderedTableNameMap - getLastTableName() - start
23:05:02.264 [main] DEBUG o.dbunit.dataset.OrderedTableNameMap - getTableName(tableName=order_items) - start
23:05:02.264 [main] DEBUG o.dbunit.dataset.OrderedTableNameMap - getTableName(tableName=order_items) - end - result=ORDER_ITEMS
23:05:02.266 [main] DEBUG o.dbunit.dataset.OrderedTableNameMap - isLastTable(tableName=orders) - start
23:05:02.266 [main] DEBUG o.dbunit.dataset.OrderedTableNameMap - getLastTableName() - start
23:05:02.266 [main] DEBUG o.dbunit.dataset.OrderedTableNameMap - getTableName(tableName=order_items) - start
23:05:02.266 [main] DEBUG o.dbunit.dataset.OrderedTableNameMap - getTableName(tableName=order_items) - end - result=ORDER_ITEMS
23:05:02.266 [main] DEBUG o.dbunit.dataset.OrderedTableNameMap - getTableName(tableName=orders) - start
23:05:02.267 [main] DEBUG o.dbunit.dataset.OrderedTableNameMap - getTableName(tableName=orders) - end - result=ORDERS
23:05:02.268 [main] DEBUG org.dbunit.dataset.CachedDataSet - endTable() - start
23:05:02.268 [main] DEBUG o.dbunit.dataset.OrderedTableNameMap - getTableName(tableName=order_items) - start
23:05:02.268 [main] DEBUG o.dbunit.dataset.OrderedTableNameMap - getTableName(tableName=order_items) - end - result=ORDER_ITEMS
23:05:02.268 [main] DEBUG o.dbunit.dataset.OrderedTableNameMap - add(tableName=order_items, object=org.dbunit.dataset.DefaultTable[_metaData=tableName=order_items, columns=[(id, UNKNOWN, nullableUnknown), (order_order_number, UNKNOWN, nullableUnknown), (product_sku_number, UNKNOWN, nullableUnknown), (quantity, UNKNOWN, nullableUnknown)], keys=[], _rowList.size()=1]) - start
23:05:02.269 [main] DEBUG o.dbunit.dataset.OrderedTableNameMap - getTableName(tableName=order_items) - start
23:05:02.269 [main] DEBUG o.dbunit.dataset.OrderedTableNameMap - getTableName(tableName=order_items) - end - result=ORDER_ITEMS
23:05:02.269 [main] DEBUG o.dbunit.dataset.OrderedTableNameMap - getTableName(tableName=ORDER_ITEMS) - start
23:05:02.269 [main] DEBUG o.dbunit.dataset.OrderedTableNameMap - getTableName(tableName=ORDER_ITEMS) - end - result=ORDER_ITEMS
23:05:02.269 [main] DEBUG o.dbunit.dataset.OrderedTableNameMap - getTableName(tableName=orders) - start
23:05:02.271 [main] DEBUG o.dbunit.dataset.OrderedTableNameMap - getTableName(tableName=orders) - end - result=ORDERS
23:05:02.271 [main] DEBUG o.dbunit.dataset.OrderedTableNameMap - getTableName(tableName=orders) - start
23:05:02.271 [main] DEBUG o.dbunit.dataset.OrderedTableNameMap - getTableName(tableName=orders) - end - result=ORDERS
23:05:02.271 [main] DEBUG o.dbunit.dataset.OrderedTableNameMap - setLastTable(nameorders) - start
23:05:02.271 [main] DEBUG o.dbunit.dataset.OrderedTableNameMap - getTableName(tableName=orders) - start
23:05:02.273 [main] DEBUG o.dbunit.dataset.OrderedTableNameMap - getTableName(tableName=orders) - end - result=ORDERS
23:05:02.273 [main] DEBUG org.dbunit.dataset.CachedDataSet - startTable(metaData=tableName=orders, columns=[(order_number, UNKNOWN, nullableUnknown), (customer_id, UNKNOWN, nullableUnknown), (date, UNKNOWN, nullableUnknown), (amount, UNKNOWN, nullableUnknown), (order_status, UNKNOWN, nullableUnknown), (discount_status, UNKNOWN, nullableUnknown)], keys=[]) - start
23:05:02.273 [main] DEBUG o.dbunit.dataset.OrderedTableNameMap - getLastTableName() - start
23:05:02.275 [main] DEBUG o.dbunit.dataset.OrderedTableNameMap - getTableName(tableName=orders) - start
23:05:02.275 [main] DEBUG o.dbunit.dataset.OrderedTableNameMap - getTableName(tableName=orders) - end - result=ORDERS
23:05:02.275 [main] DEBUG o.d.dataset.AbstractTableMetaData - getColumnIndex(columnName=order_number) - start
23:05:02.275 [main] DEBUG o.d.dataset.AbstractTableMetaData - getColumnIndex(columnName=customer_id) - start
23:05:02.275 [main] DEBUG o.d.dataset.AbstractTableMetaData - getColumnIndex(columnName=date) - start
23:05:02.276 [main] DEBUG o.d.dataset.AbstractTableMetaData - getColumnIndex(columnName=amount) - start
23:05:02.276 [main] DEBUG o.d.dataset.AbstractTableMetaData - getColumnIndex(columnName=order_status) - start
23:05:02.276 [main] DEBUG o.d.dataset.AbstractTableMetaData - getColumnIndex(columnName=discount_status) - start
23:05:02.276 [main] DEBUG o.dbunit.dataset.OrderedTableNameMap - getLastTableName() - start
23:05:02.276 [main] DEBUG o.dbunit.dataset.OrderedTableNameMap - getTableName(tableName=orders) - start
23:05:02.278 [main] DEBUG o.dbunit.dataset.OrderedTableNameMap - getTableName(tableName=orders) - end - result=ORDERS
23:05:02.278 [main] DEBUG org.dbunit.dataset.CachedDataSet - row(values=2) - start
23:05:02.278 [main] DEBUG org.dbunit.dataset.DefaultTable - addRow(values=2) - start
23:05:02.279 [main] DEBUG o.dbunit.dataset.xml.FlatXmlProducer - endElement(uri=, localName=, qName=orders) - start
23:05:02.279 [main] DEBUG o.dbunit.dataset.xml.FlatXmlProducer - startElement(uri=, localName=, qName=order_items, attributes=org.apache.xerces.parsers.AbstractSAXParser$AttributesProxy@6c585a) - start
23:05:02.280 [main] DEBUG o.dbunit.dataset.OrderedTableNameMap - getLastTableName() - start
23:05:02.280 [main] DEBUG o.dbunit.dataset.OrderedTableNameMap - getTableName(tableName=orders) - start
23:05:02.280 [main] DEBUG o.dbunit.dataset.OrderedTableNameMap - getTableName(tableName=orders) - end - result=ORDERS
23:05:02.280 [main] DEBUG o.dbunit.dataset.OrderedTableNameMap - isLastTable(tableName=order_items) - start
23:05:02.280 [main] DEBUG o.dbunit.dataset.OrderedTableNameMap - getLastTableName() - start
23:05:02.281 [main] DEBUG o.dbunit.dataset.OrderedTableNameMap - getTableName(tableName=orders) - start
23:05:02.281 [main] DEBUG o.dbunit.dataset.OrderedTableNameMap - getTableName(tableName=orders) - end - result=ORDERS
23:05:02.281 [main] DEBUG o.dbunit.dataset.OrderedTableNameMap - getTableName(tableName=order_items) - start
23:05:02.281 [main] DEBUG o.dbunit.dataset.OrderedTableNameMap - getTableName(tableName=order_items) - end - result=ORDER_ITEMS
23:05:02.281 [main] DEBUG org.dbunit.dataset.CachedDataSet - endTable() - start
23:05:02.283 [main] DEBUG o.dbunit.dataset.OrderedTableNameMap - getTableName(tableName=orders) - start
23:05:02.284 [main] DEBUG o.dbunit.dataset.OrderedTableNameMap - getTableName(tableName=orders) - end - result=ORDERS
23:05:02.284 [main] DEBUG o.dbunit.dataset.OrderedTableNameMap - getTableName(tableName=orders) - start
23:05:02.284 [main] DEBUG o.dbunit.dataset.OrderedTableNameMap - getTableName(tableName=orders) - end - result=ORDERS
23:05:02.284 [main] DEBUG org.dbunit.dataset.DefaultTable - addTableRows(table=org.dbunit.dataset.DefaultTable[_metaData=tableName=orders, columns=[(order_number, UNKNOWN, nullableUnknown), (customer_id, UNKNOWN, nullableUnknown), (date, UNKNOWN, nullableUnknown), (amount, UNKNOWN, nullableUnknown), (order_status, UNKNOWN, nullableUnknown), (discount_status, UNKNOWN, nullableUnknown)], keys=[], _rowList.size()=1]) - start
23:05:02.285 [main] DEBUG org.dbunit.dataset.DefaultTable - getValue(row=0, column=order_number) - start
23:05:02.285 [main] DEBUG org.dbunit.dataset.AbstractTable - assertValidRowIndex(row=0) - start
23:05:02.285 [main] DEBUG org.dbunit.dataset.AbstractTable - assertValidRowIndex(row=0, rowCount=1) - start
23:05:02.285 [main] DEBUG org.dbunit.dataset.AbstractTable - getColumnIndex(columnName=order_number) - start
23:05:02.285 [main] DEBUG o.d.dataset.AbstractTableMetaData - getColumnIndex(columnName=order_number) - start
23:05:02.287 [main] DEBUG org.dbunit.dataset.DefaultTable - getValue(row=0, column=customer_id) - start
23:05:02.287 [main] DEBUG org.dbunit.dataset.AbstractTable - assertValidRowIndex(row=0) - start
23:05:02.287 [main] DEBUG org.dbunit.dataset.AbstractTable - assertValidRowIndex(row=0, rowCount=1) - start
23:05:02.287 [main] DEBUG org.dbunit.dataset.AbstractTable - getColumnIndex(columnName=customer_id) - start
23:05:02.287 [main] DEBUG o.d.dataset.AbstractTableMetaData - getColumnIndex(columnName=customer_id) - start
23:05:02.289 [main] DEBUG org.dbunit.dataset.DefaultTable - getValue(row=0, column=date) - start
23:05:02.289 [main] DEBUG org.dbunit.dataset.AbstractTable - assertValidRowIndex(row=0) - start
23:05:02.289 [main] DEBUG org.dbunit.dataset.AbstractTable - assertValidRowIndex(row=0, rowCount=1) - start
23:05:02.289 [main] DEBUG org.dbunit.dataset.AbstractTable - getColumnIndex(columnName=date) - start
23:05:02.289 [main] DEBUG o.d.dataset.AbstractTableMetaData - getColumnIndex(columnName=date) - start
23:05:02.289 [main] DEBUG org.dbunit.dataset.DefaultTable - getValue(row=0, column=amount) - start
23:05:02.290 [main] DEBUG org.dbunit.dataset.AbstractTable - assertValidRowIndex(row=0) - start
23:05:02.290 [main] DEBUG org.dbunit.dataset.AbstractTable - assertValidRowIndex(row=0, rowCount=1) - start
23:05:02.290 [main] DEBUG org.dbunit.dataset.AbstractTable - getColumnIndex(columnName=amount) - start
23:05:02.291 [main] DEBUG o.d.dataset.AbstractTableMetaData - getColumnIndex(columnName=amount) - start
23:05:02.291 [main] DEBUG org.dbunit.dataset.DefaultTable - getValue(row=0, column=order_status) - start
23:05:02.292 [main] DEBUG org.dbunit.dataset.AbstractTable - assertValidRowIndex(row=0) - start
23:05:02.293 [main] DEBUG org.dbunit.dataset.AbstractTable - assertValidRowIndex(row=0, rowCount=1) - start
23:05:02.293 [main] DEBUG org.dbunit.dataset.AbstractTable - getColumnIndex(columnName=order_status) - start
23:05:02.293 [main] DEBUG o.d.dataset.AbstractTableMetaData - getColumnIndex(columnName=order_status) - start
23:05:02.293 [main] DEBUG org.dbunit.dataset.DefaultTable - getValue(row=0, column=discount_status) - start
23:05:02.294 [main] DEBUG org.dbunit.dataset.AbstractTable - assertValidRowIndex(row=0) - start
23:05:02.294 [main] DEBUG org.dbunit.dataset.AbstractTable - assertValidRowIndex(row=0, rowCount=1) - start
23:05:02.294 [main] DEBUG org.dbunit.dataset.AbstractTable - getColumnIndex(columnName=discount_status) - start
23:05:02.294 [main] DEBUG o.d.dataset.AbstractTableMetaData - getColumnIndex(columnName=discount_status) - start
23:05:02.294 [main] DEBUG org.dbunit.dataset.DefaultTable - getValue(row=1, column=order_number) - start
23:05:02.295 [main] DEBUG org.dbunit.dataset.AbstractTable - assertValidRowIndex(row=1) - start
23:05:02.295 [main] DEBUG org.dbunit.dataset.AbstractTable - assertValidRowIndex(row=1, rowCount=1) - start
23:05:02.296 [main] DEBUG o.dbunit.dataset.OrderedTableNameMap - getTableName(tableName=order_items) - start
23:05:02.296 [main] DEBUG o.dbunit.dataset.OrderedTableNameMap - getTableName(tableName=order_items) - end - result=ORDER_ITEMS
23:05:02.296 [main] DEBUG o.dbunit.dataset.OrderedTableNameMap - getTableName(tableName=order_items) - start
23:05:02.297 [main] DEBUG o.dbunit.dataset.OrderedTableNameMap - getTableName(tableName=order_items) - end - result=ORDER_ITEMS
23:05:02.297 [main] DEBUG o.dbunit.dataset.OrderedTableNameMap - setLastTable(nameorder_items) - start
23:05:02.297 [main] DEBUG o.dbunit.dataset.OrderedTableNameMap - getTableName(tableName=order_items) - start
23:05:02.297 [main] DEBUG o.dbunit.dataset.OrderedTableNameMap - getTableName(tableName=order_items) - end - result=ORDER_ITEMS
23:05:02.297 [main] DEBUG org.dbunit.dataset.CachedDataSet - startTable(metaData=tableName=order_items, columns=[(id, UNKNOWN, nullableUnknown), (order_order_number, UNKNOWN, nullableUnknown), (product_sku_number, UNKNOWN, nullableUnknown), (quantity, UNKNOWN, nullableUnknown)], keys=[]) - start
23:05:02.299 [main] DEBUG o.dbunit.dataset.OrderedTableNameMap - getLastTableName() - start
23:05:02.299 [main] DEBUG o.dbunit.dataset.OrderedTableNameMap - getTableName(tableName=order_items) - start
23:05:02.299 [main] DEBUG o.dbunit.dataset.OrderedTableNameMap - getTableName(tableName=order_items) - end - result=ORDER_ITEMS
23:05:02.299 [main] DEBUG o.d.dataset.AbstractTableMetaData - getColumnIndex(columnName=id) - start
23:05:02.299 [main] DEBUG o.d.dataset.AbstractTableMetaData - getColumnIndex(columnName=order_order_number) - start
23:05:02.300 [main] DEBUG o.d.dataset.AbstractTableMetaData - getColumnIndex(columnName=product_sku_number) - start
23:05:02.301 [main] DEBUG o.d.dataset.AbstractTableMetaData - getColumnIndex(columnName=quantity) - start
23:05:02.301 [main] DEBUG o.dbunit.dataset.OrderedTableNameMap - getLastTableName() - start
23:05:02.301 [main] DEBUG o.dbunit.dataset.OrderedTableNameMap - getTableName(tableName=order_items) - start
23:05:02.302 [main] DEBUG o.dbunit.dataset.OrderedTableNameMap - getTableName(tableName=order_items) - end - result=ORDER_ITEMS
23:05:02.303 [main] DEBUG org.dbunit.dataset.CachedDataSet - row(values=2) - start
23:05:02.303 [main] DEBUG org.dbunit.dataset.DefaultTable - addRow(values=2) - start
23:05:02.303 [main] DEBUG o.dbunit.dataset.xml.FlatXmlProducer - endElement(uri=, localName=, qName=order_items) - start
23:05:02.303 [main] DEBUG o.dbunit.dataset.xml.FlatXmlProducer - startElement(uri=, localName=, qName=order_items, attributes=org.apache.xerces.parsers.AbstractSAXParser$AttributesProxy@6c585a) - start
23:05:02.303 [main] DEBUG o.dbunit.dataset.OrderedTableNameMap - getLastTableName() - start
23:05:02.304 [main] DEBUG o.dbunit.dataset.OrderedTableNameMap - getTableName(tableName=order_items) - start
23:05:02.304 [main] DEBUG o.dbunit.dataset.OrderedTableNameMap - getTableName(tableName=order_items) - end - result=ORDER_ITEMS
23:05:02.305 [main] DEBUG o.dbunit.dataset.OrderedTableNameMap - isLastTable(tableName=order_items) - start
23:05:02.305 [main] DEBUG o.dbunit.dataset.OrderedTableNameMap - getLastTableName() - start
23:05:02.305 [main] DEBUG o.dbunit.dataset.OrderedTableNameMap - getTableName(tableName=order_items) - start
23:05:02.307 [main] DEBUG o.dbunit.dataset.OrderedTableNameMap - getTableName(tableName=order_items) - end - result=ORDER_ITEMS
23:05:02.307 [main] DEBUG o.dbunit.dataset.OrderedTableNameMap - getTableName(tableName=order_items) - start
23:05:02.307 [main] DEBUG o.dbunit.dataset.OrderedTableNameMap - getTableName(tableName=order_items) - end - result=ORDER_ITEMS
23:05:02.307 [main] DEBUG o.dbunit.dataset.OrderedTableNameMap - getLastTableName() - start
23:05:02.307 [main] DEBUG o.dbunit.dataset.OrderedTableNameMap - getTableName(tableName=order_items) - start
23:05:02.308 [main] DEBUG o.dbunit.dataset.OrderedTableNameMap - getTableName(tableName=order_items) - end - result=ORDER_ITEMS
23:05:02.308 [main] DEBUG o.d.dataset.AbstractTableMetaData - getColumnIndex(columnName=id) - start
23:05:02.308 [main] DEBUG o.d.dataset.AbstractTableMetaData - getColumnIndex(columnName=order_order_number) - start
23:05:02.308 [main] DEBUG o.d.dataset.AbstractTableMetaData - getColumnIndex(columnName=product_sku_number) - start
23:05:02.308 [main] DEBUG o.d.dataset.AbstractTableMetaData - getColumnIndex(columnName=quantity) - start
23:05:02.310 [main] DEBUG o.dbunit.dataset.OrderedTableNameMap - getLastTableName() - start
23:05:02.310 [main] DEBUG o.dbunit.dataset.OrderedTableNameMap - getTableName(tableName=order_items) - start
23:05:02.310 [main] DEBUG o.dbunit.dataset.OrderedTableNameMap - getTableName(tableName=order_items) - end - result=ORDER_ITEMS
23:05:02.310 [main] DEBUG org.dbunit.dataset.CachedDataSet - row(values=3) - start
23:05:02.310 [main] DEBUG org.dbunit.dataset.DefaultTable - addRow(values=3) - start
23:05:02.310 [main] DEBUG o.dbunit.dataset.xml.FlatXmlProducer - endElement(uri=, localName=, qName=order_items) - start
23:05:02.312 [main] DEBUG o.dbunit.dataset.xml.FlatXmlProducer - startElement(uri=, localName=, qName=orders, attributes=org.apache.xerces.parsers.AbstractSAXParser$AttributesProxy@6c585a) - start
23:05:02.312 [main] DEBUG o.dbunit.dataset.OrderedTableNameMap - getLastTableName() - start
23:05:02.312 [main] DEBUG o.dbunit.dataset.OrderedTableNameMap - getTableName(tableName=order_items) - start
23:05:02.312 [main] DEBUG o.dbunit.dataset.OrderedTableNameMap - getTableName(tableName=order_items) - end - result=ORDER_ITEMS
23:05:02.314 [main] DEBUG o.dbunit.dataset.OrderedTableNameMap - isLastTable(tableName=orders) - start
23:05:02.314 [main] DEBUG o.dbunit.dataset.OrderedTableNameMap - getLastTableName() - start
23:05:02.314 [main] DEBUG o.dbunit.dataset.OrderedTableNameMap - getTableName(tableName=order_items) - start
23:05:02.314 [main] DEBUG o.dbunit.dataset.OrderedTableNameMap - getTableName(tableName=order_items) - end - result=ORDER_ITEMS
23:05:02.314 [main] DEBUG o.dbunit.dataset.OrderedTableNameMap - getTableName(tableName=orders) - start
23:05:02.315 [main] DEBUG o.dbunit.dataset.OrderedTableNameMap - getTableName(tableName=orders) - end - result=ORDERS
23:05:02.315 [main] DEBUG org.dbunit.dataset.CachedDataSet - endTable() - start
23:05:02.315 [main] DEBUG o.dbunit.dataset.OrderedTableNameMap - getTableName(tableName=order_items) - start
23:05:02.315 [main] DEBUG o.dbunit.dataset.OrderedTableNameMap - getTableName(tableName=order_items) - end - result=ORDER_ITEMS
23:05:02.315 [main] DEBUG o.dbunit.dataset.OrderedTableNameMap - getTableName(tableName=order_items) - start
23:05:02.317 [main] DEBUG o.dbunit.dataset.OrderedTableNameMap - getTableName(tableName=order_items) - end - result=ORDER_ITEMS
23:05:02.317 [main] DEBUG org.dbunit.dataset.DefaultTable - addTableRows(table=org.dbunit.dataset.DefaultTable[_metaData=tableName=order_items, columns=[(id, UNKNOWN, nullableUnknown), (order_order_number, UNKNOWN, nullableUnknown), (product_sku_number, UNKNOWN, nullableUnknown), (quantity, UNKNOWN, nullableUnknown)], keys=[], _rowList.size()=2]) - start
23:05:02.317 [main] DEBUG org.dbunit.dataset.DefaultTable - getValue(row=0, column=id) - start
23:05:02.319 [main] DEBUG org.dbunit.dataset.AbstractTable - assertValidRowIndex(row=0) - start
23:05:02.319 [main] DEBUG org.dbunit.dataset.AbstractTable - assertValidRowIndex(row=0, rowCount=2) - start
23:05:02.319 [main] DEBUG org.dbunit.dataset.AbstractTable - getColumnIndex(columnName=id) - start
23:05:02.319 [main] DEBUG o.d.dataset.AbstractTableMetaData - getColumnIndex(columnName=id) - start
23:05:02.319 [main] DEBUG org.dbunit.dataset.DefaultTable - getValue(row=0, column=order_order_number) - start
23:05:02.320 [main] DEBUG org.dbunit.dataset.AbstractTable - assertValidRowIndex(row=0) - start
23:05:02.320 [main] DEBUG org.dbunit.dataset.AbstractTable - assertValidRowIndex(row=0, rowCount=2) - start
23:05:02.320 [main] DEBUG org.dbunit.dataset.AbstractTable - getColumnIndex(columnName=order_order_number) - start
23:05:02.320 [main] DEBUG o.d.dataset.AbstractTableMetaData - getColumnIndex(columnName=order_order_number) - start
23:05:02.320 [main] DEBUG org.dbunit.dataset.DefaultTable - getValue(row=0, column=product_sku_number) - start
23:05:02.322 [main] DEBUG org.dbunit.dataset.AbstractTable - assertValidRowIndex(row=0) - start
23:05:02.322 [main] DEBUG org.dbunit.dataset.AbstractTable - assertValidRowIndex(row=0, rowCount=2) - start
23:05:02.323 [main] DEBUG org.dbunit.dataset.AbstractTable - getColumnIndex(columnName=product_sku_number) - start
23:05:02.323 [main] DEBUG o.d.dataset.AbstractTableMetaData - getColumnIndex(columnName=product_sku_number) - start
23:05:02.323 [main] DEBUG org.dbunit.dataset.DefaultTable - getValue(row=0, column=quantity) - start
23:05:02.323 [main] DEBUG org.dbunit.dataset.AbstractTable - assertValidRowIndex(row=0) - start
23:05:02.323 [main] DEBUG org.dbunit.dataset.AbstractTable - assertValidRowIndex(row=0, rowCount=2) - start
23:05:02.323 [main] DEBUG org.dbunit.dataset.AbstractTable - getColumnIndex(columnName=quantity) - start
23:05:02.323 [main] DEBUG o.d.dataset.AbstractTableMetaData - getColumnIndex(columnName=quantity) - start
23:05:02.323 [main] DEBUG org.dbunit.dataset.DefaultTable - getValue(row=1, column=id) - start
23:05:02.325 [main] DEBUG org.dbunit.dataset.AbstractTable - assertValidRowIndex(row=1) - start
23:05:02.325 [main] DEBUG org.dbunit.dataset.AbstractTable - assertValidRowIndex(row=1, rowCount=2) - start
23:05:02.325 [main] DEBUG org.dbunit.dataset.AbstractTable - getColumnIndex(columnName=id) - start
23:05:02.325 [main] DEBUG o.d.dataset.AbstractTableMetaData - getColumnIndex(columnName=id) - start
23:05:02.325 [main] DEBUG org.dbunit.dataset.DefaultTable - getValue(row=1, column=order_order_number) - start
23:05:02.326 [main] DEBUG org.dbunit.dataset.AbstractTable - assertValidRowIndex(row=1) - start
23:05:02.326 [main] DEBUG org.dbunit.dataset.AbstractTable - assertValidRowIndex(row=1, rowCount=2) - start
23:05:02.326 [main] DEBUG org.dbunit.dataset.AbstractTable - getColumnIndex(columnName=order_order_number) - start
23:05:02.326 [main] DEBUG o.d.dataset.AbstractTableMetaData - getColumnIndex(columnName=order_order_number) - start
23:05:02.327 [main] DEBUG org.dbunit.dataset.DefaultTable - getValue(row=1, column=product_sku_number) - start
23:05:02.328 [main] DEBUG org.dbunit.dataset.AbstractTable - assertValidRowIndex(row=1) - start
23:05:02.328 [main] DEBUG org.dbunit.dataset.AbstractTable - assertValidRowIndex(row=1, rowCount=2) - start
23:05:02.328 [main] DEBUG org.dbunit.dataset.AbstractTable - getColumnIndex(columnName=product_sku_number) - start
23:05:02.328 [main] DEBUG o.d.dataset.AbstractTableMetaData - getColumnIndex(columnName=product_sku_number) - start
23:05:02.328 [main] DEBUG org.dbunit.dataset.DefaultTable - getValue(row=1, column=quantity) - start
23:05:02.329 [main] DEBUG org.dbunit.dataset.AbstractTable - assertValidRowIndex(row=1) - start
23:05:02.329 [main] DEBUG org.dbunit.dataset.AbstractTable - assertValidRowIndex(row=1, rowCount=2) - start
23:05:02.330 [main] DEBUG org.dbunit.dataset.AbstractTable - getColumnIndex(columnName=quantity) - start
23:05:02.330 [main] DEBUG o.d.dataset.AbstractTableMetaData - getColumnIndex(columnName=quantity) - start
23:05:02.330 [main] DEBUG org.dbunit.dataset.DefaultTable - getValue(row=2, column=id) - start
23:05:02.331 [main] DEBUG org.dbunit.dataset.AbstractTable - assertValidRowIndex(row=2) - start
23:05:02.331 [main] DEBUG org.dbunit.dataset.AbstractTable - assertValidRowIndex(row=2, rowCount=2) - start
23:05:02.331 [main] DEBUG o.dbunit.dataset.OrderedTableNameMap - getTableName(tableName=orders) - start
23:05:02.331 [main] DEBUG o.dbunit.dataset.OrderedTableNameMap - getTableName(tableName=orders) - end - result=ORDERS
23:05:02.331 [main] DEBUG o.dbunit.dataset.OrderedTableNameMap - getTableName(tableName=orders) - start
23:05:02.332 [main] DEBUG o.dbunit.dataset.OrderedTableNameMap - getTableName(tableName=orders) - end - result=ORDERS
23:05:02.332 [main] DEBUG o.dbunit.dataset.OrderedTableNameMap - setLastTable(nameorders) - start
23:05:02.333 [main] DEBUG o.dbunit.dataset.OrderedTableNameMap - getTableName(tableName=orders) - start
23:05:02.333 [main] DEBUG o.dbunit.dataset.OrderedTableNameMap - getTableName(tableName=orders) - end - result=ORDERS
23:05:02.333 [main] DEBUG org.dbunit.dataset.CachedDataSet - startTable(metaData=tableName=orders, columns=[(order_number, UNKNOWN, nullableUnknown), (customer_id, UNKNOWN, nullableUnknown), (date, UNKNOWN, nullableUnknown), (amount, UNKNOWN, nullableUnknown), (order_status, UNKNOWN, nullableUnknown), (discount_status, UNKNOWN, nullableUnknown)], keys=[]) - start
23:05:02.334 [main] DEBUG o.dbunit.dataset.OrderedTableNameMap - getLastTableName() - start
23:05:02.334 [main] DEBUG o.dbunit.dataset.OrderedTableNameMap - getTableName(tableName=orders) - start
23:05:02.334 [main] DEBUG o.dbunit.dataset.OrderedTableNameMap - getTableName(tableName=orders) - end - result=ORDERS
23:05:02.334 [main] DEBUG o.d.dataset.AbstractTableMetaData - getColumnIndex(columnName=order_number) - start
23:05:02.334 [main] DEBUG o.d.dataset.AbstractTableMetaData - getColumnIndex(columnName=customer_id) - start
23:05:02.336 [main] DEBUG o.d.dataset.AbstractTableMetaData - getColumnIndex(columnName=date) - start
23:05:02.336 [main] DEBUG o.d.dataset.AbstractTableMetaData - getColumnIndex(columnName=amount) - start
23:05:02.336 [main] DEBUG o.d.dataset.AbstractTableMetaData - getColumnIndex(columnName=order_status) - start
23:05:02.336 [main] DEBUG o.d.dataset.AbstractTableMetaData - getColumnIndex(columnName=discount_status) - start
23:05:02.336 [main] DEBUG o.dbunit.dataset.OrderedTableNameMap - getLastTableName() - start
23:05:02.338 [main] DEBUG o.dbunit.dataset.OrderedTableNameMap - getTableName(tableName=orders) - start
23:05:02.338 [main] DEBUG o.dbunit.dataset.OrderedTableNameMap - getTableName(tableName=orders) - end - result=ORDERS
23:05:02.338 [main] DEBUG org.dbunit.dataset.CachedDataSet - row(values=3) - start
23:05:02.338 [main] DEBUG org.dbunit.dataset.DefaultTable - addRow(values=3) - start
23:05:02.338 [main] DEBUG o.dbunit.dataset.xml.FlatXmlProducer - endElement(uri=, localName=, qName=orders) - start
23:05:02.338 [main] DEBUG o.dbunit.dataset.xml.FlatXmlProducer - startElement(uri=, localName=, qName=order_items, attributes=org.apache.xerces.parsers.AbstractSAXParser$AttributesProxy@6c585a) - start
23:05:02.339 [main] DEBUG o.dbunit.dataset.OrderedTableNameMap - getLastTableName() - start
23:05:02.340 [main] DEBUG o.dbunit.dataset.OrderedTableNameMap - getTableName(tableName=orders) - start
23:05:02.340 [main] DEBUG o.dbunit.dataset.OrderedTableNameMap - getTableName(tableName=orders) - end - result=ORDERS
23:05:02.340 [main] DEBUG o.dbunit.dataset.OrderedTableNameMap - isLastTable(tableName=order_items) - start
23:05:02.340 [main] DEBUG o.dbunit.dataset.OrderedTableNameMap - getLastTableName() - start
23:05:02.341 [main] DEBUG o.dbunit.dataset.OrderedTableNameMap - getTableName(tableName=orders) - start
23:05:02.341 [main] DEBUG o.dbunit.dataset.OrderedTableNameMap - getTableName(tableName=orders) - end - result=ORDERS
23:05:02.341 [main] DEBUG o.dbunit.dataset.OrderedTableNameMap - getTableName(tableName=order_items) - start
23:05:02.341 [main] DEBUG o.dbunit.dataset.OrderedTableNameMap - getTableName(tableName=order_items) - end - result=ORDER_ITEMS
23:05:02.341 [main] DEBUG org.dbunit.dataset.CachedDataSet - endTable() - start
23:05:02.343 [main] DEBUG o.dbunit.dataset.OrderedTableNameMap - getTableName(tableName=orders) - start
23:05:02.343 [main] DEBUG o.dbunit.dataset.OrderedTableNameMap - getTableName(tableName=orders) - end - result=ORDERS
23:05:02.343 [main] DEBUG o.dbunit.dataset.OrderedTableNameMap - getTableName(tableName=orders) - start
23:05:02.343 [main] DEBUG o.dbunit.dataset.OrderedTableNameMap - getTableName(tableName=orders) - end - result=ORDERS
23:05:02.344 [main] DEBUG org.dbunit.dataset.DefaultTable - addTableRows(table=org.dbunit.dataset.DefaultTable[_metaData=tableName=orders, columns=[(order_number, UNKNOWN, nullableUnknown), (customer_id, UNKNOWN, nullableUnknown), (date, UNKNOWN, nullableUnknown), (amount, UNKNOWN, nullableUnknown), (order_status, UNKNOWN, nullableUnknown), (discount_status, UNKNOWN, nullableUnknown)], keys=[], _rowList.size()=1]) - start
23:05:02.345 [main] DEBUG org.dbunit.dataset.DefaultTable - getValue(row=0, column=order_number) - start
23:05:02.345 [main] DEBUG org.dbunit.dataset.AbstractTable - assertValidRowIndex(row=0) - start
23:05:02.345 [main] DEBUG org.dbunit.dataset.AbstractTable - assertValidRowIndex(row=0, rowCount=1) - start
23:05:02.345 [main] DEBUG org.dbunit.dataset.AbstractTable - getColumnIndex(columnName=order_number) - start
23:05:02.345 [main] DEBUG o.d.dataset.AbstractTableMetaData - getColumnIndex(columnName=order_number) - start
23:05:02.347 [main] DEBUG org.dbunit.dataset.DefaultTable - getValue(row=0, column=customer_id) - start
23:05:02.347 [main] DEBUG org.dbunit.dataset.AbstractTable - assertValidRowIndex(row=0) - start
23:05:02.347 [main] DEBUG org.dbunit.dataset.AbstractTable - assertValidRowIndex(row=0, rowCount=1) - start
23:05:02.347 [main] DEBUG org.dbunit.dataset.AbstractTable - getColumnIndex(columnName=customer_id) - start
23:05:02.347 [main] DEBUG o.d.dataset.AbstractTableMetaData - getColumnIndex(columnName=customer_id) - start
23:05:02.349 [main] DEBUG org.dbunit.dataset.DefaultTable - getValue(row=0, column=date) - start
23:05:02.349 [main] DEBUG org.dbunit.dataset.AbstractTable - assertValidRowIndex(row=0) - start
23:05:02.349 [main] DEBUG org.dbunit.dataset.AbstractTable - assertValidRowIndex(row=0, rowCount=1) - start
23:05:02.349 [main] DEBUG org.dbunit.dataset.AbstractTable - getColumnIndex(columnName=date) - start
23:05:02.349 [main] DEBUG o.d.dataset.AbstractTableMetaData - getColumnIndex(columnName=date) - start
23:05:02.349 [main] DEBUG org.dbunit.dataset.DefaultTable - getValue(row=0, column=amount) - start
23:05:02.350 [main] DEBUG org.dbunit.dataset.AbstractTable - assertValidRowIndex(row=0) - start
23:05:02.350 [main] DEBUG org.dbunit.dataset.AbstractTable - assertValidRowIndex(row=0, rowCount=1) - start
23:05:02.350 [main] DEBUG org.dbunit.dataset.AbstractTable - getColumnIndex(columnName=amount) - start
23:05:02.350 [main] DEBUG o.d.dataset.AbstractTableMetaData - getColumnIndex(columnName=amount) - start
23:05:02.350 [main] DEBUG org.dbunit.dataset.DefaultTable - getValue(row=0, column=order_status) - start
23:05:02.353 [main] DEBUG org.dbunit.dataset.AbstractTable - assertValidRowIndex(row=0) - start
23:05:02.354 [main] DEBUG org.dbunit.dataset.AbstractTable - assertValidRowIndex(row=0, rowCount=1) - start
23:05:02.354 [main] DEBUG org.dbunit.dataset.AbstractTable - getColumnIndex(columnName=order_status) - start
23:05:02.354 [main] DEBUG o.d.dataset.AbstractTableMetaData - getColumnIndex(columnName=order_status) - start
23:05:02.354 [main] DEBUG org.dbunit.dataset.DefaultTable - getValue(row=0, column=discount_status) - start
23:05:02.354 [main] DEBUG org.dbunit.dataset.AbstractTable - assertValidRowIndex(row=0) - start
23:05:02.454 [main] DEBUG org.dbunit.dataset.AbstractTable - assertValidRowIndex(row=0, rowCount=1) - start
23:05:02.454 [main] DEBUG org.dbunit.dataset.AbstractTable - getColumnIndex(columnName=discount_status) - start
23:05:02.454 [main] DEBUG o.d.dataset.AbstractTableMetaData - getColumnIndex(columnName=discount_status) - start
23:05:02.454 [main] DEBUG org.dbunit.dataset.DefaultTable - getValue(row=1, column=order_number) - start
23:05:02.454 [main] DEBUG org.dbunit.dataset.AbstractTable - assertValidRowIndex(row=1) - start
23:05:02.455 [main] DEBUG org.dbunit.dataset.AbstractTable - assertValidRowIndex(row=1, rowCount=1) - start
23:05:02.455 [main] DEBUG o.dbunit.dataset.OrderedTableNameMap - getTableName(tableName=order_items) - start
23:05:02.455 [main] DEBUG o.dbunit.dataset.OrderedTableNameMap - getTableName(tableName=order_items) - end - result=ORDER_ITEMS
23:05:02.455 [main] DEBUG o.dbunit.dataset.OrderedTableNameMap - getTableName(tableName=order_items) - start
23:05:02.455 [main] DEBUG o.dbunit.dataset.OrderedTableNameMap - getTableName(tableName=order_items) - end - result=ORDER_ITEMS
23:05:02.457 [main] DEBUG o.dbunit.dataset.OrderedTableNameMap - setLastTable(nameorder_items) - start
23:05:02.457 [main] DEBUG o.dbunit.dataset.OrderedTableNameMap - getTableName(tableName=order_items) - start
23:05:02.457 [main] DEBUG o.dbunit.dataset.OrderedTableNameMap - getTableName(tableName=order_items) - end - result=ORDER_ITEMS
23:05:02.457 [main] DEBUG org.dbunit.dataset.CachedDataSet - startTable(metaData=tableName=order_items, columns=[(id, UNKNOWN, nullableUnknown), (order_order_number, UNKNOWN, nullableUnknown), (product_sku_number, UNKNOWN, nullableUnknown), (quantity, UNKNOWN, nullableUnknown)], keys=[]) - start
23:05:02.459 [main] DEBUG o.dbunit.dataset.OrderedTableNameMap - getLastTableName() - start
23:05:02.459 [main] DEBUG o.dbunit.dataset.OrderedTableNameMap - getTableName(tableName=order_items) - start
23:05:02.459 [main] DEBUG o.dbunit.dataset.OrderedTableNameMap - getTableName(tableName=order_items) - end - result=ORDER_ITEMS
23:05:02.459 [main] DEBUG o.d.dataset.AbstractTableMetaData - getColumnIndex(columnName=id) - start
23:05:02.459 [main] DEBUG o.d.dataset.AbstractTableMetaData - getColumnIndex(columnName=order_order_number) - start
23:05:02.460 [main] DEBUG o.d.dataset.AbstractTableMetaData - getColumnIndex(columnName=product_sku_number) - start
23:05:02.460 [main] DEBUG o.d.dataset.AbstractTableMetaData - getColumnIndex(columnName=quantity) - start
23:05:02.460 [main] DEBUG o.dbunit.dataset.OrderedTableNameMap - getLastTableName() - start
23:05:02.460 [main] DEBUG o.dbunit.dataset.OrderedTableNameMap - getTableName(tableName=order_items) - start
23:05:02.460 [main] DEBUG o.dbunit.dataset.OrderedTableNameMap - getTableName(tableName=order_items) - end - result=ORDER_ITEMS
23:05:02.462 [main] DEBUG org.dbunit.dataset.CachedDataSet - row(values=4) - start
23:05:02.462 [main] DEBUG org.dbunit.dataset.DefaultTable - addRow(values=4) - start
23:05:02.462 [main] DEBUG o.dbunit.dataset.xml.FlatXmlProducer - endElement(uri=, localName=, qName=order_items) - start
23:05:02.462 [main] DEBUG o.dbunit.dataset.xml.FlatXmlProducer - startElement(uri=, localName=, qName=orders, attributes=org.apache.xerces.parsers.AbstractSAXParser$AttributesProxy@6c585a) - start
23:05:02.462 [main] DEBUG o.dbunit.dataset.OrderedTableNameMap - getLastTableName() - start
23:05:02.464 [main] DEBUG o.dbunit.dataset.OrderedTableNameMap - getTableName(tableName=order_items) - start
23:05:02.464 [main] DEBUG o.dbunit.dataset.OrderedTableNameMap - getTableName(tableName=order_items) - end - result=ORDER_ITEMS
23:05:02.464 [main] DEBUG o.dbunit.dataset.OrderedTableNameMap - isLastTable(tableName=orders) - start
23:05:02.464 [main] DEBUG o.dbunit.dataset.OrderedTableNameMap - getLastTableName() - start
23:05:02.464 [main] DEBUG o.dbunit.dataset.OrderedTableNameMap - getTableName(tableName=order_items) - start
23:05:02.466 [main] DEBUG o.dbunit.dataset.OrderedTableNameMap - getTableName(tableName=order_items) - end - result=ORDER_ITEMS
23:05:02.466 [main] DEBUG o.dbunit.dataset.OrderedTableNameMap - getTableName(tableName=orders) - start
23:05:02.466 [main] DEBUG o.dbunit.dataset.OrderedTableNameMap - getTableName(tableName=orders) - end - result=ORDERS
23:05:02.466 [main] DEBUG org.dbunit.dataset.CachedDataSet - endTable() - start
23:05:02.466 [main] DEBUG o.dbunit.dataset.OrderedTableNameMap - getTableName(tableName=order_items) - start
23:05:02.467 [main] DEBUG o.dbunit.dataset.OrderedTableNameMap - getTableName(tableName=order_items) - end - result=ORDER_ITEMS
23:05:02.467 [main] DEBUG o.dbunit.dataset.OrderedTableNameMap - getTableName(tableName=order_items) - start
23:05:02.467 [main] DEBUG o.dbunit.dataset.OrderedTableNameMap - getTableName(tableName=order_items) - end - result=ORDER_ITEMS
23:05:02.467 [main] DEBUG org.dbunit.dataset.DefaultTable - addTableRows(table=org.dbunit.dataset.DefaultTable[_metaData=tableName=order_items, columns=[(id, UNKNOWN, nullableUnknown), (order_order_number, UNKNOWN, nullableUnknown), (product_sku_number, UNKNOWN, nullableUnknown), (quantity, UNKNOWN, nullableUnknown)], keys=[], _rowList.size()=1]) - start
23:05:02.469 [main] DEBUG org.dbunit.dataset.DefaultTable - getValue(row=0, column=id) - start
23:05:02.469 [main] DEBUG org.dbunit.dataset.AbstractTable - assertValidRowIndex(row=0) - start
23:05:02.469 [main] DEBUG org.dbunit.dataset.AbstractTable - assertValidRowIndex(row=0, rowCount=1) - start
23:05:02.469 [main] DEBUG org.dbunit.dataset.AbstractTable - getColumnIndex(columnName=id) - start
23:05:02.469 [main] DEBUG o.d.dataset.AbstractTableMetaData - getColumnIndex(columnName=id) - start
23:05:02.469 [main] DEBUG org.dbunit.dataset.DefaultTable - getValue(row=0, column=order_order_number) - start
23:05:02.470 [main] DEBUG org.dbunit.dataset.AbstractTable - assertValidRowIndex(row=0) - start
23:05:02.470 [main] DEBUG org.dbunit.dataset.AbstractTable - assertValidRowIndex(row=0, rowCount=1) - start
23:05:02.471 [main] DEBUG org.dbunit.dataset.AbstractTable - getColumnIndex(columnName=order_order_number) - start
23:05:02.471 [main] DEBUG o.d.dataset.AbstractTableMetaData - getColumnIndex(columnName=order_order_number) - start
23:05:02.471 [main] DEBUG org.dbunit.dataset.DefaultTable - getValue(row=0, column=product_sku_number) - start
23:05:02.473 [main] DEBUG org.dbunit.dataset.AbstractTable - assertValidRowIndex(row=0) - start
23:05:02.473 [main] DEBUG org.dbunit.dataset.AbstractTable - assertValidRowIndex(row=0, rowCount=1) - start
23:05:02.473 [main] DEBUG org.dbunit.dataset.AbstractTable - getColumnIndex(columnName=product_sku_number) - start
23:05:02.473 [main] DEBUG o.d.dataset.AbstractTableMetaData - getColumnIndex(columnName=product_sku_number) - start
23:05:02.473 [main] DEBUG org.dbunit.dataset.DefaultTable - getValue(row=0, column=quantity) - start
23:05:02.474 [main] DEBUG org.dbunit.dataset.AbstractTable - assertValidRowIndex(row=0) - start
23:05:02.475 [main] DEBUG org.dbunit.dataset.AbstractTable - assertValidRowIndex(row=0, rowCount=1) - start
23:05:02.475 [main] DEBUG org.dbunit.dataset.AbstractTable - getColumnIndex(columnName=quantity) - start
23:05:02.476 [main] DEBUG o.d.dataset.AbstractTableMetaData - getColumnIndex(columnName=quantity) - start
23:05:02.476 [main] DEBUG org.dbunit.dataset.DefaultTable - getValue(row=1, column=id) - start
23:05:02.476 [main] DEBUG org.dbunit.dataset.AbstractTable - assertValidRowIndex(row=1) - start
23:05:02.476 [main] DEBUG org.dbunit.dataset.AbstractTable - assertValidRowIndex(row=1, rowCount=1) - start
23:05:02.476 [main] DEBUG o.dbunit.dataset.OrderedTableNameMap - getTableName(tableName=orders) - start
23:05:02.476 [main] DEBUG o.dbunit.dataset.OrderedTableNameMap - getTableName(tableName=orders) - end - result=ORDERS
23:05:02.476 [main] DEBUG o.dbunit.dataset.OrderedTableNameMap - getTableName(tableName=orders) - start
23:05:02.478 [main] DEBUG o.dbunit.dataset.OrderedTableNameMap - getTableName(tableName=orders) - end - result=ORDERS
23:05:02.478 [main] DEBUG o.dbunit.dataset.OrderedTableNameMap - setLastTable(nameorders) - start
23:05:02.478 [main] DEBUG o.dbunit.dataset.OrderedTableNameMap - getTableName(tableName=orders) - start
23:05:02.478 [main] DEBUG o.dbunit.dataset.OrderedTableNameMap - getTableName(tableName=orders) - end - result=ORDERS
[...]
23:05:10.197 [main] DEBUG org.dbunit.util.QualifiedTableName - Qualified table names feature is disabled. Returning plain table name
23:05:10.197 [main] DEBUG org.dbunit.util.QualifiedTableName - getQualifiedName(prefix=null, name=orders, escapePattern=null) - start
23:05:10.197 [main] DEBUG o.dbunit.dataset.OrderedTableNameMap - add(tableName=orders, object=null) - start
23:05:10.198 [main] DEBUG o.dbunit.dataset.OrderedTableNameMap - getTableName(tableName=orders) - start
23:05:10.198 [main] DEBUG o.dbunit.dataset.OrderedTableNameMap - getTableName(tableName=orders) - end - result=ORDERS
23:05:10.199 [main] DEBUG o.dbunit.dataset.OrderedTableNameMap - getTableName(tableName=ORDERS) - start
23:05:10.199 [main] DEBUG o.dbunit.dataset.OrderedTableNameMap - getTableName(tableName=ORDERS) - end - result=ORDERS
23:05:10.199 [main] DEBUG org.dbunit.util.QualifiedTableName - getQualifiedNameIfEnabled(config=org.dbunit.database.DatabaseConfig[, _propertyMap={http://www.dbunit.org/properties/statementFactory=org.dbunit.database.statement.PreparedStatementFactory@19a32e0, http://www.dbunit.org/features/caseSensitiveTableNames=false, http://www.dbunit.org/properties/fetchSize=100, http://www.dbunit.org/features/batchedStatements=false, http://www.dbunit.org/properties/metadataHandler=org.dbunit.database.DefaultMetadataHandler@1fdadcd, http://www.dbunit.org/properties/datatypeFactory=org.dbunit.dataset.datatype.DefaultDataTypeFactory[_toleratedDeltaMap=org.dbunit.dataset.datatype.ToleratedDeltaMap@16925b0], http://www.dbunit.org/properties/escapePattern=null, http://www.dbunit.org/properties/batchSize=100, http://www.dbunit.org/features/qualifiedTableNames=false, http://www.dbunit.org/properties/tableType=[Ljava.lang.String;@297ffb, http://www.dbunit.org/properties/resultSetTableFactory=org.dbunit.database.CachedResultSetTableFactory@914f6a, http://www.dbunit.org/features/datatypeWarning=true}]) - start
23:05:10.203 [main] DEBUG org.dbunit.util.QualifiedTableName - Qualified table names feature is disabled. Returning plain table name
23:05:10.203 [main] DEBUG org.dbunit.util.QualifiedTableName - getQualifiedName(prefix=null, name=products, escapePattern=null) - start
23:05:10.203 [main] DEBUG o.dbunit.dataset.OrderedTableNameMap - add(tableName=products, object=null) - start
23:05:10.203 [main] DEBUG o.dbunit.dataset.OrderedTableNameMap - getTableName(tableName=products) - start
23:05:10.203 [main] DEBUG o.dbunit.dataset.OrderedTableNameMap - getTableName(tableName=products) - end - result=PRODUCTS
23:05:10.204 [main] DEBUG o.dbunit.dataset.OrderedTableNameMap - getTableName(tableName=PRODUCTS) - start
23:05:10.204 [main] DEBUG o.dbunit.dataset.OrderedTableNameMap - getTableName(tableName=PRODUCTS) - end - result=PRODUCTS
23:05:10.204 [main] DEBUG o.dbunit.dataset.OrderedTableNameMap - getTableName(tableName=order_items) - start
23:05:10.204 [main] DEBUG o.dbunit.dataset.OrderedTableNameMap - getTableName(tableName=order_items) - end - result=ORDER_ITEMS
23:05:10.204 [main] DEBUG o.dbunit.dataset.OrderedTableNameMap - getTableName(tableName=order_items) - start
23:05:10.209 [main] DEBUG o.dbunit.dataset.OrderedTableNameMap - getTableName(tableName=order_items) - end - result=ORDER_ITEMS
23:05:10.209 [main] DEBUG org.dbunit.util.SQLHelper - isEscaped returns 'false' for tableName=order_items (dbIdentifierQuoteString=`)
23:05:10.209 [main] DEBUG o.d.database.DatabaseTableMetaData - Validating if table 'order_items' exists in schema '' ...
23:05:10.210 [main] DEBUG org.dbunit.util.SQLHelper - close(resultSet=com.mysql.jdbc.JDBC4ResultSet@ab444) - start
23:05:10.210 [main] DEBUG o.dbunit.dataset.OrderedTableNameMap - update(tableName=order_items, object=table=order_items, cols=[(id, INTEGER, noNulls), (order_order_number, INTEGER, noNulls), (product_sku_number, INTEGER, noNulls), (quantity, INTEGER, noNulls)], pk=[(id, INTEGER, noNulls)]) - start
23:05:10.217 [main] DEBUG o.dbunit.dataset.OrderedTableNameMap - getTableName(tableName=order_items) - start
23:05:10.217 [main] DEBUG o.dbunit.dataset.OrderedTableNameMap - getTableName(tableName=order_items) - end - result=ORDER_ITEMS
23:05:10.312 [main] DEBUG o.dbunit.dataset.OrderedTableNameMap - getTableName(tableName=order_items) - start
23:05:10.312 [main] DEBUG o.dbunit.dataset.OrderedTableNameMap - getTableName(tableName=order_items) - end - result=ORDER_ITEMS
23:05:10.312 [main] DEBUG o.dbunit.operation.AbstractOperation - getQualifiedName(prefix=, name=order_items, connection=org.dbunit.database.DatabaseConnection[schema=, connection=com.mysql.jdbc.JDBC4Connection@349471, super=_databaseConfig=org.dbunit.database.DatabaseConfig[, _propertyMap={http://www.dbunit.org/properties/statementFactory=org.dbunit.database.statement.PreparedStatementFactory@19a32e0, http://www.dbunit.org/features/caseSensitiveTableNames=false, http://www.dbunit.org/properties/fetchSize=100, http://www.dbunit.org/features/batchedStatements=false, http://www.dbunit.org/properties/metadataHandler=org.dbunit.database.DefaultMetadataHandler@1fdadcd, http://www.dbunit.org/properties/datatypeFactory=org.dbunit.dataset.datatype.DefaultDataTypeFactory[_toleratedDeltaMap=org.dbunit.dataset.datatype.ToleratedDeltaMap@16925b0], http://www.dbunit.org/properties/escapePattern=null, http://www.dbunit.org/properties/batchSize=100, http://www.dbunit.org/features/qualifiedTableNames=false, http://www.dbunit.org/properties/tableType=[Ljava.lang.String;@297ffb, http://www.dbunit.org/properties/resultSetTableFactory=org.dbunit.database.CachedResultSetTableFactory@914f6a, http://www.dbunit.org/features/datatypeWarning=true}], _dataSet=AbstractDataSet[_orderedTableNameMap=null]]) - start
23:05:10.313 [main] DEBUG org.dbunit.util.QualifiedTableName - getQualifiedName() - start
23:05:10.313 [main] DEBUG org.dbunit.util.QualifiedTableName - getQualifiedName(prefix=, name=order_items, escapePattern=null) - start
23:05:10.313 [main] DEBUG o.d.d.statement.SimpleStatement - addBatch(sql=delete from order_items) - start
23:05:10.313 [main] DEBUG o.d.operation.DeleteAllOperation - Added SQL: delete from order_items
23:05:10.313 [main] DEBUG org.dbunit.database.DatabaseDataSet - getTableMetaData(tableName=orders) - start
23:05:10.314 [main] DEBUG org.dbunit.database.DatabaseDataSet - initialize() - start
23:05:10.314 [main] DEBUG o.dbunit.dataset.OrderedTableNameMap - getTableName(tableName=orders) - start
23:05:10.314 [main] DEBUG o.dbunit.dataset.OrderedTableNameMap - getTableName(tableName=orders) - end - result=ORDERS
23:05:10.314 [main] DEBUG o.dbunit.dataset.OrderedTableNameMap - getTableName(tableName=orders) - start
23:05:10.314 [main] DEBUG o.dbunit.dataset.OrderedTableNameMap - getTableName(tableName=orders) - end - result=ORDERS
23:05:10.319 [main] DEBUG org.dbunit.util.SQLHelper - isEscaped returns 'false' for tableName=orders (dbIdentifierQuoteString=`)
23:05:10.319 [main] DEBUG o.d.database.DatabaseTableMetaData - Validating if table 'orders' exists in schema '' ...
23:05:10.320 [main] DEBUG org.dbunit.util.SQLHelper - close(resultSet=com.mysql.jdbc.JDBC4ResultSet@100bac2) - start
23:05:10.320 [main] DEBUG o.dbunit.dataset.OrderedTableNameMap - update(tableName=orders, object=table=orders, cols=[(order_number, INTEGER, noNulls), (customer_id, INTEGER, noNulls), (date, DATE, noNulls), (amount, DECIMAL, noNulls), (order_status, VARCHAR, noNulls), (discount_status, VARCHAR, noNulls)], pk=[(order_number, INTEGER, noNulls)]) - start
23:05:10.328 [main] DEBUG o.dbunit.dataset.OrderedTableNameMap - getTableName(tableName=orders) - start
23:05:10.328 [main] DEBUG o.dbunit.dataset.OrderedTableNameMap - getTableName(tableName=orders) - end - result=ORDERS
23:05:10.422 [main] DEBUG o.dbunit.dataset.OrderedTableNameMap - getTableName(tableName=orders) - start
23:05:10.422 [main] DEBUG o.dbunit.dataset.OrderedTableNameMap - getTableName(tableName=orders) - end - result=ORDERS
23:05:10.422 [main] DEBUG o.dbunit.operation.AbstractOperation - getQualifiedName(prefix=, name=orders, connection=org.dbunit.database.DatabaseConnection[schema=, connection=com.mysql.jdbc.JDBC4Connection@349471, super=_databaseConfig=org.dbunit.database.DatabaseConfig[, _propertyMap={http://www.dbunit.org/properties/statementFactory=org.dbunit.database.statement.PreparedStatementFactory@19a32e0, http://www.dbunit.org/features/caseSensitiveTableNames=false, http://www.dbunit.org/properties/fetchSize=100, http://www.dbunit.org/features/batchedStatements=false, http://www.dbunit.org/properties/metadataHandler=org.dbunit.database.DefaultMetadataHandler@1fdadcd, http://www.dbunit.org/properties/datatypeFactory=org.dbunit.dataset.datatype.DefaultDataTypeFactory[_toleratedDeltaMap=org.dbunit.dataset.datatype.ToleratedDeltaMap@16925b0], http://www.dbunit.org/properties/escapePattern=null, http://www.dbunit.org/properties/batchSize=100, http://www.dbunit.org/features/qualifiedTableNames=false, http://www.dbunit.org/properties/tableType=[Ljava.lang.String;@297ffb, http://www.dbunit.org/properties/resultSetTableFactory=org.dbunit.database.CachedResultSetTableFactory@914f6a, http://www.dbunit.org/features/datatypeWarning=true}], _dataSet=AbstractDataSet[_orderedTableNameMap=null]]) - start
23:05:10.423 [main] DEBUG org.dbunit.util.QualifiedTableName - getQualifiedName() - start
23:05:10.423 [main] DEBUG org.dbunit.util.QualifiedTableName - getQualifiedName(prefix=, name=orders, escapePattern=null) - start
23:05:10.423 [main] DEBUG o.d.d.statement.SimpleStatement - addBatch(sql=delete from orders) - start
23:05:10.423 [main] DEBUG o.d.operation.DeleteAllOperation - Added SQL: delete from orders
23:05:10.423 [main] DEBUG org.dbunit.database.DatabaseDataSet - getTableMetaData(tableName=products) - start
23:05:10.424 [main] DEBUG org.dbunit.database.DatabaseDataSet - initialize() - start
23:05:10.424 [main] DEBUG o.dbunit.dataset.OrderedTableNameMap - getTableName(tableName=products) - start
23:05:10.424 [main] DEBUG o.dbunit.dataset.OrderedTableNameMap - getTableName(tableName=products) - end - result=PRODUCTS
23:05:10.424 [main] DEBUG o.dbunit.dataset.OrderedTableNameMap - getTableName(tableName=products) - start
23:05:10.424 [main] DEBUG o.dbunit.dataset.OrderedTableNameMap - getTableName(tableName=products) - end - result=PRODUCTS
23:05:10.429 [main] DEBUG org.dbunit.util.SQLHelper - isEscaped returns 'false' for tableName=products (dbIdentifierQuoteString=`)
23:05:10.429 [main] DEBUG o.d.database.DatabaseTableMetaData - Validating if table 'products' exists in schema '' ...
23:05:10.430 [main] DEBUG org.dbunit.util.SQLHelper - close(resultSet=com.mysql.jdbc.JDBC4ResultSet@1be16f5) - start
23:05:10.431 [main] DEBUG o.dbunit.dataset.OrderedTableNameMap - update(tableName=products, object=table=products, cols=[(sku_number, INTEGER, noNulls), (name, VARCHAR, noNulls), (amount, DECIMAL, noNulls)], pk=[(sku_number, INTEGER, noNulls)]) - start
23:05:10.437 [main] DEBUG o.dbunit.dataset.OrderedTableNameMap - getTableName(tableName=products) - start
23:05:10.438 [main] DEBUG o.dbunit.dataset.OrderedTableNameMap - getTableName(tableName=products) - end - result=PRODUCTS
23:05:10.438 [main] DEBUG o.dbunit.dataset.OrderedTableNameMap - getTableName(tableName=products) - start
23:05:10.532 [main] DEBUG o.dbunit.dataset.OrderedTableNameMap - getTableName(tableName=products) - end - result=PRODUCTS
23:05:10.532 [main] DEBUG o.dbunit.operation.AbstractOperation - getQualifiedName(prefix=, name=products, connection=org.dbunit.database.DatabaseConnection[schema=, connection=com.mysql.jdbc.JDBC4Connection@349471, super=_databaseConfig=org.dbunit.database.DatabaseConfig[, _propertyMap={http://www.dbunit.org/properties/statementFactory=org.dbunit.database.statement.PreparedStatementFactory@19a32e0, http://www.dbunit.org/features/caseSensitiveTableNames=false, http://www.dbunit.org/properties/fetchSize=100, http://www.dbunit.org/features/batchedStatements=false, http://www.dbunit.org/properties/metadataHandler=org.dbunit.database.DefaultMetadataHandler@1fdadcd, http://www.dbunit.org/properties/datatypeFactory=org.dbunit.dataset.datatype.DefaultDataTypeFactory[_toleratedDeltaMap=org.dbunit.dataset.datatype.ToleratedDeltaMap@16925b0], http://www.dbunit.org/properties/escapePattern=null, http://www.dbunit.org/properties/batchSize=100, http://www.dbunit.org/features/qualifiedTableNames=false, http://www.dbunit.org/properties/tableType=[Ljava.lang.String;@297ffb, http://www.dbunit.org/properties/resultSetTableFactory=org.dbunit.database.CachedResultSetTableFactory@914f6a, http://www.dbunit.org/features/datatypeWarning=true}], _dataSet=AbstractDataSet[_orderedTableNameMap=null]]) - start
23:05:10.533 [main] DEBUG org.dbunit.util.QualifiedTableName - getQualifiedName() - start
23:05:10.533 [main] DEBUG org.dbunit.util.QualifiedTableName - getQualifiedName(prefix=, name=products, escapePattern=null) - start
23:05:10.533 [main] DEBUG o.d.d.statement.SimpleStatement - addBatch(sql=delete from products) - start
23:05:10.533 [main] DEBUG o.d.operation.DeleteAllOperation - Added SQL: delete from products
23:05:10.533 [main] DEBUG org.dbunit.database.DatabaseDataSet - getTableMetaData(tableName=customers) - start
23:05:10.534 [main] DEBUG org.dbunit.database.DatabaseDataSet - initialize() - start
23:05:10.534 [main] DEBUG o.dbunit.dataset.OrderedTableNameMap - getTableName(tableName=customers) - start
23:05:10.534 [main] DEBUG o.dbunit.dataset.OrderedTableNameMap - getTableName(tableName=customers) - end - result=CUSTOMERS
23:05:10.534 [main] DEBUG o.dbunit.dataset.OrderedTableNameMap - getTableName(tableName=customers) - start
23:05:10.534 [main] DEBUG o.dbunit.dataset.OrderedTableNameMap - getTableName(tableName=customers) - end - result=CUSTOMERS
23:05:10.538 [main] DEBUG org.dbunit.util.SQLHelper - isEscaped returns 'false' for tableName=customers (dbIdentifierQuoteString=`)
23:05:10.538 [main] DEBUG o.d.database.DatabaseTableMetaData - Validating if table 'customers' exists in schema '' ...
23:05:10.540 [main] DEBUG org.dbunit.util.SQLHelper - close(resultSet=com.mysql.jdbc.JDBC4ResultSet@8a548b) - start
23:05:10.540 [main] DEBUG o.dbunit.dataset.OrderedTableNameMap - update(tableName=customers, object=table=customers, cols=[(id, INTEGER, noNulls), (name, VARCHAR, nullable)], pk=[(id, INTEGER, noNulls)]) - start
23:05:10.546 [main] DEBUG o.dbunit.dataset.OrderedTableNameMap - getTableName(tableName=customers) - start
23:05:10.546 [main] DEBUG o.dbunit.dataset.OrderedTableNameMap - getTableName(tableName=customers) - end - result=CUSTOMERS
23:05:10.546 [main] DEBUG o.dbunit.dataset.OrderedTableNameMap - getTableName(tableName=customers) - start
23:05:10.642 [main] DEBUG o.dbunit.dataset.OrderedTableNameMap - getTableName(tableName=customers) - end - result=CUSTOMERS
23:05:10.642 [main] DEBUG o.dbunit.operation.AbstractOperation - getQualifiedName(prefix=, name=customers, connection=org.dbunit.database.DatabaseConnection[schema=, connection=com.mysql.jdbc.JDBC4Connection@349471, super=_databaseConfig=org.dbunit.database.DatabaseConfig[, _propertyMap={http://www.dbunit.org/properties/statementFactory=org.dbunit.database.statement.PreparedStatementFactory@19a32e0, http://www.dbunit.org/features/caseSensitiveTableNames=false, http://www.dbunit.org/properties/fetchSize=100, http://www.dbunit.org/features/batchedStatements=false, http://www.dbunit.org/properties/metadataHandler=org.dbunit.database.DefaultMetadataHandler@1fdadcd, http://www.dbunit.org/properties/datatypeFactory=org.dbunit.dataset.datatype.DefaultDataTypeFactory[_toleratedDeltaMap=org.dbunit.dataset.datatype.ToleratedDeltaMap@16925b0], http://www.dbunit.org/properties/escapePattern=null, http://www.dbunit.org/properties/batchSize=100, http://www.dbunit.org/features/qualifiedTableNames=false, http://www.dbunit.org/properties/tableType=[Ljava.lang.String;@297ffb, http://www.dbunit.org/properties/resultSetTableFactory=org.dbunit.database.CachedResultSetTableFactory@914f6a, http://www.dbunit.org/features/datatypeWarning=true}], _dataSet=AbstractDataSet[_orderedTableNameMap=null]]) - start
23:05:10.643 [main] DEBUG org.dbunit.util.QualifiedTableName - getQualifiedName() - start
23:05:10.643 [main] DEBUG org.dbunit.util.QualifiedTableName - getQualifiedName(prefix=, name=customers, escapePattern=null) - start
23:05:10.643 [main] DEBUG o.d.d.statement.SimpleStatement - addBatch(sql=delete from customers) - start
23:05:10.643 [main] DEBUG o.d.operation.DeleteAllOperation - Added SQL: delete from customers
23:05:10.643 [main] DEBUG o.d.d.statement.SimpleStatement - executeBatch() - start
23:05:10.643 [main] DEBUG o.d.d.statement.SimpleStatement - DbUnit SQL: delete from order_items
23:05:10.682 [main] DEBUG o.d.d.statement.SimpleStatement - DbUnit SQL: delete from orders
23:05:10.700 [main] DEBUG o.d.d.statement.SimpleStatement - DbUnit SQL: delete from products
23:05:10.726 [main] DEBUG o.d.d.statement.SimpleStatement - DbUnit SQL: delete from customers
23:05:10.744 [main] DEBUG o.d.d.statement.SimpleStatement - clearBatch() - start
23:05:10.744 [main] DEBUG o.d.d.s.AbstractBatchStatement - close() - start
23:05:10.744 [main] DEBUG org.dbunit.DefaultOperationListener - operationTearDownFinished(connection=org.dbunit.database.DatabaseConnection[schema=, connection=com.mysql.jdbc.JDBC4Connection@349471, super=_databaseConfig=org.dbunit.database.DatabaseConfig[, _propertyMap={http://www.dbunit.org/properties/statementFactory=org.dbunit.database.statement.PreparedStatementFactory@19a32e0, http://www.dbunit.org/features/caseSensitiveTableNames=false, http://www.dbunit.org/properties/fetchSize=100, http://www.dbunit.org/features/batchedStatements=false, http://www.dbunit.org/properties/metadataHandler=org.dbunit.database.DefaultMetadataHandler@1fdadcd, http://www.dbunit.org/properties/datatypeFactory=org.dbunit.dataset.datatype.DefaultDataTypeFactory[_toleratedDeltaMap=org.dbunit.dataset.datatype.ToleratedDeltaMap@16925b0], http://www.dbunit.org/properties/escapePattern=null, http://www.dbunit.org/properties/batchSize=100, http://www.dbunit.org/features/qualifiedTableNames=false, http://www.dbunit.org/properties/tableType=[Ljava.lang.String;@297ffb, http://www.dbunit.org/properties/resultSetTableFactory=org.dbunit.database.CachedResultSetTableFactory@914f6a, http://www.dbunit.org/features/datatypeWarning=true}], _dataSet=AbstractDataSet[_orderedTableNameMap=null]]) - start
23:05:10.749 [main] DEBUG org.dbunit.DefaultOperationListener - closeConnection(connection=org.dbunit.database.DatabaseConnection[schema=, connection=com.mysql.jdbc.JDBC4Connection@349471, super=_databaseConfig=org.dbunit.database.DatabaseConfig[, _propertyMap={http://www.dbunit.org/properties/statementFactory=org.dbunit.database.statement.PreparedStatementFactory@19a32e0, http://www.dbunit.org/features/caseSensitiveTableNames=false, http://www.dbunit.org/properties/fetchSize=100, http://www.dbunit.org/features/batchedStatements=false, http://www.dbunit.org/properties/metadataHandler=org.dbunit.database.DefaultMetadataHandler@1fdadcd, http://www.dbunit.org/properties/datatypeFactory=org.dbunit.dataset.datatype.DefaultDataTypeFactory[_toleratedDeltaMap=org.dbunit.dataset.datatype.ToleratedDeltaMap@16925b0], http://www.dbunit.org/properties/escapePattern=null, http://www.dbunit.org/properties/batchSize=100, http://www.dbunit.org/features/qualifiedTableNames=false, http://www.dbunit.org/properties/tableType=[Ljava.lang.String;@297ffb, http://www.dbunit.org/properties/resultSetTableFactory=org.dbunit.database.CachedResultSetTableFactory@914f6a, http://www.dbunit.org/features/datatypeWarning=true}], _dataSet=AbstractDataSet[_orderedTableNameMap=null]]) - start
23:05:10.750 [main] DEBUG o.dbunit.database.DatabaseConnection - close() - start
]]></system-out>
  <system-err><![CDATA[]]></system-err>
</testsuite>
