<?xml version="1.0" encoding="UTF-8" ?>
<testsuite errors="0" failures="0" hostname="Blacklock" name="com.onb.orderingsystem.dao.jdbc.InventoryItemDaoTest" tests="2" time="8.542" timestamp="2011-06-13T15:04:48">
  <properties>
[...]
</properties>
  <testcase classname="com.onb.orderingsystem.dao.jdbc.InventoryItemDaoTest" name="testGetAvailableInventoryItems" time="4.479" />
  <testcase classname="com.onb.orderingsystem.dao.jdbc.InventoryItemDaoTest" name="testUpdateInventoryItems" time="3.921" />
  <system-out><![CDATA[23:04:47.455 [main] DEBUG org.dbunit.DBTestCase - getConnection() - start
23:04:47.478 [main] DEBUG org.dbunit.assertion.SimpleAssert - assertNotNullNorEmpty(propertyName=driverClass, property=com.mysql.jdbc.Driver) - start
23:04:47.490 [main] DEBUG org.dbunit.JdbcDatabaseTester - getConnection() - start
23:04:47.490 [main] DEBUG org.dbunit.assertion.SimpleAssert - assertNotNullNorEmpty(propertyName=connectionUrl, property=jdbc:mysql://127.0.0.1/orderingsystem_test) - start
23:04:47.757 [main] DEBUG org.dbunit.util.SQLHelper - isEscaped returns 'false' for tableName= (dbIdentifierQuoteString=`)
23:04:47.762 [main] DEBUG o.dbunit.database.DatabaseConnection - Database connection info: 
	database product name=MySQL
	database version=5.5.2-m2-community
	database major version=5
	database minor version=5
	jdbc driver name=MySQL-AB JDBC Driver
	jdbc driver version=mysql-connector-java-5.1.16 ( Revision: ${bzr.revision-id} )
	jdbc driver major version=5
	jdbc driver minor version=1

23:04:47.839 [main] DEBUG o.dbunit.database.DatabaseConnection - validateSchema(validateStrict=false) - start
23:04:47.842 [main] WARN  o.dbunit.database.DatabaseConnection - The given schema '' does not exist.
23:04:47.843 [main] DEBUG org.dbunit.DBTestCase - getConnection() - start
23:04:47.843 [main] DEBUG org.dbunit.assertion.SimpleAssert - assertNotNullNorEmpty(propertyName=driverClass, property=com.mysql.jdbc.Driver) - start
23:04:47.843 [main] DEBUG org.dbunit.JdbcDatabaseTester - getConnection() - start
23:04:47.843 [main] DEBUG org.dbunit.assertion.SimpleAssert - assertNotNullNorEmpty(propertyName=connectionUrl, property=jdbc:mysql://127.0.0.1/orderingsystem_test) - start
23:04:47.953 [main] DEBUG org.dbunit.util.SQLHelper - isEscaped returns 'false' for tableName= (dbIdentifierQuoteString=`)
23:04:47.953 [main] DEBUG o.dbunit.database.DatabaseConnection - Database connection info: 
	database product name=MySQL
	database version=5.5.2-m2-community
	database major version=5
	database minor version=5
	jdbc driver name=MySQL-AB JDBC Driver
	jdbc driver version=mysql-connector-java-5.1.16 ( Revision: ${bzr.revision-id} )
	jdbc driver major version=5
	jdbc driver minor version=1

23:04:48.043 [main] DEBUG o.dbunit.database.DatabaseConnection - validateSchema(validateStrict=false) - start
23:04:48.044 [main] WARN  o.dbunit.database.DatabaseConnection - The given schema '' does not exist.
23:04:48.187 [main] DEBUG org.dbunit.DatabaseTestCase - setUp() - start
23:04:48.187 [main] DEBUG org.dbunit.AbstractDatabaseTester - setSetUpOperation(setUpOperation=org.dbunit.operation.CompositeOperation[_actions=[org.dbunit.operation.DeleteAllOperation@19b1de, org.dbunit.operation.InsertOperation[_reverseRowOrder=false, super=org.dbunit.operation.InsertOperation@ec6b00]]]) - start
23:04:48.189 [main] DEBUG o.d.d.xml.FlatXmlDataSetBuilder - Creating FlatXmlDataSet with builder parameters: org.dbunit.dataset.xml.FlatXmlDataSetBuilder[dtdMetadata=true, columnSensing=false, caseSensitiveTableNames=false, metaDataSet=null]
23:04:48.304 [main] DEBUG o.d.d.xml.FlatXmlDataSetBuilder - Creating FlatXmlProducer using the properties of this builder: org.dbunit.dataset.xml.FlatXmlDataSetBuilder[dtdMetadata=true, columnSensing=false, caseSensitiveTableNames=false, metaDataSet=null]
23:04:48.320 [main] DEBUG o.dbunit.dataset.xml.FlatXmlProducer - setConsumer(consumer) - start
23:04:48.320 [main] DEBUG o.dbunit.dataset.xml.FlatXmlProducer - produce() - start
23:04:48.328 [main] DEBUG o.dbunit.dataset.xml.FlatDtdProducer - setLexicalHandler(xmlReader=org.apache.xerces.parsers.SAXParser@153c375, handler=org.dbunit.dataset.xml.FlatXmlProducer$FlatDtdHandler@453807) - start
23:04:48.328 [main] DEBUG o.dbunit.dataset.xml.FlatDtdProducer - setDeclHandler(xmlReader=org.apache.xerces.parsers.SAXParser@153c375, handler=org.dbunit.dataset.xml.FlatXmlProducer$FlatDtdHandler@453807) - start
23:04:48.419 [main] DEBUG o.dbunit.dataset.xml.FlatXmlProducer - startElement(uri=, localName=, qName=dataset, attributes=org.apache.xerces.parsers.AbstractSAXParser$AttributesProxy@4fc156) - start
23:04:48.419 [main] DEBUG org.dbunit.dataset.CachedDataSet - startDataSet() - start
23:04:48.419 [main] DEBUG o.dbunit.dataset.xml.FlatXmlProducer - startElement(uri=, localName=, qName=inventories, attributes=org.apache.xerces.parsers.AbstractSAXParser$AttributesProxy@4fc156) - start
23:04:48.419 [main] DEBUG o.dbunit.dataset.OrderedTableNameMap - getLastTableName() - start
23:04:48.514 [main] DEBUG o.dbunit.dataset.OrderedTableNameMap - isLastTable(tableName=inventories) - start
23:04:48.514 [main] DEBUG o.dbunit.dataset.OrderedTableNameMap - getTableName(tableName=inventories) - start
23:04:48.514 [main] DEBUG o.dbunit.dataset.OrderedTableNameMap - getTableName(tableName=inventories) - end - result=INVENTORIES
23:04:48.514 [main] DEBUG o.dbunit.dataset.xml.FlatXmlProducer - createTableMetaData(tableName=inventories, attributes=org.apache.xerces.parsers.AbstractSAXParser$AttributesProxy@4fc156) - start
23:04:48.533 [main] DEBUG org.dbunit.dataset.Columns - getColumns(columnNames=[], columns=[(id, UNKNOWN, nullableUnknown)]) - start
23:04:48.533 [main] DEBUG o.dbunit.dataset.OrderedTableNameMap - add(tableName=inventories, object=tableName=inventories, columns=[(id, UNKNOWN, nullableUnknown)], keys=[]) - start
23:04:48.533 [main] DEBUG o.dbunit.dataset.OrderedTableNameMap - getTableName(tableName=inventories) - start
23:04:48.533 [main] DEBUG o.dbunit.dataset.OrderedTableNameMap - getTableName(tableName=inventories) - end - result=INVENTORIES
23:04:48.619 [main] DEBUG o.dbunit.dataset.OrderedTableNameMap - getTableName(tableName=INVENTORIES) - start
23:04:48.619 [main] DEBUG o.dbunit.dataset.OrderedTableNameMap - getTableName(tableName=INVENTORIES) - end - result=INVENTORIES
23:04:48.619 [main] DEBUG org.dbunit.dataset.CachedDataSet - startTable(metaData=tableName=inventories, columns=[(id, UNKNOWN, nullableUnknown)], keys=[]) - start
23:04:48.622 [main] DEBUG o.dbunit.dataset.OrderedTableNameMap - getLastTableName() - start
23:04:48.622 [main] DEBUG o.dbunit.dataset.OrderedTableNameMap - getTableName(tableName=inventories) - start
23:04:48.722 [main] DEBUG o.dbunit.dataset.OrderedTableNameMap - getTableName(tableName=inventories) - end - result=INVENTORIES
23:04:48.722 [main] DEBUG o.d.dataset.AbstractTableMetaData - getColumnIndex(columnName=id) - start
23:04:48.723 [main] DEBUG o.dbunit.dataset.OrderedTableNameMap - getLastTableName() - start
23:04:48.723 [main] DEBUG o.dbunit.dataset.OrderedTableNameMap - getTableName(tableName=inventories) - start
23:04:48.723 [main] DEBUG o.dbunit.dataset.OrderedTableNameMap - getTableName(tableName=inventories) - end - result=INVENTORIES
23:04:48.824 [main] DEBUG org.dbunit.dataset.CachedDataSet - row(values=1) - start
23:04:48.824 [main] DEBUG org.dbunit.dataset.DefaultTable - addRow(values=1) - start
23:04:48.824 [main] DEBUG o.dbunit.dataset.xml.FlatXmlProducer - endElement(uri=, localName=, qName=inventories) - start
23:04:48.824 [main] DEBUG o.dbunit.dataset.xml.FlatXmlProducer - startElement(uri=, localName=, qName=products, attributes=org.apache.xerces.parsers.AbstractSAXParser$AttributesProxy@4fc156) - start
23:04:48.824 [main] DEBUG o.dbunit.dataset.OrderedTableNameMap - getLastTableName() - start
23:04:48.925 [main] DEBUG o.dbunit.dataset.OrderedTableNameMap - getTableName(tableName=inventories) - start
23:04:48.925 [main] DEBUG o.dbunit.dataset.OrderedTableNameMap - getTableName(tableName=inventories) - end - result=INVENTORIES
23:04:48.925 [main] DEBUG o.dbunit.dataset.OrderedTableNameMap - isLastTable(tableName=products) - start
23:04:48.925 [main] DEBUG o.dbunit.dataset.OrderedTableNameMap - getLastTableName() - start
23:04:48.925 [main] DEBUG o.dbunit.dataset.OrderedTableNameMap - getTableName(tableName=inventories) - start
23:04:49.025 [main] DEBUG o.dbunit.dataset.OrderedTableNameMap - getTableName(tableName=inventories) - end - result=INVENTORIES
23:04:49.025 [main] DEBUG o.dbunit.dataset.OrderedTableNameMap - getTableName(tableName=products) - start
23:04:49.025 [main] DEBUG o.dbunit.dataset.OrderedTableNameMap - getTableName(tableName=products) - end - result=PRODUCTS
23:04:49.025 [main] DEBUG org.dbunit.dataset.CachedDataSet - endTable() - start
23:04:49.025 [main] DEBUG o.dbunit.dataset.OrderedTableNameMap - getTableName(tableName=inventories) - start
23:04:49.026 [main] DEBUG o.dbunit.dataset.OrderedTableNameMap - getTableName(tableName=inventories) - end - result=INVENTORIES
23:04:49.026 [main] DEBUG o.dbunit.dataset.OrderedTableNameMap - add(tableName=inventories, object=org.dbunit.dataset.DefaultTable[_metaData=tableName=inventories, columns=[(id, UNKNOWN, nullableUnknown)], keys=[], _rowList.size()=1]) - start
23:04:49.026 [main] DEBUG o.dbunit.dataset.OrderedTableNameMap - getTableName(tableName=inventories) - start
23:04:49.026 [main] DEBUG o.dbunit.dataset.OrderedTableNameMap - getTableName(tableName=inventories) - end - result=INVENTORIES
23:04:49.028 [main] DEBUG o.dbunit.dataset.OrderedTableNameMap - getTableName(tableName=INVENTORIES) - start
23:04:49.028 [main] DEBUG o.dbunit.dataset.OrderedTableNameMap - getTableName(tableName=INVENTORIES) - end - result=INVENTORIES
23:04:49.028 [main] DEBUG o.dbunit.dataset.OrderedTableNameMap - getTableName(tableName=products) - start
23:04:49.028 [main] DEBUG o.dbunit.dataset.OrderedTableNameMap - getTableName(tableName=products) - end - result=PRODUCTS
23:04:49.028 [main] DEBUG o.dbunit.dataset.xml.FlatXmlProducer - createTableMetaData(tableName=products, attributes=org.apache.xerces.parsers.AbstractSAXParser$AttributesProxy@4fc156) - start
23:04:49.029 [main] DEBUG org.dbunit.dataset.Columns - getColumns(columnNames=[], columns=[(sku_number, UNKNOWN, nullableUnknown), (name, UNKNOWN, nullableUnknown), (amount, UNKNOWN, nullableUnknown)]) - start
23:04:49.030 [main] DEBUG o.dbunit.dataset.OrderedTableNameMap - add(tableName=products, object=tableName=products, columns=[(sku_number, UNKNOWN, nullableUnknown), (name, UNKNOWN, nullableUnknown), (amount, UNKNOWN, nullableUnknown)], keys=[]) - start
23:04:49.030 [main] DEBUG o.dbunit.dataset.OrderedTableNameMap - getTableName(tableName=products) - start
23:04:49.031 [main] DEBUG o.dbunit.dataset.OrderedTableNameMap - getTableName(tableName=products) - end - result=PRODUCTS
23:04:49.031 [main] DEBUG o.dbunit.dataset.OrderedTableNameMap - getTableName(tableName=PRODUCTS) - start
23:04:49.031 [main] DEBUG o.dbunit.dataset.OrderedTableNameMap - getTableName(tableName=PRODUCTS) - end - result=PRODUCTS
23:04:49.031 [main] DEBUG org.dbunit.dataset.CachedDataSet - startTable(metaData=tableName=products, columns=[(sku_number, UNKNOWN, nullableUnknown), (name, UNKNOWN, nullableUnknown), (amount, UNKNOWN, nullableUnknown)], keys=[]) - start
23:04:49.033 [main] DEBUG o.dbunit.dataset.OrderedTableNameMap - getLastTableName() - start
23:04:49.033 [main] DEBUG o.dbunit.dataset.OrderedTableNameMap - getTableName(tableName=products) - start
23:04:49.033 [main] DEBUG o.dbunit.dataset.OrderedTableNameMap - getTableName(tableName=products) - end - result=PRODUCTS
23:04:49.034 [main] DEBUG o.d.dataset.AbstractTableMetaData - getColumnIndex(columnName=sku_number) - start
23:04:49.034 [main] DEBUG o.d.dataset.AbstractTableMetaData - getColumnIndex(columnName=name) - start
23:04:49.034 [main] DEBUG o.d.dataset.AbstractTableMetaData - getColumnIndex(columnName=amount) - start
23:04:49.034 [main] DEBUG o.dbunit.dataset.OrderedTableNameMap - getLastTableName() - start
23:04:49.034 [main] DEBUG o.dbunit.dataset.OrderedTableNameMap - getTableName(tableName=products) - start
23:04:49.034 [main] DEBUG o.dbunit.dataset.OrderedTableNameMap - getTableName(tableName=products) - end - result=PRODUCTS
23:04:49.035 [main] DEBUG org.dbunit.dataset.CachedDataSet - row(values=1) - start
23:04:49.035 [main] DEBUG org.dbunit.dataset.DefaultTable - addRow(values=1) - start
23:04:49.036 [main] DEBUG o.dbunit.dataset.xml.FlatXmlProducer - endElement(uri=, localName=, qName=products) - start
23:04:49.036 [main] DEBUG o.dbunit.dataset.xml.FlatXmlProducer - startElement(uri=, localName=, qName=products, attributes=org.apache.xerces.parsers.AbstractSAXParser$AttributesProxy@4fc156) - start
23:04:49.036 [main] DEBUG o.dbunit.dataset.OrderedTableNameMap - getLastTableName() - start
23:04:49.036 [main] DEBUG o.dbunit.dataset.OrderedTableNameMap - getTableName(tableName=products) - start
23:04:49.038 [main] DEBUG o.dbunit.dataset.OrderedTableNameMap - getTableName(tableName=products) - end - result=PRODUCTS
23:04:49.038 [main] DEBUG o.dbunit.dataset.OrderedTableNameMap - isLastTable(tableName=products) - start
23:04:49.038 [main] DEBUG o.dbunit.dataset.OrderedTableNameMap - getLastTableName() - start
23:04:49.038 [main] DEBUG o.dbunit.dataset.OrderedTableNameMap - getTableName(tableName=products) - start
23:04:49.038 [main] DEBUG o.dbunit.dataset.OrderedTableNameMap - getTableName(tableName=products) - end - result=PRODUCTS
23:04:49.040 [main] DEBUG o.dbunit.dataset.OrderedTableNameMap - getTableName(tableName=products) - start
23:04:49.040 [main] DEBUG o.dbunit.dataset.OrderedTableNameMap - getTableName(tableName=products) - end - result=PRODUCTS
23:04:49.040 [main] DEBUG o.dbunit.dataset.OrderedTableNameMap - getLastTableName() - start
23:04:49.040 [main] DEBUG o.dbunit.dataset.OrderedTableNameMap - getTableName(tableName=products) - start
23:04:49.040 [main] DEBUG o.dbunit.dataset.OrderedTableNameMap - getTableName(tableName=products) - end - result=PRODUCTS
23:04:49.041 [main] DEBUG o.d.dataset.AbstractTableMetaData - getColumnIndex(columnName=sku_number) - start
23:04:49.041 [main] DEBUG o.d.dataset.AbstractTableMetaData - getColumnIndex(columnName=name) - start
23:04:49.041 [main] DEBUG o.d.dataset.AbstractTableMetaData - getColumnIndex(columnName=amount) - start
23:04:49.042 [main] DEBUG o.dbunit.dataset.OrderedTableNameMap - getLastTableName() - start
23:04:49.042 [main] DEBUG o.dbunit.dataset.OrderedTableNameMap - getTableName(tableName=products) - start
23:04:49.043 [main] DEBUG o.dbunit.dataset.OrderedTableNameMap - getTableName(tableName=products) - end - result=PRODUCTS
23:04:49.043 [main] DEBUG org.dbunit.dataset.CachedDataSet - row(values=2) - start
23:04:49.043 [main] DEBUG org.dbunit.dataset.DefaultTable - addRow(values=2) - start
23:04:49.043 [main] DEBUG o.dbunit.dataset.xml.FlatXmlProducer - endElement(uri=, localName=, qName=products) - start
23:04:49.043 [main] DEBUG o.dbunit.dataset.xml.FlatXmlProducer - startElement(uri=, localName=, qName=products, attributes=org.apache.xerces.parsers.AbstractSAXParser$AttributesProxy@4fc156) - start
23:04:49.045 [main] DEBUG o.dbunit.dataset.OrderedTableNameMap - getLastTableName() - start
23:04:49.045 [main] DEBUG o.dbunit.dataset.OrderedTableNameMap - getTableName(tableName=products) - start
23:04:49.045 [main] DEBUG o.dbunit.dataset.OrderedTableNameMap - getTableName(tableName=products) - end - result=PRODUCTS
23:04:49.045 [main] DEBUG o.dbunit.dataset.OrderedTableNameMap - isLastTable(tableName=products) - start
23:04:49.045 [main] DEBUG o.dbunit.dataset.OrderedTableNameMap - getLastTableName() - start
23:04:49.046 [main] DEBUG o.dbunit.dataset.OrderedTableNameMap - getTableName(tableName=products) - start
23:04:49.046 [main] DEBUG o.dbunit.dataset.OrderedTableNameMap - getTableName(tableName=products) - end - result=PRODUCTS
23:04:49.046 [main] DEBUG o.dbunit.dataset.OrderedTableNameMap - getTableName(tableName=products) - start
23:04:49.046 [main] DEBUG o.dbunit.dataset.OrderedTableNameMap - getTableName(tableName=products) - end - result=PRODUCTS
23:04:49.046 [main] DEBUG o.dbunit.dataset.OrderedTableNameMap - getLastTableName() - start
23:04:49.048 [main] DEBUG o.dbunit.dataset.OrderedTableNameMap - getTableName(tableName=products) - start
23:04:49.048 [main] DEBUG o.dbunit.dataset.OrderedTableNameMap - getTableName(tableName=products) - end - result=PRODUCTS
23:04:49.048 [main] DEBUG o.d.dataset.AbstractTableMetaData - getColumnIndex(columnName=sku_number) - start
23:04:49.048 [main] DEBUG o.d.dataset.AbstractTableMetaData - getColumnIndex(columnName=name) - start
23:04:49.048 [main] DEBUG o.d.dataset.AbstractTableMetaData - getColumnIndex(columnName=amount) - start
23:04:49.052 [main] DEBUG o.dbunit.dataset.OrderedTableNameMap - getLastTableName() - start
23:04:49.052 [main] DEBUG o.dbunit.dataset.OrderedTableNameMap - getTableName(tableName=products) - start
23:04:49.052 [main] DEBUG o.dbunit.dataset.OrderedTableNameMap - getTableName(tableName=products) - end - result=PRODUCTS
23:04:49.052 [main] DEBUG org.dbunit.dataset.CachedDataSet - row(values=3) - start
23:04:49.052 [main] DEBUG org.dbunit.dataset.DefaultTable - addRow(values=3) - start
23:04:49.052 [main] DEBUG o.dbunit.dataset.xml.FlatXmlProducer - endElement(uri=, localName=, qName=products) - start
23:04:49.152 [main] DEBUG o.dbunit.dataset.xml.FlatXmlProducer - startElement(uri=, localName=, qName=products, attributes=org.apache.xerces.parsers.AbstractSAXParser$AttributesProxy@4fc156) - start
23:04:49.152 [main] DEBUG o.dbunit.dataset.OrderedTableNameMap - getLastTableName() - start
23:04:49.152 [main] DEBUG o.dbunit.dataset.OrderedTableNameMap - getTableName(tableName=products) - start
23:04:49.152 [main] DEBUG o.dbunit.dataset.OrderedTableNameMap - getTableName(tableName=products) - end - result=PRODUCTS
23:04:49.179 [main] DEBUG o.dbunit.dataset.OrderedTableNameMap - isLastTable(tableName=products) - start
23:04:49.179 [main] DEBUG o.dbunit.dataset.OrderedTableNameMap - getLastTableName() - start
23:04:49.179 [main] DEBUG o.dbunit.dataset.OrderedTableNameMap - getTableName(tableName=products) - start
23:04:49.179 [main] DEBUG o.dbunit.dataset.OrderedTableNameMap - getTableName(tableName=products) - end - result=PRODUCTS
23:04:49.179 [main] DEBUG o.dbunit.dataset.OrderedTableNameMap - getTableName(tableName=products) - start
23:04:49.183 [main] DEBUG o.dbunit.dataset.OrderedTableNameMap - getTableName(tableName=products) - end - result=PRODUCTS
23:04:49.183 [main] DEBUG o.dbunit.dataset.OrderedTableNameMap - getLastTableName() - start
23:04:49.183 [main] DEBUG o.dbunit.dataset.OrderedTableNameMap - getTableName(tableName=products) - start
23:04:49.183 [main] DEBUG o.dbunit.dataset.OrderedTableNameMap - getTableName(tableName=products) - end - result=PRODUCTS
23:04:49.183 [main] DEBUG o.d.dataset.AbstractTableMetaData - getColumnIndex(columnName=sku_number) - start
23:04:49.187 [main] DEBUG o.d.dataset.AbstractTableMetaData - getColumnIndex(columnName=name) - start
23:04:49.187 [main] DEBUG o.d.dataset.AbstractTableMetaData - getColumnIndex(columnName=amount) - start
23:04:49.187 [main] DEBUG o.dbunit.dataset.OrderedTableNameMap - getLastTableName() - start
23:04:49.187 [main] DEBUG o.dbunit.dataset.OrderedTableNameMap - getTableName(tableName=products) - start
23:04:49.187 [main] DEBUG o.dbunit.dataset.OrderedTableNameMap - getTableName(tableName=products) - end - result=PRODUCTS
23:04:49.287 [main] DEBUG org.dbunit.dataset.CachedDataSet - row(values=4) - start
23:04:49.288 [main] DEBUG org.dbunit.dataset.DefaultTable - addRow(values=4) - start
23:04:49.288 [main] DEBUG o.dbunit.dataset.xml.FlatXmlProducer - endElement(uri=, localName=, qName=products) - start
23:04:49.288 [main] DEBUG o.dbunit.dataset.xml.FlatXmlProducer - startElement(uri=, localName=, qName=inventory_items, attributes=org.apache.xerces.parsers.AbstractSAXParser$AttributesProxy@4fc156) - start
23:04:49.288 [main] DEBUG o.dbunit.dataset.OrderedTableNameMap - getLastTableName() - start
23:04:49.288 [main] DEBUG o.dbunit.dataset.OrderedTableNameMap - getTableName(tableName=products) - start
23:04:49.288 [main] DEBUG o.dbunit.dataset.OrderedTableNameMap - getTableName(tableName=products) - end - result=PRODUCTS
23:04:49.288 [main] DEBUG o.dbunit.dataset.OrderedTableNameMap - isLastTable(tableName=inventory_items) - start
23:04:49.288 [main] DEBUG o.dbunit.dataset.OrderedTableNameMap - getLastTableName() - start
23:04:49.288 [main] DEBUG o.dbunit.dataset.OrderedTableNameMap - getTableName(tableName=products) - start
23:04:49.289 [main] DEBUG o.dbunit.dataset.OrderedTableNameMap - getTableName(tableName=products) - end - result=PRODUCTS
23:04:49.290 [main] DEBUG o.dbunit.dataset.OrderedTableNameMap - getTableName(tableName=inventory_items) - start
23:04:49.290 [main] DEBUG o.dbunit.dataset.OrderedTableNameMap - getTableName(tableName=inventory_items) - end - result=INVENTORY_ITEMS
23:04:49.290 [main] DEBUG org.dbunit.dataset.CachedDataSet - endTable() - start
23:04:49.290 [main] DEBUG o.dbunit.dataset.OrderedTableNameMap - getTableName(tableName=products) - start
23:04:49.292 [main] DEBUG o.dbunit.dataset.OrderedTableNameMap - getTableName(tableName=products) - end - result=PRODUCTS
23:04:49.292 [main] DEBUG o.dbunit.dataset.OrderedTableNameMap - add(tableName=products, object=org.dbunit.dataset.DefaultTable[_metaData=tableName=products, columns=[(sku_number, UNKNOWN, nullableUnknown), (name, UNKNOWN, nullableUnknown), (amount, UNKNOWN, nullableUnknown)], keys=[], _rowList.size()=4]) - start
23:04:49.292 [main] DEBUG o.dbunit.dataset.OrderedTableNameMap - getTableName(tableName=products) - start
23:04:49.294 [main] DEBUG o.dbunit.dataset.OrderedTableNameMap - getTableName(tableName=products) - end - result=PRODUCTS
23:04:49.294 [main] DEBUG o.dbunit.dataset.OrderedTableNameMap - getTableName(tableName=PRODUCTS) - start
23:04:49.294 [main] DEBUG o.dbunit.dataset.OrderedTableNameMap - getTableName(tableName=PRODUCTS) - end - result=PRODUCTS
23:04:49.294 [main] DEBUG o.dbunit.dataset.OrderedTableNameMap - getTableName(tableName=inventory_items) - start
23:04:49.294 [main] DEBUG o.dbunit.dataset.OrderedTableNameMap - getTableName(tableName=inventory_items) - end - result=INVENTORY_ITEMS
23:04:49.295 [main] DEBUG o.dbunit.dataset.xml.FlatXmlProducer - createTableMetaData(tableName=inventory_items, attributes=org.apache.xerces.parsers.AbstractSAXParser$AttributesProxy@4fc156) - start
23:04:49.295 [main] DEBUG org.dbunit.dataset.Columns - getColumns(columnNames=[], columns=[(id, UNKNOWN, nullableUnknown), (product_sku_number, UNKNOWN, nullableUnknown), (inventory_id, UNKNOWN, nullableUnknown), (quantity, UNKNOWN, nullableUnknown)]) - start
23:04:49.295 [main] DEBUG o.dbunit.dataset.OrderedTableNameMap - add(tableName=inventory_items, object=tableName=inventory_items, columns=[(id, UNKNOWN, nullableUnknown), (product_sku_number, UNKNOWN, nullableUnknown), (inventory_id, UNKNOWN, nullableUnknown), (quantity, UNKNOWN, nullableUnknown)], keys=[]) - start
23:04:49.297 [main] DEBUG o.dbunit.dataset.OrderedTableNameMap - getTableName(tableName=inventory_items) - start
23:04:49.297 [main] DEBUG o.dbunit.dataset.OrderedTableNameMap - getTableName(tableName=inventory_items) - end - result=INVENTORY_ITEMS
23:04:49.297 [main] DEBUG o.dbunit.dataset.OrderedTableNameMap - getTableName(tableName=INVENTORY_ITEMS) - start
23:04:49.297 [main] DEBUG o.dbunit.dataset.OrderedTableNameMap - getTableName(tableName=INVENTORY_ITEMS) - end - result=INVENTORY_ITEMS
23:04:49.297 [main] DEBUG org.dbunit.dataset.CachedDataSet - startTable(metaData=tableName=inventory_items, columns=[(id, UNKNOWN, nullableUnknown), (product_sku_number, UNKNOWN, nullableUnknown), (inventory_id, UNKNOWN, nullableUnknown), (quantity, UNKNOWN, nullableUnknown)], keys=[]) - start
23:04:49.298 [main] DEBUG o.dbunit.dataset.OrderedTableNameMap - getLastTableName() - start
23:04:49.298 [main] DEBUG o.dbunit.dataset.OrderedTableNameMap - getTableName(tableName=inventory_items) - start
23:04:49.299 [main] DEBUG o.dbunit.dataset.OrderedTableNameMap - getTableName(tableName=inventory_items) - end - result=INVENTORY_ITEMS
23:04:49.299 [main] DEBUG o.d.dataset.AbstractTableMetaData - getColumnIndex(columnName=id) - start
23:04:49.299 [main] DEBUG o.d.dataset.AbstractTableMetaData - getColumnIndex(columnName=product_sku_number) - start
23:04:49.301 [main] DEBUG o.d.dataset.AbstractTableMetaData - getColumnIndex(columnName=inventory_id) - start
23:04:49.301 [main] DEBUG o.d.dataset.AbstractTableMetaData - getColumnIndex(columnName=quantity) - start
23:04:49.301 [main] DEBUG o.dbunit.dataset.OrderedTableNameMap - getLastTableName() - start
23:04:49.301 [main] DEBUG o.dbunit.dataset.OrderedTableNameMap - getTableName(tableName=inventory_items) - start
23:04:49.301 [main] DEBUG o.dbunit.dataset.OrderedTableNameMap - getTableName(tableName=inventory_items) - end - result=INVENTORY_ITEMS
23:04:49.303 [main] DEBUG org.dbunit.dataset.CachedDataSet - row(values=1) - start
23:04:49.303 [main] DEBUG org.dbunit.dataset.DefaultTable - addRow(values=1) - start
23:04:49.303 [main] DEBUG o.dbunit.dataset.xml.FlatXmlProducer - endElement(uri=, localName=, qName=inventory_items) - start
23:04:49.303 [main] DEBUG o.dbunit.dataset.xml.FlatXmlProducer - startElement(uri=, localName=, qName=inventory_items, attributes=org.apache.xerces.parsers.AbstractSAXParser$AttributesProxy@4fc156) - start
23:04:49.303 [main] DEBUG o.dbunit.dataset.OrderedTableNameMap - getLastTableName() - start
23:04:49.305 [main] DEBUG o.dbunit.dataset.OrderedTableNameMap - getTableName(tableName=inventory_items) - start
23:04:49.305 [main] DEBUG o.dbunit.dataset.OrderedTableNameMap - getTableName(tableName=inventory_items) - end - result=INVENTORY_ITEMS
23:04:49.305 [main] DEBUG o.dbunit.dataset.OrderedTableNameMap - isLastTable(tableName=inventory_items) - start
23:04:49.305 [main] DEBUG o.dbunit.dataset.OrderedTableNameMap - getLastTableName() - start
23:04:49.305 [main] DEBUG o.dbunit.dataset.OrderedTableNameMap - getTableName(tableName=inventory_items) - start
23:04:49.307 [main] DEBUG o.dbunit.dataset.OrderedTableNameMap - getTableName(tableName=inventory_items) - end - result=INVENTORY_ITEMS
23:04:49.307 [main] DEBUG o.dbunit.dataset.OrderedTableNameMap - getTableName(tableName=inventory_items) - start
23:04:49.307 [main] DEBUG o.dbunit.dataset.OrderedTableNameMap - getTableName(tableName=inventory_items) - end - result=INVENTORY_ITEMS
23:04:49.307 [main] DEBUG o.dbunit.dataset.OrderedTableNameMap - getLastTableName() - start
23:04:49.307 [main] DEBUG o.dbunit.dataset.OrderedTableNameMap - getTableName(tableName=inventory_items) - start
23:04:49.308 [main] DEBUG o.dbunit.dataset.OrderedTableNameMap - getTableName(tableName=inventory_items) - end - result=INVENTORY_ITEMS
23:04:49.308 [main] DEBUG o.d.dataset.AbstractTableMetaData - getColumnIndex(columnName=id) - start
23:04:49.308 [main] DEBUG o.d.dataset.AbstractTableMetaData - getColumnIndex(columnName=product_sku_number) - start
23:04:49.308 [main] DEBUG o.d.dataset.AbstractTableMetaData - getColumnIndex(columnName=inventory_id) - start
23:04:49.309 [main] DEBUG o.d.dataset.AbstractTableMetaData - getColumnIndex(columnName=quantity) - start
23:04:49.310 [main] DEBUG o.dbunit.dataset.OrderedTableNameMap - getLastTableName() - start
23:04:49.310 [main] DEBUG o.dbunit.dataset.OrderedTableNameMap - getTableName(tableName=inventory_items) - start
23:04:49.310 [main] DEBUG o.dbunit.dataset.OrderedTableNameMap - getTableName(tableName=inventory_items) - end - result=INVENTORY_ITEMS
23:04:49.310 [main] DEBUG org.dbunit.dataset.CachedDataSet - row(values=2) - start
23:04:49.310 [main] DEBUG org.dbunit.dataset.DefaultTable - addRow(values=2) - start
23:04:49.312 [main] DEBUG o.dbunit.dataset.xml.FlatXmlProducer - endElement(uri=, localName=, qName=inventory_items) - start
23:04:49.312 [main] DEBUG o.dbunit.dataset.xml.FlatXmlProducer - startElement(uri=, localName=, qName=inventory_items, attributes=org.apache.xerces.parsers.AbstractSAXParser$AttributesProxy@4fc156) - start
23:04:49.312 [main] DEBUG o.dbunit.dataset.OrderedTableNameMap - getLastTableName() - start
23:04:49.312 [main] DEBUG o.dbunit.dataset.OrderedTableNameMap - getTableName(tableName=inventory_items) - start
23:04:49.313 [main] DEBUG o.dbunit.dataset.OrderedTableNameMap - getTableName(tableName=inventory_items) - end - result=INVENTORY_ITEMS
23:04:49.314 [main] DEBUG o.dbunit.dataset.OrderedTableNameMap - isLastTable(tableName=inventory_items) - start
23:04:49.314 [main] DEBUG o.dbunit.dataset.OrderedTableNameMap - getLastTableName() - start
23:04:49.314 [main] DEBUG o.dbunit.dataset.OrderedTableNameMap - getTableName(tableName=inventory_items) - start
23:04:49.314 [main] DEBUG o.dbunit.dataset.OrderedTableNameMap - getTableName(tableName=inventory_items) - end - result=INVENTORY_ITEMS
23:04:49.315 [main] DEBUG o.dbunit.dataset.OrderedTableNameMap - getTableName(tableName=inventory_items) - start
23:04:49.316 [main] DEBUG o.dbunit.dataset.OrderedTableNameMap - getTableName(tableName=inventory_items) - end - result=INVENTORY_ITEMS
23:04:49.316 [main] DEBUG o.dbunit.dataset.OrderedTableNameMap - getLastTableName() - start
23:04:49.316 [main] DEBUG o.dbunit.dataset.OrderedTableNameMap - getTableName(tableName=inventory_items) - start
23:04:49.316 [main] DEBUG o.dbunit.dataset.OrderedTableNameMap - getTableName(tableName=inventory_items) - end - result=INVENTORY_ITEMS
23:04:49.317 [main] DEBUG o.d.dataset.AbstractTableMetaData - getColumnIndex(columnName=id) - start
23:04:49.317 [main] DEBUG o.d.dataset.AbstractTableMetaData - getColumnIndex(columnName=product_sku_number) - start
23:04:49.317 [main] DEBUG o.d.dataset.AbstractTableMetaData - getColumnIndex(columnName=inventory_id) - start
23:04:49.318 [main] DEBUG o.d.dataset.AbstractTableMetaData - getColumnIndex(columnName=quantity) - start
23:04:49.318 [main] DEBUG o.dbunit.dataset.OrderedTableNameMap - getLastTableName() - start
23:04:49.319 [main] DEBUG o.dbunit.dataset.OrderedTableNameMap - getTableName(tableName=inventory_items) - start
23:04:49.319 [main] DEBUG o.dbunit.dataset.OrderedTableNameMap - getTableName(tableName=inventory_items) - end - result=INVENTORY_ITEMS
23:04:49.319 [main] DEBUG org.dbunit.dataset.CachedDataSet - row(values=3) - start
23:04:49.320 [main] DEBUG org.dbunit.dataset.DefaultTable - addRow(values=3) - start
23:04:49.320 [main] DEBUG o.dbunit.dataset.xml.FlatXmlProducer - endElement(uri=, localName=, qName=inventory_items) - start
23:04:49.321 [main] DEBUG o.dbunit.dataset.xml.FlatXmlProducer - startElement(uri=, localName=, qName=inventory_items, attributes=org.apache.xerces.parsers.AbstractSAXParser$AttributesProxy@4fc156) - start
23:04:49.321 [main] DEBUG o.dbunit.dataset.OrderedTableNameMap - getLastTableName() - start
23:04:49.321 [main] DEBUG o.dbunit.dataset.OrderedTableNameMap - getTableName(tableName=inventory_items) - start
23:04:49.321 [main] DEBUG o.dbunit.dataset.OrderedTableNameMap - getTableName(tableName=inventory_items) - end - result=INVENTORY_ITEMS
23:04:49.322 [main] DEBUG o.dbunit.dataset.OrderedTableNameMap - isLastTable(tableName=inventory_items) - start
23:04:49.323 [main] DEBUG o.dbunit.dataset.OrderedTableNameMap - getLastTableName() - start
23:04:49.323 [main] DEBUG o.dbunit.dataset.OrderedTableNameMap - getTableName(tableName=inventory_items) - start
23:04:49.323 [main] DEBUG o.dbunit.dataset.OrderedTableNameMap - getTableName(tableName=inventory_items) - end - result=INVENTORY_ITEMS
23:04:49.323 [main] DEBUG o.dbunit.dataset.OrderedTableNameMap - getTableName(tableName=inventory_items) - start
23:04:49.327 [main] DEBUG o.dbunit.dataset.OrderedTableNameMap - getTableName(tableName=inventory_items) - end - result=INVENTORY_ITEMS
23:04:49.328 [main] DEBUG o.dbunit.dataset.OrderedTableNameMap - getLastTableName() - start
23:04:49.328 [main] DEBUG o.dbunit.dataset.OrderedTableNameMap - getTableName(tableName=inventory_items) - start
23:04:49.328 [main] DEBUG o.dbunit.dataset.OrderedTableNameMap - getTableName(tableName=inventory_items) - end - result=INVENTORY_ITEMS
23:04:49.328 [main] DEBUG o.d.dataset.AbstractTableMetaData - getColumnIndex(columnName=id) - start
23:04:49.427 [main] DEBUG o.d.dataset.AbstractTableMetaData - getColumnIndex(columnName=product_sku_number) - start
23:04:49.427 [main] DEBUG o.d.dataset.AbstractTableMetaData - getColumnIndex(columnName=inventory_id) - start
23:04:49.427 [main] DEBUG o.d.dataset.AbstractTableMetaData - getColumnIndex(columnName=quantity) - start
23:04:49.427 [main] DEBUG o.dbunit.dataset.OrderedTableNameMap - getLastTableName() - start
23:04:49.427 [main] DEBUG o.dbunit.dataset.OrderedTableNameMap - getTableName(tableName=inventory_items) - start
23:04:49.428 [main] DEBUG o.dbunit.dataset.OrderedTableNameMap - getTableName(tableName=inventory_items) - end - result=INVENTORY_ITEMS
23:04:49.428 [main] DEBUG org.dbunit.dataset.CachedDataSet - row(values=4) - start
23:04:49.428 [main] DEBUG org.dbunit.dataset.DefaultTable - addRow(values=4) - start
23:04:49.429 [main] DEBUG o.dbunit.dataset.xml.FlatXmlProducer - endElement(uri=, localName=, qName=inventory_items) - start
23:04:49.429 [main] DEBUG o.dbunit.dataset.xml.FlatXmlProducer - endElement(uri=, localName=, qName=dataset) - start
23:04:49.430 [main] DEBUG o.dbunit.dataset.OrderedTableNameMap - getLastTableName() - start
23:04:49.430 [main] DEBUG o.dbunit.dataset.OrderedTableNameMap - getTableName(tableName=inventory_items) - start
23:04:49.430 [main] DEBUG o.dbunit.dataset.OrderedTableNameMap - getTableName(tableName=inventory_items) - end - result=INVENTORY_ITEMS
23:04:49.430 [main] DEBUG org.dbunit.dataset.CachedDataSet - endTable() - start
23:04:49.430 [main] DEBUG o.dbunit.dataset.OrderedTableNameMap - getTableName(tableName=inventory_items) - start
23:04:49.432 [main] DEBUG o.dbunit.dataset.OrderedTableNameMap - getTableName(tableName=inventory_items) - end - result=INVENTORY_ITEMS
23:04:49.432 [main] DEBUG o.dbunit.dataset.OrderedTableNameMap - add(tableName=inventory_items, object=org.dbunit.dataset.DefaultTable[_metaData=tableName=inventory_items, columns=[(id, UNKNOWN, nullableUnknown), (product_sku_number, UNKNOWN, nullableUnknown), (inventory_id, UNKNOWN, nullableUnknown), (quantity, UNKNOWN, nullableUnknown)], keys=[], _rowList.size()=4]) - start
23:04:49.433 [main] DEBUG o.dbunit.dataset.OrderedTableNameMap - getTableName(tableName=inventory_items) - start
23:04:49.433 [main] DEBUG o.dbunit.dataset.OrderedTableNameMap - getTableName(tableName=inventory_items) - end - result=INVENTORY_ITEMS
23:04:49.434 [main] DEBUG o.dbunit.dataset.OrderedTableNameMap - getTableName(tableName=INVENTORY_ITEMS) - start
23:04:49.434 [main] DEBUG o.dbunit.dataset.OrderedTableNameMap - getTableName(tableName=INVENTORY_ITEMS) - end - result=INVENTORY_ITEMS
23:04:49.434 [main] DEBUG org.dbunit.dataset.CachedDataSet - endDataSet() - start
23:04:49.434 [main] DEBUG org.dbunit.dataset.CachedDataSet - endDataSet() - the final tableMap is: org.dbunit.dataset.OrderedTableNameMap[_tableNames=[inventories, products, inventory_items], _tableMap={INVENTORY_ITEMS=org.dbunit.dataset.DefaultTable[_metaData=tableName=inventory_items, columns=[(id, UNKNOWN, nullableUnknown), (product_sku_number, UNKNOWN, nullableUnknown), (inventory_id, UNKNOWN, nullableUnknown), (quantity, UNKNOWN, nullableUnknown)], keys=[], _rowList.size()=4], INVENTORIES=org.dbunit.dataset.DefaultTable[_metaData=tableName=inventories, columns=[(id, UNKNOWN, nullableUnknown)], keys=[], _rowList.size()=1], PRODUCTS=org.dbunit.dataset.DefaultTable[_metaData=tableName=products, columns=[(sku_number, UNKNOWN, nullableUnknown), (name, UNKNOWN, nullableUnknown), (amount, UNKNOWN, nullableUnknown)], keys=[], _rowList.size()=4]}, _caseSensitiveTableNames=false]
23:04:49.436 [main] DEBUG org.dbunit.AbstractDatabaseTester - setDataSet(dataSet=AbstractDataSet[_orderedTableNameMap=null]) - start
23:04:49.436 [main] DEBUG org.dbunit.DatabaseTestCase - getOperationListener() - start
23:04:49.438 [main] DEBUG org.dbunit.AbstractDatabaseTester - setOperationListener(operationListener=org.dbunit.DatabaseTestCase$1@100363) - start
23:04:49.438 [main] DEBUG org.dbunit.AbstractDatabaseTester - onSetup() - start
23:04:49.438 [main] DEBUG org.dbunit.AbstractDatabaseTester - executeOperation(operation=org.dbunit.operation.CompositeOperation[_actions=[org.dbunit.operation.DeleteAllOperation@19b1de, org.dbunit.operation.InsertOperation[_reverseRowOrder=false, super=org.dbunit.operation.InsertOperation@ec6b00]]]) - start
23:04:49.439 [main] DEBUG org.dbunit.JdbcDatabaseTester - getConnection() - start
23:04:49.439 [main] DEBUG org.dbunit.assertion.SimpleAssert - assertNotNullNorEmpty(propertyName=connectionUrl, property=jdbc:mysql://127.0.0.1/orderingsystem_test) - start
23:04:49.450 [main] DEBUG org.dbunit.util.SQLHelper - isEscaped returns 'false' for tableName= (dbIdentifierQuoteString=`)
23:04:49.450 [main] DEBUG o.dbunit.database.DatabaseConnection - Database connection info: 
	database product name=MySQL
	database version=5.5.2-m2-community
	database major version=5
	database minor version=5
	jdbc driver name=MySQL-AB JDBC Driver
	jdbc driver version=mysql-connector-java-5.1.16 ( Revision: ${bzr.revision-id} )
	jdbc driver major version=5
	jdbc driver minor version=1

23:04:49.542 [main] DEBUG o.dbunit.database.DatabaseConnection - validateSchema(validateStrict=false) - start
23:04:49.547 [main] WARN  o.dbunit.database.DatabaseConnection - The given schema '' does not exist.
23:04:49.547 [main] DEBUG org.dbunit.DefaultOperationListener - connectionCreated(connection=org.dbunit.database.DatabaseConnection[schema=, connection=com.mysql.jdbc.JDBC4Connection@18a49e0, super=_databaseConfig=org.dbunit.database.DatabaseConfig[, _propertyMap={http://www.dbunit.org/properties/statementFactory=org.dbunit.database.statement.PreparedStatementFactory@1f82982, http://www.dbunit.org/features/caseSensitiveTableNames=false, http://www.dbunit.org/properties/fetchSize=100, http://www.dbunit.org/features/batchedStatements=false, http://www.dbunit.org/properties/metadataHandler=org.dbunit.database.DefaultMetadataHandler@16d2633, http://www.dbunit.org/properties/datatypeFactory=org.dbunit.dataset.datatype.DefaultDataTypeFactory[_toleratedDeltaMap=org.dbunit.dataset.datatype.ToleratedDeltaMap@e70e30], http://www.dbunit.org/properties/escapePattern=null, http://www.dbunit.org/properties/batchSize=100, http://www.dbunit.org/features/qualifiedTableNames=false, http://www.dbunit.org/properties/tableType=[Ljava.lang.String;@154864a, http://www.dbunit.org/properties/resultSetTableFactory=org.dbunit.database.CachedResultSetTableFactory@3c9217, http://www.dbunit.org/features/datatypeWarning=true}], _dataSet=null]) - start
23:04:49.646 [main] DEBUG org.dbunit.AbstractDatabaseTester - getDataSet() - start
23:04:49.646 [main] DEBUG o.d.operation.CompositeOperation - execute(connection=org.dbunit.database.DatabaseConnection[schema=, connection=com.mysql.jdbc.JDBC4Connection@18a49e0, super=_databaseConfig=org.dbunit.database.DatabaseConfig[, _propertyMap={http://www.dbunit.org/properties/statementFactory=org.dbunit.database.statement.PreparedStatementFactory@1f82982, http://www.dbunit.org/features/caseSensitiveTableNames=false, http://www.dbunit.org/properties/fetchSize=100, http://www.dbunit.org/features/batchedStatements=false, http://www.dbunit.org/properties/metadataHandler=org.dbunit.database.DefaultMetadataHandler@16d2633, http://www.dbunit.org/properties/datatypeFactory=org.dbunit.dataset.datatype.DefaultDataTypeFactory[_toleratedDeltaMap=org.dbunit.dataset.datatype.ToleratedDeltaMap@e70e30], http://www.dbunit.org/properties/escapePattern=null, http://www.dbunit.org/properties/batchSize=100, http://www.dbunit.org/features/qualifiedTableNames=false, http://www.dbunit.org/properties/tableType=[Ljava.lang.String;@154864a, http://www.dbunit.org/properties/resultSetTableFactory=org.dbunit.database.CachedResultSetTableFactory@3c9217, http://www.dbunit.org/features/datatypeWarning=true}], _dataSet=null], , dataSet=AbstractDataSet[_orderedTableNameMap=null]) - start
23:04:49.647 [main] DEBUG o.d.operation.DeleteAllOperation - execute(connection=org.dbunit.database.DatabaseConnection[schema=, connection=com.mysql.jdbc.JDBC4Connection@18a49e0, super=_databaseConfig=org.dbunit.database.DatabaseConfig[, _propertyMap={http://www.dbunit.org/properties/statementFactory=org.dbunit.database.statement.PreparedStatementFactory@1f82982, http://www.dbunit.org/features/caseSensitiveTableNames=false, http://www.dbunit.org/properties/fetchSize=100, http://www.dbunit.org/features/batchedStatements=false, http://www.dbunit.org/properties/metadataHandler=org.dbunit.database.DefaultMetadataHandler@16d2633, http://www.dbunit.org/properties/datatypeFactory=org.dbunit.dataset.datatype.DefaultDataTypeFactory[_toleratedDeltaMap=org.dbunit.dataset.datatype.ToleratedDeltaMap@e70e30], http://www.dbunit.org/properties/escapePattern=null, http://www.dbunit.org/properties/batchSize=100, http://www.dbunit.org/features/qualifiedTableNames=false, http://www.dbunit.org/properties/tableType=[Ljava.lang.String;@154864a, http://www.dbunit.org/properties/resultSetTableFactory=org.dbunit.database.CachedResultSetTableFactory@3c9217, http://www.dbunit.org/features/datatypeWarning=true}], _dataSet=null], dataSet=AbstractDataSet[_orderedTableNameMap=null]) - start
23:04:49.651 [main] DEBUG o.d.d.AbstractDatabaseConnection - createDataSet() - start
23:04:49.653 [main] DEBUG o.d.d.s.PreparedStatementFactory - createBatchStatement(connection=org.dbunit.database.DatabaseConnection[schema=, connection=com.mysql.jdbc.JDBC4Connection@18a49e0, super=_databaseConfig=org.dbunit.database.DatabaseConfig[, _propertyMap={http://www.dbunit.org/properties/statementFactory=org.dbunit.database.statement.PreparedStatementFactory@1f82982, http://www.dbunit.org/features/caseSensitiveTableNames=false, http://www.dbunit.org/properties/fetchSize=100, http://www.dbunit.org/features/batchedStatements=false, http://www.dbunit.org/properties/metadataHandler=org.dbunit.database.DefaultMetadataHandler@16d2633, http://www.dbunit.org/properties/datatypeFactory=org.dbunit.dataset.datatype.DefaultDataTypeFactory[_toleratedDeltaMap=org.dbunit.dataset.datatype.ToleratedDeltaMap@e70e30], http://www.dbunit.org/properties/escapePattern=null, http://www.dbunit.org/properties/batchSize=100, http://www.dbunit.org/features/qualifiedTableNames=false, http://www.dbunit.org/properties/tableType=[Ljava.lang.String;@154864a, http://www.dbunit.org/properties/resultSetTableFactory=org.dbunit.database.CachedResultSetTableFactory@3c9217, http://www.dbunit.org/features/datatypeWarning=true}], _dataSet=AbstractDataSet[_orderedTableNameMap=null]]) - start
23:04:49.658 [main] DEBUG o.d.d.s.AbstractStatementFactory - supportBatchStatement(connection=org.dbunit.database.DatabaseConnection[schema=, connection=com.mysql.jdbc.JDBC4Connection@18a49e0, super=_databaseConfig=org.dbunit.database.DatabaseConfig[, _propertyMap={http://www.dbunit.org/properties/statementFactory=org.dbunit.database.statement.PreparedStatementFactory@1f82982, http://www.dbunit.org/features/caseSensitiveTableNames=false, http://www.dbunit.org/properties/fetchSize=100, http://www.dbunit.org/features/batchedStatements=false, http://www.dbunit.org/properties/metadataHandler=org.dbunit.database.DefaultMetadataHandler@16d2633, http://www.dbunit.org/properties/datatypeFactory=org.dbunit.dataset.datatype.DefaultDataTypeFactory[_toleratedDeltaMap=org.dbunit.dataset.datatype.ToleratedDeltaMap@e70e30], http://www.dbunit.org/properties/escapePattern=null, http://www.dbunit.org/properties/batchSize=100, http://www.dbunit.org/features/qualifiedTableNames=false, http://www.dbunit.org/properties/tableType=[Ljava.lang.String;@154864a, http://www.dbunit.org/properties/resultSetTableFactory=org.dbunit.database.CachedResultSetTableFactory@3c9217, http://www.dbunit.org/features/datatypeWarning=true}], _dataSet=AbstractDataSet[_orderedTableNameMap=null]]) - start
23:04:49.664 [main] DEBUG org.dbunit.dataset.AbstractDataSet - iterator() - start
23:04:49.664 [main] DEBUG org.dbunit.dataset.CachedDataSet - createIterator(reversed=false) - start
23:04:49.664 [main] DEBUG o.dbunit.dataset.OrderedTableNameMap - orderedValues() - start
23:04:49.664 [main] DEBUG o.dbunit.dataset.OrderedTableNameMap - getTableName(tableName=inventories) - start
23:04:49.664 [main] DEBUG o.dbunit.dataset.OrderedTableNameMap - getTableName(tableName=inventories) - end - result=INVENTORIES
23:04:49.668 [main] DEBUG o.dbunit.dataset.OrderedTableNameMap - getTableName(tableName=products) - start
23:04:49.668 [main] DEBUG o.dbunit.dataset.OrderedTableNameMap - getTableName(tableName=products) - end - result=PRODUCTS
23:04:49.668 [main] DEBUG o.dbunit.dataset.OrderedTableNameMap - getTableName(tableName=inventory_items) - start
23:04:49.668 [main] DEBUG o.dbunit.dataset.OrderedTableNameMap - getTableName(tableName=inventory_items) - end - result=INVENTORY_ITEMS
23:04:49.669 [main] DEBUG o.d.dataset.DefaultTableIterator - getTableMetaData() - start
23:04:49.675 [main] DEBUG o.d.dataset.DefaultTableIterator - getTable() - start
23:04:49.675 [main] DEBUG o.d.dataset.DefaultTableIterator - getTableMetaData() - start
23:04:49.675 [main] DEBUG o.d.dataset.DefaultTableIterator - getTable() - start
23:04:49.675 [main] DEBUG o.d.dataset.DefaultTableIterator - getTableMetaData() - start
23:04:49.675 [main] DEBUG o.d.dataset.DefaultTableIterator - getTable() - start
23:04:49.675 [main] DEBUG org.dbunit.database.DatabaseDataSet - getTableMetaData(tableName=inventory_items) - start
23:04:49.677 [main] DEBUG org.dbunit.database.DatabaseDataSet - initialize() - start
23:04:49.677 [main] DEBUG org.dbunit.database.DatabaseDataSet - Initializing the data set from the database...
23:04:49.684 [main] DEBUG org.dbunit.database.DatabaseDataSet - 
	database product name=MySQL
	database version=5.5.2-m2-community
	database major version=5
	database minor version=5
	jdbc driver name=MySQL-AB JDBC Driver
	jdbc driver version=mysql-connector-java-5.1.16 ( Revision: ${bzr.revision-id} )
	jdbc driver major version=5
	jdbc driver minor version=1

23:04:49.684 [main] DEBUG org.dbunit.database.DatabaseDataSet - metadata resultset=com.mysql.jdbc.JDBC4ResultSet@1de9ac4
23:04:49.685 [main] DEBUG org.dbunit.util.QualifiedTableName - getQualifiedNameIfEnabled(config=org.dbunit.database.DatabaseConfig[, _propertyMap={http://www.dbunit.org/properties/statementFactory=org.dbunit.database.statement.PreparedStatementFactory@1f82982, http://www.dbunit.org/features/caseSensitiveTableNames=false, http://www.dbunit.org/properties/fetchSize=100, http://www.dbunit.org/features/batchedStatements=false, http://www.dbunit.org/properties/metadataHandler=org.dbunit.database.DefaultMetadataHandler@16d2633, http://www.dbunit.org/properties/datatypeFactory=org.dbunit.dataset.datatype.DefaultDataTypeFactory[_toleratedDeltaMap=org.dbunit.dataset.datatype.ToleratedDeltaMap@e70e30], http://www.dbunit.org/properties/escapePattern=null, http://www.dbunit.org/properties/batchSize=100, http://www.dbunit.org/features/qualifiedTableNames=false, http://www.dbunit.org/properties/tableType=[Ljava.lang.String;@154864a, http://www.dbunit.org/properties/resultSetTableFactory=org.dbunit.database.CachedResultSetTableFactory@3c9217, http://www.dbunit.org/features/datatypeWarning=true}]) - start
23:04:49.780 [main] DEBUG org.dbunit.util.QualifiedTableName - Qualified table names feature is disabled. Returning plain table name
23:04:49.780 [main] DEBUG org.dbunit.util.QualifiedTableName - getQualifiedName(prefix=null, name=customers, escapePattern=null) - start
23:04:49.780 [main] DEBUG o.dbunit.dataset.OrderedTableNameMap - add(tableName=customers, object=null) - start
23:04:49.780 [main] DEBUG o.dbunit.dataset.OrderedTableNameMap - getTableName(tableName=customers) - start
23:04:49.780 [main] DEBUG o.dbunit.dataset.OrderedTableNameMap - getTableName(tableName=customers) - end - result=CUSTOMERS
23:04:49.782 [main] DEBUG o.dbunit.dataset.OrderedTableNameMap - getTableName(tableName=CUSTOMERS) - start
23:04:49.782 [main] DEBUG o.dbunit.dataset.OrderedTableNameMap - getTableName(tableName=CUSTOMERS) - end - result=CUSTOMERS
23:04:49.782 [main] DEBUG org.dbunit.util.QualifiedTableName - getQualifiedNameIfEnabled(config=org.dbunit.database.DatabaseConfig[, _propertyMap={http://www.dbunit.org/properties/statementFactory=org.dbunit.database.statement.PreparedStatementFactory@1f82982, http://www.dbunit.org/features/caseSensitiveTableNames=false, http://www.dbunit.org/properties/fetchSize=100, http://www.dbunit.org/features/batchedStatements=false, http://www.dbunit.org/properties/metadataHandler=org.dbunit.database.DefaultMetadataHandler@16d2633, http://www.dbunit.org/properties/datatypeFactory=org.dbunit.dataset.datatype.DefaultDataTypeFactory[_toleratedDeltaMap=org.dbunit.dataset.datatype.ToleratedDeltaMap@e70e30], http://www.dbunit.org/properties/escapePattern=null, http://www.dbunit.org/properties/batchSize=100, http://www.dbunit.org/features/qualifiedTableNames=false, http://www.dbunit.org/properties/tableType=[Ljava.lang.String;@154864a, http://www.dbunit.org/properties/resultSetTableFactory=org.dbunit.database.CachedResultSetTableFactory@3c9217, http://www.dbunit.org/features/datatypeWarning=true}]) - start
23:04:49.787 [main] DEBUG org.dbunit.util.QualifiedTableName - Qualified table names feature is disabled. Returning plain table name
23:04:49.788 [main] DEBUG org.dbunit.util.QualifiedTableName - getQualifiedName(prefix=null, name=inventories, escapePattern=null) - start
23:04:49.789 [main] DEBUG o.dbunit.dataset.OrderedTableNameMap - add(tableName=inventories, object=null) - start
23:04:49.789 [main] DEBUG o.dbunit.dataset.OrderedTableNameMap - getTableName(tableName=inventories) - start
23:04:49.789 [main] DEBUG o.dbunit.dataset.OrderedTableNameMap - getTableName(tableName=inventories) - end - result=INVENTORIES
23:04:49.790 [main] DEBUG o.dbunit.dataset.OrderedTableNameMap - getTableName(tableName=INVENTORIES) - start
23:04:49.790 [main] DEBUG o.dbunit.dataset.OrderedTableNameMap - getTableName(tableName=INVENTORIES) - end - result=INVENTORIES
23:04:49.790 [main] DEBUG org.dbunit.util.QualifiedTableName - getQualifiedNameIfEnabled(config=org.dbunit.database.DatabaseConfig[, _propertyMap={http://www.dbunit.org/properties/statementFactory=org.dbunit.database.statement.PreparedStatementFactory@1f82982, http://www.dbunit.org/features/caseSensitiveTableNames=false, http://www.dbunit.org/properties/fetchSize=100, http://www.dbunit.org/features/batchedStatements=false, http://www.dbunit.org/properties/metadataHandler=org.dbunit.database.DefaultMetadataHandler@16d2633, http://www.dbunit.org/properties/datatypeFactory=org.dbunit.dataset.datatype.DefaultDataTypeFactory[_toleratedDeltaMap=org.dbunit.dataset.datatype.ToleratedDeltaMap@e70e30], http://www.dbunit.org/properties/escapePattern=null, http://www.dbunit.org/properties/batchSize=100, http://www.dbunit.org/features/qualifiedTableNames=false, http://www.dbunit.org/properties/tableType=[Ljava.lang.String;@154864a, http://www.dbunit.org/properties/resultSetTableFactory=org.dbunit.database.CachedResultSetTableFactory@3c9217, http://www.dbunit.org/features/datatypeWarning=true}]) - start
23:04:49.795 [main] DEBUG org.dbunit.util.QualifiedTableName - Qualified table names feature is disabled. Returning plain table name
23:04:49.795 [main] DEBUG org.dbunit.util.QualifiedTableName - getQualifiedName(prefix=null, name=inventory_items, escapePattern=null) - start
23:04:49.796 [main] DEBUG o.dbunit.dataset.OrderedTableNameMap - add(tableName=inventory_items, object=null) - start
23:04:49.796 [main] DEBUG o.dbunit.dataset.OrderedTableNameMap - getTableName(tableName=inventory_items) - start
23:04:49.796 [main] DEBUG o.dbunit.dataset.OrderedTableNameMap - getTableName(tableName=inventory_items) - end - result=INVENTORY_ITEMS
23:04:49.797 [main] DEBUG o.dbunit.dataset.OrderedTableNameMap - getTableName(tableName=INVENTORY_ITEMS) - start
23:04:49.797 [main] DEBUG o.dbunit.dataset.OrderedTableNameMap - getTableName(tableName=INVENTORY_ITEMS) - end - result=INVENTORY_ITEMS
23:04:49.797 [main] DEBUG org.dbunit.util.QualifiedTableName - getQualifiedNameIfEnabled(config=org.dbunit.database.DatabaseConfig[, _propertyMap={http://www.dbunit.org/properties/statementFactory=org.dbunit.database.statement.PreparedStatementFactory@1f82982, http://www.dbunit.org/features/caseSensitiveTableNames=false, http://www.dbunit.org/properties/fetchSize=100, http://www.dbunit.org/features/batchedStatements=false, http://www.dbunit.org/properties/metadataHandler=org.dbunit.database.DefaultMetadataHandler@16d2633, http://www.dbunit.org/properties/datatypeFactory=org.dbunit.dataset.datatype.DefaultDataTypeFactory[_toleratedDeltaMap=org.dbunit.dataset.datatype.ToleratedDeltaMap@e70e30], http://www.dbunit.org/properties/escapePattern=null, http://www.dbunit.org/properties/batchSize=100, http://www.dbunit.org/features/qualifiedTableNames=false, http://www.dbunit.org/properties/tableType=[Ljava.lang.String;@154864a, http://www.dbunit.org/properties/resultSetTableFactory=org.dbunit.database.CachedResultSetTableFactory@3c9217, http://www.dbunit.org/features/datatypeWarning=true}]) - start
23:04:49.802 [main] DEBUG org.dbunit.util.QualifiedTableName - Qualified table names feature is disabled. Returning plain table name
23:04:49.802 [main] DEBUG org.dbunit.util.QualifiedTableName - getQualifiedName(prefix=null, name=order_items, escapePattern=null) - start
23:04:49.802 [main] DEBUG o.dbunit.dataset.OrderedTableNameMap - add(tableName=order_items, object=null) - start
23:04:49.802 [main] DEBUG o.dbunit.dataset.OrderedTableNameMap - getTableName(tableName=order_items) - start
23:04:49.803 [main] DEBUG o.dbunit.dataset.OrderedTableNameMap - getTableName(tableName=order_items) - end - result=ORDER_ITEMS
23:04:49.804 [main] DEBUG o.dbunit.dataset.OrderedTableNameMap - getTableName(tableName=ORDER_ITEMS) - start
23:04:49.804 [main] DEBUG o.dbunit.dataset.OrderedTableNameMap - getTableName(tableName=ORDER_ITEMS) - end - result=ORDER_ITEMS
23:04:49.804 [main] DEBUG org.dbunit.util.QualifiedTableName - getQualifiedNameIfEnabled(config=org.dbunit.database.DatabaseConfig[, _propertyMap={http://www.dbunit.org/properties/statementFactory=org.dbunit.database.statement.PreparedStatementFactory@1f82982, http://www.dbunit.org/features/caseSensitiveTableNames=false, http://www.dbunit.org/properties/fetchSize=100, http://www.dbunit.org/features/batchedStatements=false, http://www.dbunit.org/properties/metadataHandler=org.dbunit.database.DefaultMetadataHandler@16d2633, http://www.dbunit.org/properties/datatypeFactory=org.dbunit.dataset.datatype.DefaultDataTypeFactory[_toleratedDeltaMap=org.dbunit.dataset.datatype.ToleratedDeltaMap@e70e30], http://www.dbunit.org/properties/escapePattern=null, http://www.dbunit.org/properties/batchSize=100, http://www.dbunit.org/features/qualifiedTableNames=false, http://www.dbunit.org/properties/tableType=[Ljava.lang.String;@154864a, http://www.dbunit.org/properties/resultSetTableFactory=org.dbunit.database.CachedResultSetTableFactory@3c9217, http://www.dbunit.org/features/datatypeWarning=true}]) - start
23:04:49.809 [main] DEBUG org.dbunit.util.QualifiedTableName - Qualified table names feature is disabled. Returning plain table name
23:04:49.809 [main] DEBUG org.dbunit.util.QualifiedTableName - getQualifiedName(prefix=null, name=orders, escapePattern=null) - start
23:04:49.809 [main] DEBUG o.dbunit.dataset.OrderedTableNameMap - add(tableName=orders, object=null) - start
23:04:49.809 [main] DEBUG o.dbunit.dataset.OrderedTableNameMap - getTableName(tableName=orders) - start
23:04:49.811 [main] DEBUG o.dbunit.dataset.OrderedTableNameMap - getTableName(tableName=orders) - end - result=ORDERS
23:04:49.811 [main] DEBUG o.dbunit.dataset.OrderedTableNameMap - getTableName(tableName=ORDERS) - start
23:04:49.811 [main] DEBUG o.dbunit.dataset.OrderedTableNameMap - getTableName(tableName=ORDERS) - end - result=ORDERS
23:04:49.811 [main] DEBUG org.dbunit.util.QualifiedTableName - getQualifiedNameIfEnabled(config=org.dbunit.database.DatabaseConfig[, _propertyMap={http://www.dbunit.org/properties/statementFactory=org.dbunit.database.statement.PreparedStatementFactory@1f82982, http://www.dbunit.org/features/caseSensitiveTableNames=false, http://www.dbunit.org/properties/fetchSize=100, http://www.dbunit.org/features/batchedStatements=false, http://www.dbunit.org/properties/metadataHandler=org.dbunit.database.DefaultMetadataHandler@16d2633, http://www.dbunit.org/properties/datatypeFactory=org.dbunit.dataset.datatype.DefaultDataTypeFactory[_toleratedDeltaMap=org.dbunit.dataset.datatype.ToleratedDeltaMap@e70e30], http://www.dbunit.org/properties/escapePattern=null, http://www.dbunit.org/properties/batchSize=100, http://www.dbunit.org/features/qualifiedTableNames=false, http://www.dbunit.org/properties/tableType=[Ljava.lang.String;@154864a, http://www.dbunit.org/properties/resultSetTableFactory=org.dbunit.database.CachedResultSetTableFactory@3c9217, http://www.dbunit.org/features/datatypeWarning=true}]) - start
23:04:49.814 [main] DEBUG org.dbunit.util.QualifiedTableName - Qualified table names feature is disabled. Returning plain table name
23:04:49.814 [main] DEBUG org.dbunit.util.QualifiedTableName - getQualifiedName(prefix=null, name=products, escapePattern=null) - start
23:04:49.815 [main] DEBUG o.dbunit.dataset.OrderedTableNameMap - add(tableName=products, object=null) - start
23:04:49.815 [main] DEBUG o.dbunit.dataset.OrderedTableNameMap - getTableName(tableName=products) - start
23:04:49.815 [main] DEBUG o.dbunit.dataset.OrderedTableNameMap - getTableName(tableName=products) - end - result=PRODUCTS
23:04:49.816 [main] DEBUG o.dbunit.dataset.OrderedTableNameMap - getTableName(tableName=PRODUCTS) - start
23:04:49.816 [main] DEBUG o.dbunit.dataset.OrderedTableNameMap - getTableName(tableName=PRODUCTS) - end - result=PRODUCTS
23:04:49.817 [main] DEBUG o.dbunit.dataset.OrderedTableNameMap - getTableName(tableName=inventory_items) - start
23:04:49.817 [main] DEBUG o.dbunit.dataset.OrderedTableNameMap - getTableName(tableName=inventory_items) - end - result=INVENTORY_ITEMS
23:04:49.817 [main] DEBUG o.dbunit.dataset.OrderedTableNameMap - getTableName(tableName=inventory_items) - start
23:04:49.821 [main] DEBUG o.dbunit.dataset.OrderedTableNameMap - getTableName(tableName=inventory_items) - end - result=INVENTORY_ITEMS
23:04:49.823 [main] DEBUG org.dbunit.util.SQLHelper - isEscaped returns 'false' for tableName=inventory_items (dbIdentifierQuoteString=`)
23:04:49.823 [main] DEBUG o.d.database.DatabaseTableMetaData - Validating if table 'inventory_items' exists in schema '' ...
23:04:49.824 [main] DEBUG org.dbunit.util.SQLHelper - close(resultSet=com.mysql.jdbc.JDBC4ResultSet@194d372) - start
23:04:49.825 [main] DEBUG o.dbunit.dataset.OrderedTableNameMap - update(tableName=inventory_items, object=table=inventory_items, cols=[(id, INTEGER, noNulls), (product_sku_number, INTEGER, noNulls), (inventory_id, INTEGER, noNulls), (quantity, INTEGER, noNulls)], pk=[(id, INTEGER, noNulls)]) - start
23:04:49.843 [main] DEBUG o.dbunit.dataset.OrderedTableNameMap - getTableName(tableName=inventory_items) - start
23:04:49.843 [main] DEBUG o.dbunit.dataset.OrderedTableNameMap - getTableName(tableName=inventory_items) - end - result=INVENTORY_ITEMS
23:04:49.926 [main] DEBUG o.dbunit.dataset.OrderedTableNameMap - getTableName(tableName=inventory_items) - start
23:04:49.926 [main] DEBUG o.dbunit.dataset.OrderedTableNameMap - getTableName(tableName=inventory_items) - end - result=INVENTORY_ITEMS
23:04:49.926 [main] DEBUG o.dbunit.operation.AbstractOperation - getQualifiedName(prefix=, name=inventory_items, connection=org.dbunit.database.DatabaseConnection[schema=, connection=com.mysql.jdbc.JDBC4Connection@18a49e0, super=_databaseConfig=org.dbunit.database.DatabaseConfig[, _propertyMap={http://www.dbunit.org/properties/statementFactory=org.dbunit.database.statement.PreparedStatementFactory@1f82982, http://www.dbunit.org/features/caseSensitiveTableNames=false, http://www.dbunit.org/properties/fetchSize=100, http://www.dbunit.org/features/batchedStatements=false, http://www.dbunit.org/properties/metadataHandler=org.dbunit.database.DefaultMetadataHandler@16d2633, http://www.dbunit.org/properties/datatypeFactory=org.dbunit.dataset.datatype.DefaultDataTypeFactory[_toleratedDeltaMap=org.dbunit.dataset.datatype.ToleratedDeltaMap@e70e30], http://www.dbunit.org/properties/escapePattern=null, http://www.dbunit.org/properties/batchSize=100, http://www.dbunit.org/features/qualifiedTableNames=false, http://www.dbunit.org/properties/tableType=[Ljava.lang.String;@154864a, http://www.dbunit.org/properties/resultSetTableFactory=org.dbunit.database.CachedResultSetTableFactory@3c9217, http://www.dbunit.org/features/datatypeWarning=true}], _dataSet=AbstractDataSet[_orderedTableNameMap=null]]) - start
23:04:49.927 [main] DEBUG org.dbunit.util.QualifiedTableName - getQualifiedName() - start
23:04:49.927 [main] DEBUG org.dbunit.util.QualifiedTableName - getQualifiedName(prefix=, name=inventory_items, escapePattern=null) - start
23:04:49.927 [main] DEBUG o.d.d.statement.SimpleStatement - addBatch(sql=delete from inventory_items) - start
23:04:49.927 [main] DEBUG o.d.operation.DeleteAllOperation - Added SQL: delete from inventory_items
23:04:49.927 [main] DEBUG org.dbunit.database.DatabaseDataSet - getTableMetaData(tableName=products) - start
23:04:49.928 [main] DEBUG org.dbunit.database.DatabaseDataSet - initialize() - start
23:04:49.928 [main] DEBUG o.dbunit.dataset.OrderedTableNameMap - getTableName(tableName=products) - start
23:04:49.928 [main] DEBUG o.dbunit.dataset.OrderedTableNameMap - getTableName(tableName=products) - end - result=PRODUCTS
23:04:49.928 [main] DEBUG o.dbunit.dataset.OrderedTableNameMap - getTableName(tableName=products) - start
23:04:49.928 [main] DEBUG o.dbunit.dataset.OrderedTableNameMap - getTableName(tableName=products) - end - result=PRODUCTS
23:04:49.933 [main] DEBUG org.dbunit.util.SQLHelper - isEscaped returns 'false' for tableName=products (dbIdentifierQuoteString=`)
23:04:49.933 [main] DEBUG o.d.database.DatabaseTableMetaData - Validating if table 'products' exists in schema '' ...
23:04:49.934 [main] DEBUG org.dbunit.util.SQLHelper - close(resultSet=com.mysql.jdbc.JDBC4ResultSet@1e0f2f6) - start
23:04:49.934 [main] DEBUG o.dbunit.dataset.OrderedTableNameMap - update(tableName=products, object=table=products, cols=[(sku_number, INTEGER, noNulls), (name, VARCHAR, noNulls), (amount, DECIMAL, noNulls)], pk=[(sku_number, INTEGER, noNulls)]) - start
23:04:49.943 [main] DEBUG o.dbunit.dataset.OrderedTableNameMap - getTableName(tableName=products) - start
23:04:49.943 [main] DEBUG o.dbunit.dataset.OrderedTableNameMap - getTableName(tableName=products) - end - result=PRODUCTS
23:04:49.943 [main] DEBUG o.dbunit.dataset.OrderedTableNameMap - getTableName(tableName=products) - start
23:04:50.036 [main] DEBUG o.dbunit.dataset.OrderedTableNameMap - getTableName(tableName=products) - end - result=PRODUCTS
23:04:50.036 [main] DEBUG o.dbunit.operation.AbstractOperation - getQualifiedName(prefix=, name=products, connection=org.dbunit.database.DatabaseConnection[schema=, connection=com.mysql.jdbc.JDBC4Connection@18a49e0, super=_databaseConfig=org.dbunit.database.DatabaseConfig[, _propertyMap={http://www.dbunit.org/properties/statementFactory=org.dbunit.database.statement.PreparedStatementFactory@1f82982, http://www.dbunit.org/features/caseSensitiveTableNames=false, http://www.dbunit.org/properties/fetchSize=100, http://www.dbunit.org/features/batchedStatements=false, http://www.dbunit.org/properties/metadataHandler=org.dbunit.database.DefaultMetadataHandler@16d2633, http://www.dbunit.org/properties/datatypeFactory=org.dbunit.dataset.datatype.DefaultDataTypeFactory[_toleratedDeltaMap=org.dbunit.dataset.datatype.ToleratedDeltaMap@e70e30], http://www.dbunit.org/properties/escapePattern=null, http://www.dbunit.org/properties/batchSize=100, http://www.dbunit.org/features/qualifiedTableNames=false, http://www.dbunit.org/properties/tableType=[Ljava.lang.String;@154864a, http://www.dbunit.org/properties/resultSetTableFactory=org.dbunit.database.CachedResultSetTableFactory@3c9217, http://www.dbunit.org/features/datatypeWarning=true}], _dataSet=AbstractDataSet[_orderedTableNameMap=null]]) - start
23:04:50.037 [main] DEBUG org.dbunit.util.QualifiedTableName - getQualifiedName() - start
23:04:50.037 [main] DEBUG org.dbunit.util.QualifiedTableName - getQualifiedName(prefix=, name=products, escapePattern=null) - start
23:04:50.037 [main] DEBUG o.d.d.statement.SimpleStatement - addBatch(sql=delete from products) - start
23:04:50.037 [main] DEBUG o.d.operation.DeleteAllOperation - Added SQL: delete from products
23:04:50.037 [main] DEBUG org.dbunit.database.DatabaseDataSet - getTableMetaData(tableName=inventories) - start
23:04:50.038 [main] DEBUG org.dbunit.database.DatabaseDataSet - initialize() - start
23:04:50.038 [main] DEBUG o.dbunit.dataset.OrderedTableNameMap - getTableName(tableName=inventories) - start
23:04:50.038 [main] DEBUG o.dbunit.dataset.OrderedTableNameMap - getTableName(tableName=inventories) - end - result=INVENTORIES
23:04:50.038 [main] DEBUG o.dbunit.dataset.OrderedTableNameMap - getTableName(tableName=inventories) - start
23:04:50.038 [main] DEBUG o.dbunit.dataset.OrderedTableNameMap - getTableName(tableName=inventories) - end - result=INVENTORIES
23:04:50.042 [main] DEBUG org.dbunit.util.SQLHelper - isEscaped returns 'false' for tableName=inventories (dbIdentifierQuoteString=`)
23:04:50.042 [main] DEBUG o.d.database.DatabaseTableMetaData - Validating if table 'inventories' exists in schema '' ...
23:04:50.044 [main] DEBUG org.dbunit.util.SQLHelper - close(resultSet=com.mysql.jdbc.JDBC4ResultSet@1aae94f) - start
23:04:50.044 [main] DEBUG o.dbunit.dataset.OrderedTableNameMap - update(tableName=inventories, object=table=inventories, cols=[(id, INTEGER, noNulls)], pk=[(id, INTEGER, noNulls)]) - start
23:04:50.053 [main] DEBUG o.dbunit.dataset.OrderedTableNameMap - getTableName(tableName=inventories) - start
23:04:50.053 [main] DEBUG o.dbunit.dataset.OrderedTableNameMap - getTableName(tableName=inventories) - end - result=INVENTORIES
23:04:50.053 [main] DEBUG o.dbunit.dataset.OrderedTableNameMap - getTableName(tableName=inventories) - start
23:04:50.148 [main] DEBUG o.dbunit.dataset.OrderedTableNameMap - getTableName(tableName=inventories) - end - result=INVENTORIES
23:04:50.148 [main] DEBUG o.dbunit.operation.AbstractOperation - getQualifiedName(prefix=, name=inventories, connection=org.dbunit.database.DatabaseConnection[schema=, connection=com.mysql.jdbc.JDBC4Connection@18a49e0, super=_databaseConfig=org.dbunit.database.DatabaseConfig[, _propertyMap={http://www.dbunit.org/properties/statementFactory=org.dbunit.database.statement.PreparedStatementFactory@1f82982, http://www.dbunit.org/features/caseSensitiveTableNames=false, http://www.dbunit.org/properties/fetchSize=100, http://www.dbunit.org/features/batchedStatements=false, http://www.dbunit.org/properties/metadataHandler=org.dbunit.database.DefaultMetadataHandler@16d2633, http://www.dbunit.org/properties/datatypeFactory=org.dbunit.dataset.datatype.DefaultDataTypeFactory[_toleratedDeltaMap=org.dbunit.dataset.datatype.ToleratedDeltaMap@e70e30], http://www.dbunit.org/properties/escapePattern=null, http://www.dbunit.org/properties/batchSize=100, http://www.dbunit.org/features/qualifiedTableNames=false, http://www.dbunit.org/properties/tableType=[Ljava.lang.String;@154864a, http://www.dbunit.org/properties/resultSetTableFactory=org.dbunit.database.CachedResultSetTableFactory@3c9217, http://www.dbunit.org/features/datatypeWarning=true}], _dataSet=AbstractDataSet[_orderedTableNameMap=null]]) - start
23:04:50.149 [main] DEBUG org.dbunit.util.QualifiedTableName - getQualifiedName() - start
23:04:50.149 [main] DEBUG org.dbunit.util.QualifiedTableName - getQualifiedName(prefix=, name=inventories, escapePattern=null) - start
23:04:50.149 [main] DEBUG o.d.d.statement.SimpleStatement - addBatch(sql=delete from inventories) - start
23:04:50.149 [main] DEBUG o.d.operation.DeleteAllOperation - Added SQL: delete from inventories
23:04:50.149 [main] DEBUG o.d.d.statement.SimpleStatement - executeBatch() - start
23:04:50.150 [main] DEBUG o.d.d.statement.SimpleStatement - DbUnit SQL: delete from inventory_items
23:04:50.153 [main] DEBUG o.d.d.statement.SimpleStatement - DbUnit SQL: delete from products
23:04:50.153 [main] DEBUG o.d.d.statement.SimpleStatement - DbUnit SQL: delete from inventories
23:04:50.154 [main] DEBUG o.d.d.statement.SimpleStatement - clearBatch() - start
23:04:50.154 [main] DEBUG o.d.d.s.AbstractBatchStatement - close() - start
23:04:50.154 [main] DEBUG o.d.operation.AbstractBatchOperation - execute(connection=org.dbunit.database.DatabaseConnection[schema=, connection=com.mysql.jdbc.JDBC4Connection@18a49e0, super=_databaseConfig=org.dbunit.database.DatabaseConfig[, _propertyMap={http://www.dbunit.org/properties/statementFactory=org.dbunit.database.statement.PreparedStatementFactory@1f82982, http://www.dbunit.org/features/caseSensitiveTableNames=false, http://www.dbunit.org/properties/fetchSize=100, http://www.dbunit.org/features/batchedStatements=false, http://www.dbunit.org/properties/metadataHandler=org.dbunit.database.DefaultMetadataHandler@16d2633, http://www.dbunit.org/properties/datatypeFactory=org.dbunit.dataset.datatype.DefaultDataTypeFactory[_toleratedDeltaMap=org.dbunit.dataset.datatype.ToleratedDeltaMap@e70e30], http://www.dbunit.org/properties/escapePattern=null, http://www.dbunit.org/properties/batchSize=100, http://www.dbunit.org/features/qualifiedTableNames=false, http://www.dbunit.org/properties/tableType=[Ljava.lang.String;@154864a, http://www.dbunit.org/properties/resultSetTableFactory=org.dbunit.database.CachedResultSetTableFactory@3c9217, http://www.dbunit.org/features/datatypeWarning=true}], _dataSet=AbstractDataSet[_orderedTableNameMap=null]], dataSet=AbstractDataSet[_orderedTableNameMap=null]) - start
23:04:50.156 [main] DEBUG org.dbunit.dataset.AbstractDataSet - iterator() - start
23:04:50.156 [main] DEBUG org.dbunit.dataset.CachedDataSet - createIterator(reversed=false) - start
23:04:50.156 [main] DEBUG o.dbunit.dataset.OrderedTableNameMap - orderedValues() - start
23:04:50.156 [main] DEBUG o.dbunit.dataset.OrderedTableNameMap - getTableName(tableName=inventories) - start
23:04:50.156 [main] DEBUG o.dbunit.dataset.OrderedTableNameMap - getTableName(tableName=inventories) - end - result=INVENTORIES
23:04:50.157 [main] DEBUG o.dbunit.dataset.OrderedTableNameMap - getTableName(tableName=products) - start
23:04:50.157 [main] DEBUG o.dbunit.dataset.OrderedTableNameMap - getTableName(tableName=products) - end - result=PRODUCTS
23:04:50.157 [main] DEBUG o.dbunit.dataset.OrderedTableNameMap - getTableName(tableName=inventory_items) - start
23:04:50.157 [main] DEBUG o.dbunit.dataset.OrderedTableNameMap - getTableName(tableName=inventory_items) - end - result=INVENTORY_ITEMS
23:04:50.157 [main] DEBUG o.d.dataset.DefaultTableIterator - getTable() - start
23:04:50.162 [main] DEBUG o.d.operation.AbstractBatchOperation - isEmpty(table=org.dbunit.dataset.DefaultTable[_metaData=tableName=inventories, columns=[(id, UNKNOWN, nullableUnknown)], keys=[], _rowList.size()=1]) - start
23:04:50.162 [main] DEBUG org.dbunit.dataset.DefaultTable - getValue(row=0, column=id) - start
23:04:50.162 [main] DEBUG org.dbunit.dataset.AbstractTable - assertValidRowIndex(row=0) - start
23:04:50.162 [main] DEBUG org.dbunit.dataset.AbstractTable - assertValidRowIndex(row=0, rowCount=1) - start
23:04:50.163 [main] DEBUG org.dbunit.dataset.AbstractTable - getColumnIndex(columnName=id) - start
23:04:50.163 [main] DEBUG o.d.dataset.AbstractTableMetaData - getColumnIndex(columnName=id) - start
23:04:50.163 [main] DEBUG o.dbunit.operation.AbstractOperation - getOperationMetaData(connection=org.dbunit.database.DatabaseConnection[schema=, connection=com.mysql.jdbc.JDBC4Connection@18a49e0, super=_databaseConfig=org.dbunit.database.DatabaseConfig[, _propertyMap={http://www.dbunit.org/properties/statementFactory=org.dbunit.database.statement.PreparedStatementFactory@1f82982, http://www.dbunit.org/features/caseSensitiveTableNames=false, http://www.dbunit.org/properties/fetchSize=100, http://www.dbunit.org/features/batchedStatements=false, http://www.dbunit.org/properties/metadataHandler=org.dbunit.database.DefaultMetadataHandler@16d2633, http://www.dbunit.org/properties/datatypeFactory=org.dbunit.dataset.datatype.DefaultDataTypeFactory[_toleratedDeltaMap=org.dbunit.dataset.datatype.ToleratedDeltaMap@e70e30], http://www.dbunit.org/properties/escapePattern=null, http://www.dbunit.org/properties/batchSize=100, http://www.dbunit.org/features/qualifiedTableNames=false, http://www.dbunit.org/properties/tableType=[Ljava.lang.String;@154864a, http://www.dbunit.org/properties/resultSetTableFactory=org.dbunit.database.CachedResultSetTableFactory@3c9217, http://www.dbunit.org/features/datatypeWarning=true}], _dataSet=AbstractDataSet[_orderedTableNameMap=null]], metaData=tableName=inventories, columns=[(id, UNKNOWN, nullableUnknown)], keys=[]) - start
23:04:50.165 [main] DEBUG o.d.d.AbstractDatabaseConnection - createDataSet() - start
23:04:50.165 [main] DEBUG org.dbunit.database.DatabaseDataSet - getTableMetaData(tableName=inventories) - start
23:04:50.165 [main] DEBUG org.dbunit.database.DatabaseDataSet - initialize() - start
23:04:50.165 [main] DEBUG o.dbunit.dataset.OrderedTableNameMap - getTableName(tableName=inventories) - start
23:04:50.165 [main] DEBUG o.dbunit.dataset.OrderedTableNameMap - getTableName(tableName=inventories) - end - result=INVENTORIES
23:04:50.166 [main] DEBUG o.dbunit.dataset.OrderedTableNameMap - getTableName(tableName=inventories) - start
23:04:50.166 [main] DEBUG o.dbunit.dataset.OrderedTableNameMap - getTableName(tableName=inventories) - end - result=INVENTORIES
23:04:50.167 [main] DEBUG o.d.dataset.AbstractTableMetaData - getColumnIndex(columnName=id) - start
23:04:50.167 [main] DEBUG o.d.database.DatabaseTableMetaData - getColumns() - start
23:04:50.167 [main] DEBUG o.d.database.DatabaseTableMetaData - getColumns() - start
23:04:50.167 [main] DEBUG o.d.database.DatabaseTableMetaData - getPrimaryKeys() - start
23:04:50.172 [main] DEBUG org.dbunit.operation.InsertOperation - getIgnoreMapping(table=org.dbunit.dataset.DefaultTable[_metaData=tableName=inventories, columns=[(id, UNKNOWN, nullableUnknown)], keys=[], _rowList.size()=1], row=0) - start
23:04:50.172 [main] DEBUG org.dbunit.dataset.DefaultTable - getValue(row=0, column=id) - start
23:04:50.172 [main] DEBUG org.dbunit.dataset.AbstractTable - assertValidRowIndex(row=0) - start
23:04:50.172 [main] DEBUG org.dbunit.dataset.AbstractTable - assertValidRowIndex(row=0, rowCount=1) - start
23:04:50.173 [main] DEBUG org.dbunit.dataset.AbstractTable - getColumnIndex(columnName=id) - start
23:04:50.173 [main] DEBUG o.d.dataset.AbstractTableMetaData - getColumnIndex(columnName=id) - start
23:04:50.173 [main] DEBUG org.dbunit.operation.InsertOperation - getOperationData(metaData=tableName=inventories, columns=[(id, INTEGER, noNulls)], keys=[(id, INTEGER, noNulls)], ignoreMapping={}, connection=org.dbunit.database.DatabaseConnection[schema=, connection=com.mysql.jdbc.JDBC4Connection@18a49e0, super=_databaseConfig=org.dbunit.database.DatabaseConfig[, _propertyMap={http://www.dbunit.org/properties/statementFactory=org.dbunit.database.statement.PreparedStatementFactory@1f82982, http://www.dbunit.org/features/caseSensitiveTableNames=false, http://www.dbunit.org/properties/fetchSize=100, http://www.dbunit.org/features/batchedStatements=false, http://www.dbunit.org/properties/metadataHandler=org.dbunit.database.DefaultMetadataHandler@16d2633, http://www.dbunit.org/properties/datatypeFactory=org.dbunit.dataset.datatype.DefaultDataTypeFactory[_toleratedDeltaMap=org.dbunit.dataset.datatype.ToleratedDeltaMap@e70e30], http://www.dbunit.org/properties/escapePattern=null, http://www.dbunit.org/properties/batchSize=100, http://www.dbunit.org/features/qualifiedTableNames=false, http://www.dbunit.org/properties/tableType=[Ljava.lang.String;@154864a, http://www.dbunit.org/properties/resultSetTableFactory=org.dbunit.database.CachedResultSetTableFactory@3c9217, http://www.dbunit.org/features/datatypeWarning=true}], _dataSet=AbstractDataSet[_orderedTableNameMap=null]]) - start
23:04:50.175 [main] DEBUG o.dbunit.operation.AbstractOperation - getQualifiedName(prefix=, name=inventories, connection=org.dbunit.database.DatabaseConnection[schema=, connection=com.mysql.jdbc.JDBC4Connection@18a49e0, super=_databaseConfig=org.dbunit.database.DatabaseConfig[, _propertyMap={http://www.dbunit.org/properties/statementFactory=org.dbunit.database.statement.PreparedStatementFactory@1f82982, http://www.dbunit.org/features/caseSensitiveTableNames=false, http://www.dbunit.org/properties/fetchSize=100, http://www.dbunit.org/features/batchedStatements=false, http://www.dbunit.org/properties/metadataHandler=org.dbunit.database.DefaultMetadataHandler@16d2633, http://www.dbunit.org/properties/datatypeFactory=org.dbunit.dataset.datatype.DefaultDataTypeFactory[_toleratedDeltaMap=org.dbunit.dataset.datatype.ToleratedDeltaMap@e70e30], http://www.dbunit.org/properties/escapePattern=null, http://www.dbunit.org/properties/batchSize=100, http://www.dbunit.org/features/qualifiedTableNames=false, http://www.dbunit.org/properties/tableType=[Ljava.lang.String;@154864a, http://www.dbunit.org/properties/resultSetTableFactory=org.dbunit.database.CachedResultSetTableFactory@3c9217, http://www.dbunit.org/features/datatypeWarning=true}], _dataSet=AbstractDataSet[_orderedTableNameMap=null]]) - start
23:04:50.176 [main] DEBUG org.dbunit.util.QualifiedTableName - getQualifiedName() - start
23:04:50.176 [main] DEBUG org.dbunit.util.QualifiedTableName - getQualifiedName(prefix=, name=inventories, escapePattern=null) - start
23:04:50.176 [main] DEBUG o.dbunit.operation.AbstractOperation - getQualifiedName(prefix=null, name=id, connection=org.dbunit.database.DatabaseConnection[schema=, connection=com.mysql.jdbc.JDBC4Connection@18a49e0, super=_databaseConfig=org.dbunit.database.DatabaseConfig[, _propertyMap={http://www.dbunit.org/properties/statementFactory=org.dbunit.database.statement.PreparedStatementFactory@1f82982, http://www.dbunit.org/features/caseSensitiveTableNames=false, http://www.dbunit.org/properties/fetchSize=100, http://www.dbunit.org/features/batchedStatements=false, http://www.dbunit.org/properties/metadataHandler=org.dbunit.database.DefaultMetadataHandler@16d2633, http://www.dbunit.org/properties/datatypeFactory=org.dbunit.dataset.datatype.DefaultDataTypeFactory[_toleratedDeltaMap=org.dbunit.dataset.datatype.ToleratedDeltaMap@e70e30], http://www.dbunit.org/properties/escapePattern=null, http://www.dbunit.org/properties/batchSize=100, http://www.dbunit.org/features/qualifiedTableNames=false, http://www.dbunit.org/properties/tableType=[Ljava.lang.String;@154864a, http://www.dbunit.org/properties/resultSetTableFactory=org.dbunit.database.CachedResultSetTableFactory@3c9217, http://www.dbunit.org/features/datatypeWarning=true}], _dataSet=AbstractDataSet[_orderedTableNameMap=null]]) - start
23:04:50.181 [main] DEBUG org.dbunit.util.QualifiedTableName - getQualifiedName() - start
23:04:50.181 [main] DEBUG org.dbunit.util.QualifiedTableName - getQualifiedName(prefix=null, name=id, escapePattern=null) - start
[...]
23:04:56.029 [main] DEBUG o.dbunit.dataset.OrderedTableNameMap - getTableName(tableName=inventory_items) - start
23:04:56.029 [main] DEBUG o.dbunit.dataset.OrderedTableNameMap - getTableName(tableName=inventory_items) - end - result=INVENTORY_ITEMS
23:04:56.030 [main] DEBUG o.dbunit.dataset.OrderedTableNameMap - getTableName(tableName=INVENTORY_ITEMS) - start
23:04:56.030 [main] DEBUG o.dbunit.dataset.OrderedTableNameMap - getTableName(tableName=INVENTORY_ITEMS) - end - result=INVENTORY_ITEMS
23:04:56.030 [main] DEBUG org.dbunit.util.QualifiedTableName - getQualifiedNameIfEnabled(config=org.dbunit.database.DatabaseConfig[, _propertyMap={http://www.dbunit.org/properties/statementFactory=org.dbunit.database.statement.PreparedStatementFactory@1f82982, http://www.dbunit.org/features/caseSensitiveTableNames=false, http://www.dbunit.org/properties/fetchSize=100, http://www.dbunit.org/features/batchedStatements=false, http://www.dbunit.org/properties/metadataHandler=org.dbunit.database.DefaultMetadataHandler@193f6e2, http://www.dbunit.org/properties/datatypeFactory=org.dbunit.dataset.datatype.DefaultDataTypeFactory[_toleratedDeltaMap=org.dbunit.dataset.datatype.ToleratedDeltaMap@e70e30], http://www.dbunit.org/properties/escapePattern=null, http://www.dbunit.org/properties/batchSize=100, http://www.dbunit.org/features/qualifiedTableNames=false, http://www.dbunit.org/properties/tableType=[Ljava.lang.String;@154864a, http://www.dbunit.org/properties/resultSetTableFactory=org.dbunit.database.CachedResultSetTableFactory@3c9217, http://www.dbunit.org/features/datatypeWarning=true}]) - start
23:04:56.035 [main] DEBUG org.dbunit.util.QualifiedTableName - Qualified table names feature is disabled. Returning plain table name
23:04:56.035 [main] DEBUG org.dbunit.util.QualifiedTableName - getQualifiedName(prefix=null, name=order_items, escapePattern=null) - start
23:04:56.035 [main] DEBUG o.dbunit.dataset.OrderedTableNameMap - add(tableName=order_items, object=null) - start
23:04:56.035 [main] DEBUG o.dbunit.dataset.OrderedTableNameMap - getTableName(tableName=order_items) - start
23:04:56.035 [main] DEBUG o.dbunit.dataset.OrderedTableNameMap - getTableName(tableName=order_items) - end - result=ORDER_ITEMS
23:04:56.036 [main] DEBUG o.dbunit.dataset.OrderedTableNameMap - getTableName(tableName=ORDER_ITEMS) - start
23:04:56.036 [main] DEBUG o.dbunit.dataset.OrderedTableNameMap - getTableName(tableName=ORDER_ITEMS) - end - result=ORDER_ITEMS
23:04:56.036 [main] DEBUG org.dbunit.util.QualifiedTableName - getQualifiedNameIfEnabled(config=org.dbunit.database.DatabaseConfig[, _propertyMap={http://www.dbunit.org/properties/statementFactory=org.dbunit.database.statement.PreparedStatementFactory@1f82982, http://www.dbunit.org/features/caseSensitiveTableNames=false, http://www.dbunit.org/properties/fetchSize=100, http://www.dbunit.org/features/batchedStatements=false, http://www.dbunit.org/properties/metadataHandler=org.dbunit.database.DefaultMetadataHandler@193f6e2, http://www.dbunit.org/properties/datatypeFactory=org.dbunit.dataset.datatype.DefaultDataTypeFactory[_toleratedDeltaMap=org.dbunit.dataset.datatype.ToleratedDeltaMap@e70e30], http://www.dbunit.org/properties/escapePattern=null, http://www.dbunit.org/properties/batchSize=100, http://www.dbunit.org/features/qualifiedTableNames=false, http://www.dbunit.org/properties/tableType=[Ljava.lang.String;@154864a, http://www.dbunit.org/properties/resultSetTableFactory=org.dbunit.database.CachedResultSetTableFactory@3c9217, http://www.dbunit.org/features/datatypeWarning=true}]) - start
23:04:56.041 [main] DEBUG org.dbunit.util.QualifiedTableName - Qualified table names feature is disabled. Returning plain table name
23:04:56.041 [main] DEBUG org.dbunit.util.QualifiedTableName - getQualifiedName(prefix=null, name=orders, escapePattern=null) - start
23:04:56.041 [main] DEBUG o.dbunit.dataset.OrderedTableNameMap - add(tableName=orders, object=null) - start
23:04:56.041 [main] DEBUG o.dbunit.dataset.OrderedTableNameMap - getTableName(tableName=orders) - start
23:04:56.041 [main] DEBUG o.dbunit.dataset.OrderedTableNameMap - getTableName(tableName=orders) - end - result=ORDERS
23:04:56.042 [main] DEBUG o.dbunit.dataset.OrderedTableNameMap - getTableName(tableName=ORDERS) - start
23:04:56.042 [main] DEBUG o.dbunit.dataset.OrderedTableNameMap - getTableName(tableName=ORDERS) - end - result=ORDERS
23:04:56.042 [main] DEBUG org.dbunit.util.QualifiedTableName - getQualifiedNameIfEnabled(config=org.dbunit.database.DatabaseConfig[, _propertyMap={http://www.dbunit.org/properties/statementFactory=org.dbunit.database.statement.PreparedStatementFactory@1f82982, http://www.dbunit.org/features/caseSensitiveTableNames=false, http://www.dbunit.org/properties/fetchSize=100, http://www.dbunit.org/features/batchedStatements=false, http://www.dbunit.org/properties/metadataHandler=org.dbunit.database.DefaultMetadataHandler@193f6e2, http://www.dbunit.org/properties/datatypeFactory=org.dbunit.dataset.datatype.DefaultDataTypeFactory[_toleratedDeltaMap=org.dbunit.dataset.datatype.ToleratedDeltaMap@e70e30], http://www.dbunit.org/properties/escapePattern=null, http://www.dbunit.org/properties/batchSize=100, http://www.dbunit.org/features/qualifiedTableNames=false, http://www.dbunit.org/properties/tableType=[Ljava.lang.String;@154864a, http://www.dbunit.org/properties/resultSetTableFactory=org.dbunit.database.CachedResultSetTableFactory@3c9217, http://www.dbunit.org/features/datatypeWarning=true}]) - start
23:04:56.046 [main] DEBUG org.dbunit.util.QualifiedTableName - Qualified table names feature is disabled. Returning plain table name
23:04:56.046 [main] DEBUG org.dbunit.util.QualifiedTableName - getQualifiedName(prefix=null, name=products, escapePattern=null) - start
23:04:56.046 [main] DEBUG o.dbunit.dataset.OrderedTableNameMap - add(tableName=products, object=null) - start
23:04:56.046 [main] DEBUG o.dbunit.dataset.OrderedTableNameMap - getTableName(tableName=products) - start
23:04:56.046 [main] DEBUG o.dbunit.dataset.OrderedTableNameMap - getTableName(tableName=products) - end - result=PRODUCTS
23:04:56.047 [main] DEBUG o.dbunit.dataset.OrderedTableNameMap - getTableName(tableName=PRODUCTS) - start
23:04:56.047 [main] DEBUG o.dbunit.dataset.OrderedTableNameMap - getTableName(tableName=PRODUCTS) - end - result=PRODUCTS
23:04:56.047 [main] DEBUG o.dbunit.dataset.OrderedTableNameMap - getTableName(tableName=inventory_items) - start
23:04:56.047 [main] DEBUG o.dbunit.dataset.OrderedTableNameMap - getTableName(tableName=inventory_items) - end - result=INVENTORY_ITEMS
23:04:56.047 [main] DEBUG o.dbunit.dataset.OrderedTableNameMap - getTableName(tableName=inventory_items) - start
23:04:56.052 [main] DEBUG o.dbunit.dataset.OrderedTableNameMap - getTableName(tableName=inventory_items) - end - result=INVENTORY_ITEMS
23:04:56.052 [main] DEBUG org.dbunit.util.SQLHelper - isEscaped returns 'false' for tableName=inventory_items (dbIdentifierQuoteString=`)
23:04:56.052 [main] DEBUG o.d.database.DatabaseTableMetaData - Validating if table 'inventory_items' exists in schema '' ...
23:04:56.053 [main] DEBUG org.dbunit.util.SQLHelper - close(resultSet=com.mysql.jdbc.JDBC4ResultSet@11946c2) - start
23:04:56.054 [main] DEBUG o.dbunit.dataset.OrderedTableNameMap - update(tableName=inventory_items, object=table=inventory_items, cols=[(id, INTEGER, noNulls), (product_sku_number, INTEGER, noNulls), (inventory_id, INTEGER, noNulls), (quantity, INTEGER, noNulls)], pk=[(id, INTEGER, noNulls)]) - start
23:04:56.061 [main] DEBUG o.dbunit.dataset.OrderedTableNameMap - getTableName(tableName=inventory_items) - start
23:04:56.061 [main] DEBUG o.dbunit.dataset.OrderedTableNameMap - getTableName(tableName=inventory_items) - end - result=INVENTORY_ITEMS
23:04:56.157 [main] DEBUG o.dbunit.dataset.OrderedTableNameMap - getTableName(tableName=inventory_items) - start
23:04:56.157 [main] DEBUG o.dbunit.dataset.OrderedTableNameMap - getTableName(tableName=inventory_items) - end - result=INVENTORY_ITEMS
23:04:56.157 [main] DEBUG o.dbunit.operation.AbstractOperation - getQualifiedName(prefix=, name=inventory_items, connection=org.dbunit.database.DatabaseConnection[schema=, connection=com.mysql.jdbc.JDBC4Connection@1d95da8, super=_databaseConfig=org.dbunit.database.DatabaseConfig[, _propertyMap={http://www.dbunit.org/properties/statementFactory=org.dbunit.database.statement.PreparedStatementFactory@1f82982, http://www.dbunit.org/features/caseSensitiveTableNames=false, http://www.dbunit.org/properties/fetchSize=100, http://www.dbunit.org/features/batchedStatements=false, http://www.dbunit.org/properties/metadataHandler=org.dbunit.database.DefaultMetadataHandler@193f6e2, http://www.dbunit.org/properties/datatypeFactory=org.dbunit.dataset.datatype.DefaultDataTypeFactory[_toleratedDeltaMap=org.dbunit.dataset.datatype.ToleratedDeltaMap@e70e30], http://www.dbunit.org/properties/escapePattern=null, http://www.dbunit.org/properties/batchSize=100, http://www.dbunit.org/features/qualifiedTableNames=false, http://www.dbunit.org/properties/tableType=[Ljava.lang.String;@154864a, http://www.dbunit.org/properties/resultSetTableFactory=org.dbunit.database.CachedResultSetTableFactory@3c9217, http://www.dbunit.org/features/datatypeWarning=true}], _dataSet=AbstractDataSet[_orderedTableNameMap=null]]) - start
23:04:56.158 [main] DEBUG org.dbunit.util.QualifiedTableName - getQualifiedName() - start
23:04:56.158 [main] DEBUG org.dbunit.util.QualifiedTableName - getQualifiedName(prefix=, name=inventory_items, escapePattern=null) - start
23:04:56.158 [main] DEBUG o.d.d.statement.SimpleStatement - addBatch(sql=delete from inventory_items) - start
23:04:56.158 [main] DEBUG o.d.operation.DeleteAllOperation - Added SQL: delete from inventory_items
23:04:56.158 [main] DEBUG org.dbunit.database.DatabaseDataSet - getTableMetaData(tableName=products) - start
23:04:56.159 [main] DEBUG org.dbunit.database.DatabaseDataSet - initialize() - start
23:04:56.159 [main] DEBUG o.dbunit.dataset.OrderedTableNameMap - getTableName(tableName=products) - start
23:04:56.159 [main] DEBUG o.dbunit.dataset.OrderedTableNameMap - getTableName(tableName=products) - end - result=PRODUCTS
23:04:56.159 [main] DEBUG o.dbunit.dataset.OrderedTableNameMap - getTableName(tableName=products) - start
23:04:56.159 [main] DEBUG o.dbunit.dataset.OrderedTableNameMap - getTableName(tableName=products) - end - result=PRODUCTS
23:04:56.164 [main] DEBUG org.dbunit.util.SQLHelper - isEscaped returns 'false' for tableName=products (dbIdentifierQuoteString=`)
23:04:56.164 [main] DEBUG o.d.database.DatabaseTableMetaData - Validating if table 'products' exists in schema '' ...
23:04:56.165 [main] DEBUG org.dbunit.util.SQLHelper - close(resultSet=com.mysql.jdbc.JDBC4ResultSet@6779e6) - start
23:04:56.165 [main] DEBUG o.dbunit.dataset.OrderedTableNameMap - update(tableName=products, object=table=products, cols=[(sku_number, INTEGER, noNulls), (name, VARCHAR, noNulls), (amount, DECIMAL, noNulls)], pk=[(sku_number, INTEGER, noNulls)]) - start
23:04:56.172 [main] DEBUG o.dbunit.dataset.OrderedTableNameMap - getTableName(tableName=products) - start
23:04:56.172 [main] DEBUG o.dbunit.dataset.OrderedTableNameMap - getTableName(tableName=products) - end - result=PRODUCTS
23:04:56.172 [main] DEBUG o.dbunit.dataset.OrderedTableNameMap - getTableName(tableName=products) - start
23:04:56.268 [main] DEBUG o.dbunit.dataset.OrderedTableNameMap - getTableName(tableName=products) - end - result=PRODUCTS
23:04:56.268 [main] DEBUG o.dbunit.operation.AbstractOperation - getQualifiedName(prefix=, name=products, connection=org.dbunit.database.DatabaseConnection[schema=, connection=com.mysql.jdbc.JDBC4Connection@1d95da8, super=_databaseConfig=org.dbunit.database.DatabaseConfig[, _propertyMap={http://www.dbunit.org/properties/statementFactory=org.dbunit.database.statement.PreparedStatementFactory@1f82982, http://www.dbunit.org/features/caseSensitiveTableNames=false, http://www.dbunit.org/properties/fetchSize=100, http://www.dbunit.org/features/batchedStatements=false, http://www.dbunit.org/properties/metadataHandler=org.dbunit.database.DefaultMetadataHandler@193f6e2, http://www.dbunit.org/properties/datatypeFactory=org.dbunit.dataset.datatype.DefaultDataTypeFactory[_toleratedDeltaMap=org.dbunit.dataset.datatype.ToleratedDeltaMap@e70e30], http://www.dbunit.org/properties/escapePattern=null, http://www.dbunit.org/properties/batchSize=100, http://www.dbunit.org/features/qualifiedTableNames=false, http://www.dbunit.org/properties/tableType=[Ljava.lang.String;@154864a, http://www.dbunit.org/properties/resultSetTableFactory=org.dbunit.database.CachedResultSetTableFactory@3c9217, http://www.dbunit.org/features/datatypeWarning=true}], _dataSet=AbstractDataSet[_orderedTableNameMap=null]]) - start
23:04:56.269 [main] DEBUG org.dbunit.util.QualifiedTableName - getQualifiedName() - start
23:04:56.269 [main] DEBUG org.dbunit.util.QualifiedTableName - getQualifiedName(prefix=, name=products, escapePattern=null) - start
23:04:56.269 [main] DEBUG o.d.d.statement.SimpleStatement - addBatch(sql=delete from products) - start
23:04:56.269 [main] DEBUG o.d.operation.DeleteAllOperation - Added SQL: delete from products
23:04:56.269 [main] DEBUG org.dbunit.database.DatabaseDataSet - getTableMetaData(tableName=inventories) - start
23:04:56.270 [main] DEBUG org.dbunit.database.DatabaseDataSet - initialize() - start
23:04:56.270 [main] DEBUG o.dbunit.dataset.OrderedTableNameMap - getTableName(tableName=inventories) - start
23:04:56.270 [main] DEBUG o.dbunit.dataset.OrderedTableNameMap - getTableName(tableName=inventories) - end - result=INVENTORIES
23:04:56.270 [main] DEBUG o.dbunit.dataset.OrderedTableNameMap - getTableName(tableName=inventories) - start
23:04:56.270 [main] DEBUG o.dbunit.dataset.OrderedTableNameMap - getTableName(tableName=inventories) - end - result=INVENTORIES
23:04:56.274 [main] DEBUG org.dbunit.util.SQLHelper - isEscaped returns 'false' for tableName=inventories (dbIdentifierQuoteString=`)
23:04:56.274 [main] DEBUG o.d.database.DatabaseTableMetaData - Validating if table 'inventories' exists in schema '' ...
23:04:56.276 [main] DEBUG org.dbunit.util.SQLHelper - close(resultSet=com.mysql.jdbc.JDBC4ResultSet@fced4) - start
23:04:56.276 [main] DEBUG o.dbunit.dataset.OrderedTableNameMap - update(tableName=inventories, object=table=inventories, cols=[(id, INTEGER, noNulls)], pk=[(id, INTEGER, noNulls)]) - start
23:04:56.282 [main] DEBUG o.dbunit.dataset.OrderedTableNameMap - getTableName(tableName=inventories) - start
23:04:56.282 [main] DEBUG o.dbunit.dataset.OrderedTableNameMap - getTableName(tableName=inventories) - end - result=INVENTORIES
23:04:56.282 [main] DEBUG o.dbunit.dataset.OrderedTableNameMap - getTableName(tableName=inventories) - start
23:04:56.379 [main] DEBUG o.dbunit.dataset.OrderedTableNameMap - getTableName(tableName=inventories) - end - result=INVENTORIES
23:04:56.379 [main] DEBUG o.dbunit.operation.AbstractOperation - getQualifiedName(prefix=, name=inventories, connection=org.dbunit.database.DatabaseConnection[schema=, connection=com.mysql.jdbc.JDBC4Connection@1d95da8, super=_databaseConfig=org.dbunit.database.DatabaseConfig[, _propertyMap={http://www.dbunit.org/properties/statementFactory=org.dbunit.database.statement.PreparedStatementFactory@1f82982, http://www.dbunit.org/features/caseSensitiveTableNames=false, http://www.dbunit.org/properties/fetchSize=100, http://www.dbunit.org/features/batchedStatements=false, http://www.dbunit.org/properties/metadataHandler=org.dbunit.database.DefaultMetadataHandler@193f6e2, http://www.dbunit.org/properties/datatypeFactory=org.dbunit.dataset.datatype.DefaultDataTypeFactory[_toleratedDeltaMap=org.dbunit.dataset.datatype.ToleratedDeltaMap@e70e30], http://www.dbunit.org/properties/escapePattern=null, http://www.dbunit.org/properties/batchSize=100, http://www.dbunit.org/features/qualifiedTableNames=false, http://www.dbunit.org/properties/tableType=[Ljava.lang.String;@154864a, http://www.dbunit.org/properties/resultSetTableFactory=org.dbunit.database.CachedResultSetTableFactory@3c9217, http://www.dbunit.org/features/datatypeWarning=true}], _dataSet=AbstractDataSet[_orderedTableNameMap=null]]) - start
23:04:56.380 [main] DEBUG org.dbunit.util.QualifiedTableName - getQualifiedName() - start
23:04:56.380 [main] DEBUG org.dbunit.util.QualifiedTableName - getQualifiedName(prefix=, name=inventories, escapePattern=null) - start
23:04:56.380 [main] DEBUG o.d.d.statement.SimpleStatement - addBatch(sql=delete from inventories) - start
23:04:56.380 [main] DEBUG o.d.operation.DeleteAllOperation - Added SQL: delete from inventories
23:04:56.380 [main] DEBUG o.d.d.statement.SimpleStatement - executeBatch() - start
23:04:56.381 [main] DEBUG o.d.d.statement.SimpleStatement - DbUnit SQL: delete from inventory_items
23:04:56.475 [main] DEBUG o.d.d.statement.SimpleStatement - DbUnit SQL: delete from products
23:04:56.490 [main] DEBUG o.d.d.statement.SimpleStatement - DbUnit SQL: delete from inventories
23:04:56.515 [main] DEBUG o.d.d.statement.SimpleStatement - clearBatch() - start
23:04:56.516 [main] DEBUG o.d.d.s.AbstractBatchStatement - close() - start
23:04:56.516 [main] DEBUG org.dbunit.DefaultOperationListener - operationTearDownFinished(connection=org.dbunit.database.DatabaseConnection[schema=, connection=com.mysql.jdbc.JDBC4Connection@1d95da8, super=_databaseConfig=org.dbunit.database.DatabaseConfig[, _propertyMap={http://www.dbunit.org/properties/statementFactory=org.dbunit.database.statement.PreparedStatementFactory@1f82982, http://www.dbunit.org/features/caseSensitiveTableNames=false, http://www.dbunit.org/properties/fetchSize=100, http://www.dbunit.org/features/batchedStatements=false, http://www.dbunit.org/properties/metadataHandler=org.dbunit.database.DefaultMetadataHandler@193f6e2, http://www.dbunit.org/properties/datatypeFactory=org.dbunit.dataset.datatype.DefaultDataTypeFactory[_toleratedDeltaMap=org.dbunit.dataset.datatype.ToleratedDeltaMap@e70e30], http://www.dbunit.org/properties/escapePattern=null, http://www.dbunit.org/properties/batchSize=100, http://www.dbunit.org/features/qualifiedTableNames=false, http://www.dbunit.org/properties/tableType=[Ljava.lang.String;@154864a, http://www.dbunit.org/properties/resultSetTableFactory=org.dbunit.database.CachedResultSetTableFactory@3c9217, http://www.dbunit.org/features/datatypeWarning=true}], _dataSet=AbstractDataSet[_orderedTableNameMap=null]]) - start
23:04:56.586 [main] DEBUG org.dbunit.DefaultOperationListener - closeConnection(connection=org.dbunit.database.DatabaseConnection[schema=, connection=com.mysql.jdbc.JDBC4Connection@1d95da8, super=_databaseConfig=org.dbunit.database.DatabaseConfig[, _propertyMap={http://www.dbunit.org/properties/statementFactory=org.dbunit.database.statement.PreparedStatementFactory@1f82982, http://www.dbunit.org/features/caseSensitiveTableNames=false, http://www.dbunit.org/properties/fetchSize=100, http://www.dbunit.org/features/batchedStatements=false, http://www.dbunit.org/properties/metadataHandler=org.dbunit.database.DefaultMetadataHandler@193f6e2, http://www.dbunit.org/properties/datatypeFactory=org.dbunit.dataset.datatype.DefaultDataTypeFactory[_toleratedDeltaMap=org.dbunit.dataset.datatype.ToleratedDeltaMap@e70e30], http://www.dbunit.org/properties/escapePattern=null, http://www.dbunit.org/properties/batchSize=100, http://www.dbunit.org/features/qualifiedTableNames=false, http://www.dbunit.org/properties/tableType=[Ljava.lang.String;@154864a, http://www.dbunit.org/properties/resultSetTableFactory=org.dbunit.database.CachedResultSetTableFactory@3c9217, http://www.dbunit.org/features/datatypeWarning=true}], _dataSet=AbstractDataSet[_orderedTableNameMap=null]]) - start
23:04:56.587 [main] DEBUG o.dbunit.database.DatabaseConnection - close() - start
]]></system-out>
  <system-err><![CDATA[]]></system-err>
</testsuite>
